[0.013s] Invoking command in '/home/sebas/ros_ws/build/launch_nav': CMAKE_PREFIX_PATH=/home/sebas/ros2_ws/install/my_robot_controller:/opt/ros/humble /usr/bin/cmake /home/sebas/ros_ws/src/Navigation/launch_nav -DCMAKE_INSTALL_PREFIX=/home/sebas/ros_ws/install/launch_nav
[0.129s] -- The C compiler identification is GNU 11.4.0
[0.210s] -- The CXX compiler identification is GNU 11.4.0
[0.220s] -- Detecting C compiler ABI info
[0.295s] -- Detecting C compiler ABI info - done
[0.303s] -- Check for working C compiler: /usr/bin/cc - skipped
[0.304s] -- Detecting C compile features
[0.304s] -- Detecting C compile features - done
[0.308s] -- Detecting CXX compiler ABI info
[0.395s] -- Detecting CXX compiler ABI info - done
[0.403s] -- Check for working CXX compiler: /usr/bin/c++ - skipped
[0.404s] -- Detecting CXX compile features
[0.404s] -- Detecting CXX compile features - done
[0.413s] -- Found ament_cmake: 1.3.10 (/opt/ros/humble/share/ament_cmake/cmake)
[0.581s] -- Found Python3: /usr/bin/python3 (found version "3.10.12") found components: Interpreter 
[0.685s] -- Found ament_lint_auto: 0.12.11 (/opt/ros/humble/share/ament_lint_auto/cmake)
[0.779s] -- Added test 'flake8' to check Python code syntax and style conventions
[0.779s] -- Added test 'lint_cmake' to check CMake code style
[0.780s] -- Added test 'pep257' to check Python code against some of the docstring style conventions in PEP 257
[0.782s] -- Added test 'xmllint' to check XML markup files
[0.783s] -- Configuring done
[0.786s] -- Generating done
[0.787s] -- Build files have been written to: /home/sebas/ros_ws/build/launch_nav
[0.792s] Invoked command in '/home/sebas/ros_ws/build/launch_nav' returned '0': CMAKE_PREFIX_PATH=/home/sebas/ros2_ws/install/my_robot_controller:/opt/ros/humble /usr/bin/cmake /home/sebas/ros_ws/src/Navigation/launch_nav -DCMAKE_INSTALL_PREFIX=/home/sebas/ros_ws/install/launch_nav
[0.793s] Invoking command in '/home/sebas/ros_ws/build/launch_nav': CMAKE_PREFIX_PATH=/home/sebas/ros2_ws/install/my_robot_controller:/opt/ros/humble /usr/bin/cmake --build /home/sebas/ros_ws/build/launch_nav -- -j4 -l4
[0.840s] Invoked command in '/home/sebas/ros_ws/build/launch_nav' returned '0': CMAKE_PREFIX_PATH=/home/sebas/ros2_ws/install/my_robot_controller:/opt/ros/humble /usr/bin/cmake --build /home/sebas/ros_ws/build/launch_nav -- -j4 -l4
[0.871s] Invoking command in '/home/sebas/ros_ws/build/launch_nav': CMAKE_PREFIX_PATH=/home/sebas/ros2_ws/install/my_robot_controller:/opt/ros/humble /usr/bin/cmake --install /home/sebas/ros_ws/build/launch_nav
[0.880s] -- Install configuration: ""
[0.880s] -- Installing: /home/sebas/ros_ws/install/launch_nav/share/launch_nav/launch
[0.880s] -- Installing: /home/sebas/ros_ws/install/launch_nav/share/launch_nav/launch/launch.launch.py
[0.881s] -- Installing: /home/sebas/ros_ws/install/launch_nav/share/ament_index/resource_index/package_run_dependencies/launch_nav
[0.881s] -- Installing: /home/sebas/ros_ws/install/launch_nav/share/ament_index/resource_index/parent_prefix_path/launch_nav
[0.881s] -- Installing: /home/sebas/ros_ws/install/launch_nav/share/launch_nav/environment/ament_prefix_path.sh
[0.881s] -- Installing: /home/sebas/ros_ws/install/launch_nav/share/launch_nav/environment/ament_prefix_path.dsv
[0.881s] -- Installing: /home/sebas/ros_ws/install/launch_nav/share/launch_nav/environment/path.sh
[0.882s] -- Installing: /home/sebas/ros_ws/install/launch_nav/share/launch_nav/environment/path.dsv
[0.882s] -- Installing: /home/sebas/ros_ws/install/launch_nav/share/launch_nav/local_setup.bash
[0.882s] -- Installing: /home/sebas/ros_ws/install/launch_nav/share/launch_nav/local_setup.sh
[0.882s] -- Installing: /home/sebas/ros_ws/install/launch_nav/share/launch_nav/local_setup.zsh
[0.882s] -- Installing: /home/sebas/ros_ws/install/launch_nav/share/launch_nav/local_setup.dsv
[0.882s] -- Installing: /home/sebas/ros_ws/install/launch_nav/share/launch_nav/package.dsv
[0.883s] -- Installing: /home/sebas/ros_ws/install/launch_nav/share/ament_index/resource_index/packages/launch_nav
[0.883s] -- Installing: /home/sebas/ros_ws/install/launch_nav/share/launch_nav/cmake/launch_navConfig.cmake
[0.883s] -- Installing: /home/sebas/ros_ws/install/launch_nav/share/launch_nav/cmake/launch_navConfig-version.cmake
[0.883s] -- Installing: /home/sebas/ros_ws/install/launch_nav/share/launch_nav/package.xml
[0.885s] Invoked command in '/home/sebas/ros_ws/build/launch_nav' returned '0': CMAKE_PREFIX_PATH=/home/sebas/ros2_ws/install/my_robot_controller:/opt/ros/humble /usr/bin/cmake --install /home/sebas/ros_ws/build/launch_nav
