[0.009s] Invoking command in '/home/sebas/ros_ws/build/launch_nav': AMENT_PREFIX_PATH=/home/sebas/ros_ws/install/gps_distance:${AMENT_PREFIX_PATH} CMAKE_PREFIX_PATH=/home/sebas/ros2_ws/install/my_robot_controller:/opt/ros/humble PYTHONPATH=/home/sebas/ros_ws/install/gps_distance/lib/python3.10/site-packages:${PYTHONPATH} /usr/bin/cmake --build /home/sebas/ros_ws/build/launch_nav -- -j4 -l4
[0.052s] Invoked command in '/home/sebas/ros_ws/build/launch_nav' returned '0': AMENT_PREFIX_PATH=/home/sebas/ros_ws/install/gps_distance:${AMENT_PREFIX_PATH} CMAKE_PREFIX_PATH=/home/sebas/ros2_ws/install/my_robot_controller:/opt/ros/humble PYTHONPATH=/home/sebas/ros_ws/install/gps_distance/lib/python3.10/site-packages:${PYTHONPATH} /usr/bin/cmake --build /home/sebas/ros_ws/build/launch_nav -- -j4 -l4
[0.076s] Invoking command in '/home/sebas/ros_ws/build/launch_nav': AMENT_PREFIX_PATH=/home/sebas/ros_ws/install/gps_distance:${AMENT_PREFIX_PATH} CMAKE_PREFIX_PATH=/home/sebas/ros2_ws/install/my_robot_controller:/opt/ros/humble PYTHONPATH=/home/sebas/ros_ws/install/gps_distance/lib/python3.10/site-packages:${PYTHONPATH} /usr/bin/cmake --install /home/sebas/ros_ws/build/launch_nav
[0.084s] -- Install configuration: ""
[0.084s] -- Up-to-date: /home/sebas/ros_ws/install/launch_nav/share/launch_nav/launch
[0.084s] -- Installing: /home/sebas/ros_ws/install/launch_nav/share/launch_nav/launch/launch.launch.py
[0.084s] -- Up-to-date: /home/sebas/ros_ws/install/launch_nav/share/ament_index/resource_index/package_run_dependencies/launch_nav
[0.084s] -- Up-to-date: /home/sebas/ros_ws/install/launch_nav/share/ament_index/resource_index/parent_prefix_path/launch_nav
[0.085s] -- Up-to-date: /home/sebas/ros_ws/install/launch_nav/share/launch_nav/environment/ament_prefix_path.sh
[0.085s] -- Up-to-date: /home/sebas/ros_ws/install/launch_nav/share/launch_nav/environment/ament_prefix_path.dsv
[0.085s] -- Up-to-date: /home/sebas/ros_ws/install/launch_nav/share/launch_nav/environment/path.sh
[0.085s] -- Up-to-date: /home/sebas/ros_ws/install/launch_nav/share/launch_nav/environment/path.dsv
[0.085s] -- Up-to-date: /home/sebas/ros_ws/install/launch_nav/share/launch_nav/local_setup.bash
[0.085s] -- Up-to-date: /home/sebas/ros_ws/install/launch_nav/share/launch_nav/local_setup.sh
[0.085s] -- Up-to-date: /home/sebas/ros_ws/install/launch_nav/share/launch_nav/local_setup.zsh
[0.085s] -- Up-to-date: /home/sebas/ros_ws/install/launch_nav/share/launch_nav/local_setup.dsv
[0.086s] -- Installing: /home/sebas/ros_ws/install/launch_nav/share/launch_nav/package.dsv
[0.086s] -- Up-to-date: /home/sebas/ros_ws/install/launch_nav/share/ament_index/resource_index/packages/launch_nav
[0.086s] -- Up-to-date: /home/sebas/ros_ws/install/launch_nav/share/launch_nav/cmake/launch_navConfig.cmake
[0.086s] -- Up-to-date: /home/sebas/ros_ws/install/launch_nav/share/launch_nav/cmake/launch_navConfig-version.cmake
[0.086s] -- Up-to-date: /home/sebas/ros_ws/install/launch_nav/share/launch_nav/package.xml
[0.088s] Invoked command in '/home/sebas/ros_ws/build/launch_nav' returned '0': AMENT_PREFIX_PATH=/home/sebas/ros_ws/install/gps_distance:${AMENT_PREFIX_PATH} CMAKE_PREFIX_PATH=/home/sebas/ros2_ws/install/my_robot_controller:/opt/ros/humble PYTHONPATH=/home/sebas/ros_ws/install/gps_distance/lib/python3.10/site-packages:${PYTHONPATH} /usr/bin/cmake --install /home/sebas/ros_ws/build/launch_nav
