[0.973s] Invoking command in '/home/sebas/ros_ws/src/Navigation/gps_distance': PYTHONPATH=/home/sebas/ros_ws/build/gps_distance/prefix_override:/usr/lib/python3/dist-packages/colcon_core/task/python/colcon_distutils_commands:/home/sebas/ros_ws/install/gps_distance/lib/python3.10/site-packages:${PYTHONPATH} /usr/bin/python3 -W ignore:setup.py install is deprecated setup.py egg_info --egg-base ../../../build/gps_distance build --build-base /home/sebas/ros_ws/build/gps_distance/build install --record /home/sebas/ros_ws/build/gps_distance/install.log --single-version-externally-managed install_data
[1.205s] running egg_info
[1.206s] writing ../../../build/gps_distance/gps_distance.egg-info/PKG-INFO
[1.206s] writing dependency_links to ../../../build/gps_distance/gps_distance.egg-info/dependency_links.txt
[1.206s] writing entry points to ../../../build/gps_distance/gps_distance.egg-info/entry_points.txt
[1.206s] writing requirements to ../../../build/gps_distance/gps_distance.egg-info/requires.txt
[1.207s] writing top-level names to ../../../build/gps_distance/gps_distance.egg-info/top_level.txt
[1.209s] reading manifest file '../../../build/gps_distance/gps_distance.egg-info/SOURCES.txt'
[1.210s] writing manifest file '../../../build/gps_distance/gps_distance.egg-info/SOURCES.txt'
[1.210s] running build
[1.210s] running build_py
[1.210s] running install
[1.211s] running install_lib
[1.212s] running install_data
[1.212s] running install_egg_info
[1.215s] removing '/home/sebas/ros_ws/install/gps_distance/lib/python3.10/site-packages/gps_distance-0.0.0-py3.10.egg-info' (and everything under it)
[1.215s] Copying ../../../build/gps_distance/gps_distance.egg-info to /home/sebas/ros_ws/install/gps_distance/lib/python3.10/site-packages/gps_distance-0.0.0-py3.10.egg-info
[1.216s] running install_scripts
[1.238s] Installing gps_distance script to /home/sebas/ros_ws/install/gps_distance/lib/gps_distance
[1.238s] writing list of installed files to '/home/sebas/ros_ws/build/gps_distance/install.log'
[1.269s] Invoked command in '/home/sebas/ros_ws/src/Navigation/gps_distance' returned '0': PYTHONPATH=/home/sebas/ros_ws/build/gps_distance/prefix_override:/usr/lib/python3/dist-packages/colcon_core/task/python/colcon_distutils_commands:/home/sebas/ros_ws/install/gps_distance/lib/python3.10/site-packages:${PYTHONPATH} /usr/bin/python3 -W ignore:setup.py install is deprecated setup.py egg_info --egg-base ../../../build/gps_distance build --build-base /home/sebas/ros_ws/build/gps_distance/build install --record /home/sebas/ros_ws/build/gps_distance/install.log --single-version-externally-managed install_data
