-- Found ament_cmake: 1.3.10 (/opt/ros/humble/share/ament_cmake/cmake)
-- Found rosidl_default_generators: 1.2.0 (/opt/ros/humble/share/rosidl_default_generators/cmake)
-- Using all available rosidl_typesupport_c: rosidl_typesupport_fastrtps_c;rosidl_typesupport_introspection_c
-- Found rosidl_adapter: 3.1.5 (/opt/ros/humble/share/rosidl_adapter/cmake)
-- Using all available rosidl_typesupport_cpp: rosidl_typesupport_fastrtps_cpp;rosidl_typesupport_introspection_cpp
-- Found ament_cmake_ros: 0.10.0 (/opt/ros/humble/share/ament_cmake_ros/cmake)
-- Using all available rosidl_typesupport_c: rosidl_typesupport_fastrtps_c;rosidl_typesupport_introspection_c
-- Using all available rosidl_typesupport_cpp: rosidl_typesupport_fastrtps_cpp;rosidl_typesupport_introspection_cpp
-- Found python_cmake_module: 0.10.0 (/opt/ros/humble/share/python_cmake_module/cmake)
-- Using PYTHON_EXECUTABLE: /usr/bin/python3
-- Using PYTHON_INCLUDE_DIRS: /usr/include/python3.10
-- Using PYTHON_LIBRARIES: /usr/lib/x86_64-linux-gnu/libpython3.10.so
-- Configuring done
-- Generating done
-- Build files have been written to: /home/sebas/ros_ws/build/interfaces
[  2%] [34m[1mGenerating C code for ROS interfaces[0m
[  5%] [34m[1mGenerating C++ code for ROS interfaces[0m
[  5%] Built target ament_cmake_python_copy_interfaces
[  5%] Built target interfaces__cpp
[ 10%] [34m[1mGenerating C++ type support for eProsima Fast-RTPS[0m
[ 10%] [34m[1mGenerating C++ type support dispatch for ROS interfaces[0m
running egg_info
writing interfaces.egg-info/PKG-INFO
writing dependency_links to interfaces.egg-info/dependency_links.txt
writing top-level names to interfaces.egg-info/top_level.txt
reading manifest file 'interfaces.egg-info/SOURCES.txt'
writing manifest file 'interfaces.egg-info/SOURCES.txt'
[ 10%] Built target ament_cmake_python_build_interfaces_egg
[ 12%] [34m[1mGenerating C++ introspection for ROS interfaces[0m
[35m[1mConsolidate compiler generated dependencies of target interfaces__rosidl_generator_c[0m
[ 15%] [32mBuilding C object CMakeFiles/interfaces__rosidl_generator_c.dir/rosidl_generator_c/interfaces/msg/detail/example__functions.c.o[0m
[ 17%] [32mBuilding C object CMakeFiles/interfaces__rosidl_generator_c.dir/rosidl_generator_c/interfaces/msg/detail/completed__functions.c.o[0m
[ 20%] [32m[1mLinking C shared library libinterfaces__rosidl_generator_c.so[0m
[35m[1mConsolidate compiler generated dependencies of target interfaces__rosidl_typesupport_cpp[0m
[ 20%] Built target interfaces__rosidl_generator_c
[ 23%] [32mBuilding CXX object CMakeFiles/interfaces__rosidl_typesupport_cpp.dir/rosidl_typesupport_cpp/interfaces/msg/example__type_support.cpp.o[0m
[ 25%] [34m[1mGenerating C type support for eProsima Fast-RTPS[0m
[35m[1mConsolidate compiler generated dependencies of target interfaces__rosidl_typesupport_fastrtps_cpp[0m
[ 28%] [32mBuilding CXX object CMakeFiles/interfaces__rosidl_typesupport_fastrtps_cpp.dir/rosidl_typesupport_fastrtps_cpp/interfaces/msg/detail/dds_fastrtps/example__type_support.cpp.o[0m
[35m[1mConsolidate compiler generated dependencies of target interfaces__rosidl_typesupport_introspection_cpp[0m
[ 30%] [32mBuilding CXX object CMakeFiles/interfaces__rosidl_typesupport_introspection_cpp.dir/rosidl_typesupport_introspection_cpp/interfaces/msg/detail/example__type_support.cpp.o[0m
[ 33%] [32mBuilding CXX object CMakeFiles/interfaces__rosidl_typesupport_cpp.dir/rosidl_typesupport_cpp/interfaces/msg/completed__type_support.cpp.o[0m
[35m[1mConsolidate compiler generated dependencies of target interfaces__rosidl_typesupport_fastrtps_c[0m
[ 35%] [32mBuilding CXX object CMakeFiles/interfaces__rosidl_typesupport_fastrtps_c.dir/rosidl_typesupport_fastrtps_c/interfaces/msg/detail/example__type_support_c.cpp.o[0m
[ 38%] [32mBuilding CXX object CMakeFiles/interfaces__rosidl_typesupport_fastrtps_cpp.dir/rosidl_typesupport_fastrtps_cpp/interfaces/msg/detail/dds_fastrtps/completed__type_support.cpp.o[0m
[ 41%] [32mBuilding CXX object CMakeFiles/interfaces__rosidl_typesupport_introspection_cpp.dir/rosidl_typesupport_introspection_cpp/interfaces/msg/detail/completed__type_support.cpp.o[0m
[ 43%] [32m[1mLinking CXX shared library libinterfaces__rosidl_typesupport_cpp.so[0m
[ 43%] Built target interfaces__rosidl_typesupport_cpp
[ 46%] [34m[1mGenerating C introspection for ROS interfaces[0m
[ 48%] [32mBuilding CXX object CMakeFiles/interfaces__rosidl_typesupport_fastrtps_c.dir/rosidl_typesupport_fastrtps_c/interfaces/msg/detail/completed__type_support_c.cpp.o[0m
[ 51%] [32m[1mLinking CXX shared library libinterfaces__rosidl_typesupport_fastrtps_cpp.so[0m
[ 53%] [32m[1mLinking CXX shared library libinterfaces__rosidl_typesupport_introspection_cpp.so[0m
[35m[1mConsolidate compiler generated dependencies of target interfaces__rosidl_typesupport_introspection_c[0m
[ 56%] [32mBuilding C object CMakeFiles/interfaces__rosidl_typesupport_introspection_c.dir/rosidl_typesupport_introspection_c/interfaces/msg/detail/example__type_support.c.o[0m
[ 56%] Built target interfaces__rosidl_typesupport_introspection_cpp
[ 58%] [32mBuilding C object CMakeFiles/interfaces__rosidl_typesupport_introspection_c.dir/rosidl_typesupport_introspection_c/interfaces/msg/detail/completed__type_support.c.o[0m
[ 61%] [34m[1mGenerating C type support dispatch for ROS interfaces[0m
[ 61%] Built target interfaces__rosidl_typesupport_fastrtps_cpp
[ 64%] [32m[1mLinking C shared library libinterfaces__rosidl_typesupport_introspection_c.so[0m
[ 66%] [32m[1mLinking CXX shared library libinterfaces__rosidl_typesupport_fastrtps_c.so[0m
[ 66%] Built target interfaces__rosidl_typesupport_introspection_c
[ 66%] Built target interfaces__rosidl_typesupport_fastrtps_c
[35m[1mConsolidate compiler generated dependencies of target interfaces__rosidl_typesupport_c[0m
[ 69%] [32mBuilding CXX object CMakeFiles/interfaces__rosidl_typesupport_c.dir/rosidl_typesupport_c/interfaces/msg/example__type_support.cpp.o[0m
[ 71%] [32mBuilding CXX object CMakeFiles/interfaces__rosidl_typesupport_c.dir/rosidl_typesupport_c/interfaces/msg/completed__type_support.cpp.o[0m
[ 74%] [32m[1mLinking CXX shared library libinterfaces__rosidl_typesupport_c.so[0m
[ 74%] Built target interfaces__rosidl_typesupport_c
[ 74%] Built target interfaces
[ 76%] [34m[1mGenerating Python code for ROS interfaces[0m
[ 76%] Built target interfaces__py
[35m[1mConsolidate compiler generated dependencies of target interfaces__rosidl_generator_py[0m
[ 82%] [32mBuilding C object CMakeFiles/interfaces__rosidl_generator_py.dir/rosidl_generator_py/interfaces/msg/_completed_s.c.o[0m
[ 82%] [32mBuilding C object CMakeFiles/interfaces__rosidl_generator_py.dir/rosidl_generator_py/interfaces/msg/_example_s.c.o[0m
[ 84%] [32m[1mLinking C shared library rosidl_generator_py/interfaces/libinterfaces__rosidl_generator_py.so[0m
[ 84%] Built target interfaces__rosidl_generator_py
[35m[1mConsolidate compiler generated dependencies of target interfaces__rosidl_typesupport_introspection_c__pyext[0m
[35m[1mConsolidate compiler generated dependencies of target interfaces__rosidl_typesupport_fastrtps_c__pyext[0m
[35m[1mConsolidate compiler generated dependencies of target interfaces__rosidl_typesupport_c__pyext[0m
[ 87%] [32mBuilding C object CMakeFiles/interfaces__rosidl_typesupport_introspection_c__pyext.dir/rosidl_generator_py/interfaces/_interfaces_s.ep.rosidl_typesupport_introspection_c.c.o[0m
[ 92%] [32mBuilding C object CMakeFiles/interfaces__rosidl_typesupport_fastrtps_c__pyext.dir/rosidl_generator_py/interfaces/_interfaces_s.ep.rosidl_typesupport_fastrtps_c.c.o[0m
[ 92%] [32mBuilding C object CMakeFiles/interfaces__rosidl_typesupport_c__pyext.dir/rosidl_generator_py/interfaces/_interfaces_s.ep.rosidl_typesupport_c.c.o[0m
[ 94%] [32m[1mLinking C shared library rosidl_generator_py/interfaces/interfaces_s__rosidl_typesupport_introspection_c.cpython-310-x86_64-linux-gnu.so[0m
[ 94%] Built target interfaces__rosidl_typesupport_introspection_c__pyext
[100%] [32m[1mLinking C shared library rosidl_generator_py/interfaces/interfaces_s__rosidl_typesupport_c.cpython-310-x86_64-linux-gnu.so[0m
[100%] [32m[1mLinking C shared library rosidl_generator_py/interfaces/interfaces_s__rosidl_typesupport_fastrtps_c.cpython-310-x86_64-linux-gnu.so[0m
[100%] Built target interfaces__rosidl_typesupport_fastrtps_c__pyext
[100%] Built target interfaces__rosidl_typesupport_c__pyext
-- Install configuration: ""
-- Installing: /home/sebas/ros_ws/install/interfaces/share/ament_index/resource_index/rosidl_interfaces/interfaces
-- Up-to-date: /home/sebas/ros_ws/install/interfaces/include/interfaces/interfaces
-- Up-to-date: /home/sebas/ros_ws/install/interfaces/include/interfaces/interfaces/msg
-- Installing: /home/sebas/ros_ws/install/interfaces/include/interfaces/interfaces/msg/completed.h
-- Up-to-date: /home/sebas/ros_ws/install/interfaces/include/interfaces/interfaces/msg/detail
-- Installing: /home/sebas/ros_ws/install/interfaces/include/interfaces/interfaces/msg/detail/example__type_support.h
-- Installing: /home/sebas/ros_ws/install/interfaces/include/interfaces/interfaces/msg/detail/completed__struct.h
-- Installing: /home/sebas/ros_ws/install/interfaces/include/interfaces/interfaces/msg/detail/completed__functions.c
-- Installing: /home/sebas/ros_ws/install/interfaces/include/interfaces/interfaces/msg/detail/example__struct.h
-- Installing: /home/sebas/ros_ws/install/interfaces/include/interfaces/interfaces/msg/detail/completed__type_support.h
-- Installing: /home/sebas/ros_ws/install/interfaces/include/interfaces/interfaces/msg/detail/example__functions.c
-- Installing: /home/sebas/ros_ws/install/interfaces/include/interfaces/interfaces/msg/detail/example__functions.h
-- Installing: /home/sebas/ros_ws/install/interfaces/include/interfaces/interfaces/msg/detail/completed__functions.h
-- Up-to-date: /home/sebas/ros_ws/install/interfaces/include/interfaces/interfaces/msg/rosidl_generator_c__visibility_control.h
-- Installing: /home/sebas/ros_ws/install/interfaces/include/interfaces/interfaces/msg/example.h
-- Up-to-date: /home/sebas/ros_ws/install/interfaces/share/interfaces/environment/library_path.sh
-- Installing: /home/sebas/ros_ws/install/interfaces/share/interfaces/environment/library_path.dsv
-- Installing: /home/sebas/ros_ws/install/interfaces/lib/libinterfaces__rosidl_generator_c.so
-- Set runtime path of "/home/sebas/ros_ws/install/interfaces/lib/libinterfaces__rosidl_generator_c.so" to ""
-- Up-to-date: /home/sebas/ros_ws/install/interfaces/include/interfaces/interfaces
-- Up-to-date: /home/sebas/ros_ws/install/interfaces/include/interfaces/interfaces/msg
-- Up-to-date: /home/sebas/ros_ws/install/interfaces/include/interfaces/interfaces/msg/rosidl_typesupport_fastrtps_c__visibility_control.h
-- Up-to-date: /home/sebas/ros_ws/install/interfaces/include/interfaces/interfaces/msg/detail
-- Installing: /home/sebas/ros_ws/install/interfaces/include/interfaces/interfaces/msg/detail/example__rosidl_typesupport_fastrtps_c.h
-- Installing: /home/sebas/ros_ws/install/interfaces/include/interfaces/interfaces/msg/detail/completed__rosidl_typesupport_fastrtps_c.h
-- Installing: /home/sebas/ros_ws/install/interfaces/lib/libinterfaces__rosidl_typesupport_fastrtps_c.so
-- Set runtime path of "/home/sebas/ros_ws/install/interfaces/lib/libinterfaces__rosidl_typesupport_fastrtps_c.so" to ""
-- Up-to-date: /home/sebas/ros_ws/install/interfaces/include/interfaces/interfaces
-- Up-to-date: /home/sebas/ros_ws/install/interfaces/include/interfaces/interfaces/msg
-- Up-to-date: /home/sebas/ros_ws/install/interfaces/include/interfaces/interfaces/msg/detail
-- Installing: /home/sebas/ros_ws/install/interfaces/include/interfaces/interfaces/msg/detail/completed__rosidl_typesupport_introspection_c.h
-- Installing: /home/sebas/ros_ws/install/interfaces/include/interfaces/interfaces/msg/detail/completed__type_support.c
-- Installing: /home/sebas/ros_ws/install/interfaces/include/interfaces/interfaces/msg/detail/example__type_support.c
-- Installing: /home/sebas/ros_ws/install/interfaces/include/interfaces/interfaces/msg/detail/example__rosidl_typesupport_introspection_c.h
-- Up-to-date: /home/sebas/ros_ws/install/interfaces/include/interfaces/interfaces/msg/rosidl_typesupport_introspection_c__visibility_control.h
-- Installing: /home/sebas/ros_ws/install/interfaces/lib/libinterfaces__rosidl_typesupport_introspection_c.so
-- Set runtime path of "/home/sebas/ros_ws/install/interfaces/lib/libinterfaces__rosidl_typesupport_introspection_c.so" to ""
-- Installing: /home/sebas/ros_ws/install/interfaces/lib/libinterfaces__rosidl_typesupport_c.so
-- Set runtime path of "/home/sebas/ros_ws/install/interfaces/lib/libinterfaces__rosidl_typesupport_c.so" to ""
-- Up-to-date: /home/sebas/ros_ws/install/interfaces/include/interfaces/interfaces
-- Up-to-date: /home/sebas/ros_ws/install/interfaces/include/interfaces/interfaces/msg
-- Installing: /home/sebas/ros_ws/install/interfaces/include/interfaces/interfaces/msg/example.hpp
-- Up-to-date: /home/sebas/ros_ws/install/interfaces/include/interfaces/interfaces/msg/detail
-- Installing: /home/sebas/ros_ws/install/interfaces/include/interfaces/interfaces/msg/detail/completed__builder.hpp
-- Installing: /home/sebas/ros_ws/install/interfaces/include/interfaces/interfaces/msg/detail/example__traits.hpp
-- Installing: /home/sebas/ros_ws/install/interfaces/include/interfaces/interfaces/msg/detail/completed__struct.hpp
-- Installing: /home/sebas/ros_ws/install/interfaces/include/interfaces/interfaces/msg/detail/example__builder.hpp
-- Installing: /home/sebas/ros_ws/install/interfaces/include/interfaces/interfaces/msg/detail/example__struct.hpp
-- Installing: /home/sebas/ros_ws/install/interfaces/include/interfaces/interfaces/msg/detail/completed__traits.hpp
-- Installing: /home/sebas/ros_ws/install/interfaces/include/interfaces/interfaces/msg/completed.hpp
-- Up-to-date: /home/sebas/ros_ws/install/interfaces/include/interfaces/interfaces
-- Up-to-date: /home/sebas/ros_ws/install/interfaces/include/interfaces/interfaces/msg
-- Up-to-date: /home/sebas/ros_ws/install/interfaces/include/interfaces/interfaces/msg/rosidl_typesupport_fastrtps_cpp__visibility_control.h
-- Up-to-date: /home/sebas/ros_ws/install/interfaces/include/interfaces/interfaces/msg/detail
-- Installing: /home/sebas/ros_ws/install/interfaces/include/interfaces/interfaces/msg/detail/completed__rosidl_typesupport_fastrtps_cpp.hpp
-- Up-to-date: /home/sebas/ros_ws/install/interfaces/include/interfaces/interfaces/msg/detail/dds_fastrtps
-- Installing: /home/sebas/ros_ws/install/interfaces/include/interfaces/interfaces/msg/detail/example__rosidl_typesupport_fastrtps_cpp.hpp
-- Installing: /home/sebas/ros_ws/install/interfaces/lib/libinterfaces__rosidl_typesupport_fastrtps_cpp.so
-- Set runtime path of "/home/sebas/ros_ws/install/interfaces/lib/libinterfaces__rosidl_typesupport_fastrtps_cpp.so" to ""
-- Up-to-date: /home/sebas/ros_ws/install/interfaces/include/interfaces/interfaces
-- Up-to-date: /home/sebas/ros_ws/install/interfaces/include/interfaces/interfaces/msg
-- Up-to-date: /home/sebas/ros_ws/install/interfaces/include/interfaces/interfaces/msg/detail
-- Installing: /home/sebas/ros_ws/install/interfaces/include/interfaces/interfaces/msg/detail/completed__rosidl_typesupport_introspection_cpp.hpp
-- Installing: /home/sebas/ros_ws/install/interfaces/include/interfaces/interfaces/msg/detail/example__type_support.cpp
-- Installing: /home/sebas/ros_ws/install/interfaces/include/interfaces/interfaces/msg/detail/completed__type_support.cpp
-- Installing: /home/sebas/ros_ws/install/interfaces/include/interfaces/interfaces/msg/detail/example__rosidl_typesupport_introspection_cpp.hpp
-- Installing: /home/sebas/ros_ws/install/interfaces/lib/libinterfaces__rosidl_typesupport_introspection_cpp.so
-- Set runtime path of "/home/sebas/ros_ws/install/interfaces/lib/libinterfaces__rosidl_typesupport_introspection_cpp.so" to ""
-- Installing: /home/sebas/ros_ws/install/interfaces/lib/libinterfaces__rosidl_typesupport_cpp.so
-- Set runtime path of "/home/sebas/ros_ws/install/interfaces/lib/libinterfaces__rosidl_typesupport_cpp.so" to ""
-- Up-to-date: /home/sebas/ros_ws/install/interfaces/share/interfaces/environment/pythonpath.sh
-- Installing: /home/sebas/ros_ws/install/interfaces/share/interfaces/environment/pythonpath.dsv
-- Up-to-date: /home/sebas/ros_ws/install/interfaces/local/lib/python3.10/dist-packages/interfaces-0.0.0-py3.10.egg-info
-- Installing: /home/sebas/ros_ws/install/interfaces/local/lib/python3.10/dist-packages/interfaces-0.0.0-py3.10.egg-info/dependency_links.txt
-- Installing: /home/sebas/ros_ws/install/interfaces/local/lib/python3.10/dist-packages/interfaces-0.0.0-py3.10.egg-info/PKG-INFO
-- Installing: /home/sebas/ros_ws/install/interfaces/local/lib/python3.10/dist-packages/interfaces-0.0.0-py3.10.egg-info/top_level.txt
-- Installing: /home/sebas/ros_ws/install/interfaces/local/lib/python3.10/dist-packages/interfaces-0.0.0-py3.10.egg-info/SOURCES.txt
-- Up-to-date: /home/sebas/ros_ws/install/interfaces/local/lib/python3.10/dist-packages/interfaces
-- Installing: /home/sebas/ros_ws/install/interfaces/local/lib/python3.10/dist-packages/interfaces/_interfaces_s.ep.rosidl_typesupport_fastrtps_c.c
-- Installing: /home/sebas/ros_ws/install/interfaces/local/lib/python3.10/dist-packages/interfaces/interfaces_s__rosidl_typesupport_fastrtps_c.cpython-310-x86_64-linux-gnu.so
-- Installing: /home/sebas/ros_ws/install/interfaces/local/lib/python3.10/dist-packages/interfaces/_interfaces_s.ep.rosidl_typesupport_c.c
-- Installing: /home/sebas/ros_ws/install/interfaces/local/lib/python3.10/dist-packages/interfaces/_interfaces_s.ep.rosidl_typesupport_introspection_c.c
-- Installing: /home/sebas/ros_ws/install/interfaces/local/lib/python3.10/dist-packages/interfaces/libinterfaces__rosidl_generator_py.so
-- Installing: /home/sebas/ros_ws/install/interfaces/local/lib/python3.10/dist-packages/interfaces/__init__.py
-- Installing: /home/sebas/ros_ws/install/interfaces/local/lib/python3.10/dist-packages/interfaces/interfaces_s__rosidl_typesupport_c.cpython-310-x86_64-linux-gnu.so
-- Up-to-date: /home/sebas/ros_ws/install/interfaces/local/lib/python3.10/dist-packages/interfaces/msg
-- Installing: /home/sebas/ros_ws/install/interfaces/local/lib/python3.10/dist-packages/interfaces/msg/_example_s.c
-- Installing: /home/sebas/ros_ws/install/interfaces/local/lib/python3.10/dist-packages/interfaces/msg/__init__.py
-- Installing: /home/sebas/ros_ws/install/interfaces/local/lib/python3.10/dist-packages/interfaces/msg/_completed.py
-- Installing: /home/sebas/ros_ws/install/interfaces/local/lib/python3.10/dist-packages/interfaces/msg/_example.py
-- Installing: /home/sebas/ros_ws/install/interfaces/local/lib/python3.10/dist-packages/interfaces/msg/_completed_s.c
-- Installing: /home/sebas/ros_ws/install/interfaces/local/lib/python3.10/dist-packages/interfaces/interfaces_s__rosidl_typesupport_introspection_c.cpython-310-x86_64-linux-gnu.so
Listing '/home/sebas/ros_ws/install/interfaces/local/lib/python3.10/dist-packages/interfaces'...
Compiling '/home/sebas/ros_ws/install/interfaces/local/lib/python3.10/dist-packages/interfaces/__init__.py'...
Listing '/home/sebas/ros_ws/install/interfaces/local/lib/python3.10/dist-packages/interfaces/msg'...
Compiling '/home/sebas/ros_ws/install/interfaces/local/lib/python3.10/dist-packages/interfaces/msg/__init__.py'...
Compiling '/home/sebas/ros_ws/install/interfaces/local/lib/python3.10/dist-packages/interfaces/msg/_completed.py'...
Compiling '/home/sebas/ros_ws/install/interfaces/local/lib/python3.10/dist-packages/interfaces/msg/_example.py'...
-- Installing: /home/sebas/ros_ws/install/interfaces/local/lib/python3.10/dist-packages/interfaces/interfaces_s__rosidl_typesupport_fastrtps_c.cpython-310-x86_64-linux-gnu.so
-- Set runtime path of "/home/sebas/ros_ws/install/interfaces/local/lib/python3.10/dist-packages/interfaces/interfaces_s__rosidl_typesupport_fastrtps_c.cpython-310-x86_64-linux-gnu.so" to ""
-- Installing: /home/sebas/ros_ws/install/interfaces/local/lib/python3.10/dist-packages/interfaces/interfaces_s__rosidl_typesupport_introspection_c.cpython-310-x86_64-linux-gnu.so
-- Set runtime path of "/home/sebas/ros_ws/install/interfaces/local/lib/python3.10/dist-packages/interfaces/interfaces_s__rosidl_typesupport_introspection_c.cpython-310-x86_64-linux-gnu.so" to ""
-- Installing: /home/sebas/ros_ws/install/interfaces/local/lib/python3.10/dist-packages/interfaces/interfaces_s__rosidl_typesupport_c.cpython-310-x86_64-linux-gnu.so
-- Set runtime path of "/home/sebas/ros_ws/install/interfaces/local/lib/python3.10/dist-packages/interfaces/interfaces_s__rosidl_typesupport_c.cpython-310-x86_64-linux-gnu.so" to ""
-- Installing: /home/sebas/ros_ws/install/interfaces/lib/libinterfaces__rosidl_generator_py.so
-- Set runtime path of "/home/sebas/ros_ws/install/interfaces/lib/libinterfaces__rosidl_generator_py.so" to ""
-- Up-to-date: /home/sebas/ros_ws/install/interfaces/share/interfaces/msg/Example.idl
-- Installing: /home/sebas/ros_ws/install/interfaces/share/interfaces/msg/Completed.idl
-- Up-to-date: /home/sebas/ros_ws/install/interfaces/share/interfaces/msg/Example.msg
-- Installing: /home/sebas/ros_ws/install/interfaces/share/interfaces/msg/Completed.msg
-- Up-to-date: /home/sebas/ros_ws/install/interfaces/share/ament_index/resource_index/package_run_dependencies/interfaces
-- Installing: /home/sebas/ros_ws/install/interfaces/share/ament_index/resource_index/parent_prefix_path/interfaces
-- Up-to-date: /home/sebas/ros_ws/install/interfaces/share/interfaces/environment/ament_prefix_path.sh
-- Installing: /home/sebas/ros_ws/install/interfaces/share/interfaces/environment/ament_prefix_path.dsv
-- Up-to-date: /home/sebas/ros_ws/install/interfaces/share/interfaces/environment/path.sh
-- Installing: /home/sebas/ros_ws/install/interfaces/share/interfaces/environment/path.dsv
-- Up-to-date: /home/sebas/ros_ws/install/interfaces/share/interfaces/local_setup.bash
-- Up-to-date: /home/sebas/ros_ws/install/interfaces/share/interfaces/local_setup.sh
-- Up-to-date: /home/sebas/ros_ws/install/interfaces/share/interfaces/local_setup.zsh
-- Installing: /home/sebas/ros_ws/install/interfaces/share/interfaces/local_setup.dsv
-- Installing: /home/sebas/ros_ws/install/interfaces/share/interfaces/package.dsv
-- Up-to-date: /home/sebas/ros_ws/install/interfaces/share/ament_index/resource_index/packages/interfaces
-- Up-to-date: /home/sebas/ros_ws/install/interfaces/share/interfaces/cmake/export_interfaces__rosidl_generator_cExport.cmake
-- Up-to-date: /home/sebas/ros_ws/install/interfaces/share/interfaces/cmake/export_interfaces__rosidl_generator_cExport-noconfig.cmake
-- Up-to-date: /home/sebas/ros_ws/install/interfaces/share/interfaces/cmake/export_interfaces__rosidl_typesupport_fastrtps_cExport.cmake
-- Up-to-date: /home/sebas/ros_ws/install/interfaces/share/interfaces/cmake/export_interfaces__rosidl_typesupport_fastrtps_cExport-noconfig.cmake
-- Up-to-date: /home/sebas/ros_ws/install/interfaces/share/interfaces/cmake/interfaces__rosidl_typesupport_introspection_cExport.cmake
-- Up-to-date: /home/sebas/ros_ws/install/interfaces/share/interfaces/cmake/interfaces__rosidl_typesupport_introspection_cExport-noconfig.cmake
-- Up-to-date: /home/sebas/ros_ws/install/interfaces/share/interfaces/cmake/interfaces__rosidl_typesupport_cExport.cmake
-- Up-to-date: /home/sebas/ros_ws/install/interfaces/share/interfaces/cmake/interfaces__rosidl_typesupport_cExport-noconfig.cmake
-- Up-to-date: /home/sebas/ros_ws/install/interfaces/share/interfaces/cmake/export_interfaces__rosidl_generator_cppExport.cmake
-- Up-to-date: /home/sebas/ros_ws/install/interfaces/share/interfaces/cmake/export_interfaces__rosidl_typesupport_fastrtps_cppExport.cmake
-- Up-to-date: /home/sebas/ros_ws/install/interfaces/share/interfaces/cmake/export_interfaces__rosidl_typesupport_fastrtps_cppExport-noconfig.cmake
-- Up-to-date: /home/sebas/ros_ws/install/interfaces/share/interfaces/cmake/interfaces__rosidl_typesupport_introspection_cppExport.cmake
-- Up-to-date: /home/sebas/ros_ws/install/interfaces/share/interfaces/cmake/interfaces__rosidl_typesupport_introspection_cppExport-noconfig.cmake
-- Up-to-date: /home/sebas/ros_ws/install/interfaces/share/interfaces/cmake/interfaces__rosidl_typesupport_cppExport.cmake
-- Up-to-date: /home/sebas/ros_ws/install/interfaces/share/interfaces/cmake/interfaces__rosidl_typesupport_cppExport-noconfig.cmake
-- Up-to-date: /home/sebas/ros_ws/install/interfaces/share/interfaces/cmake/export_interfaces__rosidl_generator_pyExport.cmake
-- Up-to-date: /home/sebas/ros_ws/install/interfaces/share/interfaces/cmake/export_interfaces__rosidl_generator_pyExport-noconfig.cmake
-- Installing: /home/sebas/ros_ws/install/interfaces/share/interfaces/cmake/rosidl_cmake-extras.cmake
-- Up-to-date: /home/sebas/ros_ws/install/interfaces/share/interfaces/cmake/ament_cmake_export_include_directories-extras.cmake
-- Up-to-date: /home/sebas/ros_ws/install/interfaces/share/interfaces/cmake/ament_cmake_export_libraries-extras.cmake
-- Up-to-date: /home/sebas/ros_ws/install/interfaces/share/interfaces/cmake/ament_cmake_export_targets-extras.cmake
-- Up-to-date: /home/sebas/ros_ws/install/interfaces/share/interfaces/cmake/rosidl_cmake_export_typesupport_targets-extras.cmake
-- Up-to-date: /home/sebas/ros_ws/install/interfaces/share/interfaces/cmake/ament_cmake_export_dependencies-extras.cmake
-- Up-to-date: /home/sebas/ros_ws/install/interfaces/share/interfaces/cmake/rosidl_cmake_export_typesupport_libraries-extras.cmake
-- Up-to-date: /home/sebas/ros_ws/install/interfaces/share/interfaces/cmake/interfacesConfig.cmake
-- Up-to-date: /home/sebas/ros_ws/install/interfaces/share/interfaces/cmake/interfacesConfig-version.cmake
-- Up-to-date: /home/sebas/ros_ws/install/interfaces/share/interfaces/package.xml
