[0.016s] Invoking command in '/home/sebas/ros_ws/build/interfaces': CMAKE_PREFIX_PATH=${CMAKE_PREFIX_PATH}:/home/sebas/ros_ws/install/test_gps:/home/sebas/ros_ws/install/gps_distance:/home/sebas/ros2_ws/install/my_robot_controller:/opt/ros/humble /usr/bin/cmake --build /home/sebas/ros_ws/build/interfaces -- -j4 -l4
[0.044s] -- Found ament_cmake: 1.3.10 (/opt/ros/humble/share/ament_cmake/cmake)
[0.180s] -- Found rosidl_default_generators: 1.2.0 (/opt/ros/humble/share/rosidl_default_generators/cmake)
[0.182s] -- Using all available rosidl_typesupport_c: rosidl_typesupport_fastrtps_c;rosidl_typesupport_introspection_c
[0.185s] -- Found rosidl_adapter: 3.1.5 (/opt/ros/humble/share/rosidl_adapter/cmake)
[0.219s] -- Using all available rosidl_typesupport_cpp: rosidl_typesupport_fastrtps_cpp;rosidl_typesupport_introspection_cpp
[0.512s] -- Found ament_cmake_ros: 0.10.0 (/opt/ros/humble/share/ament_cmake_ros/cmake)
[0.720s] -- Using all available rosidl_typesupport_c: rosidl_typesupport_fastrtps_c;rosidl_typesupport_introspection_c
[0.987s] -- Using all available rosidl_typesupport_cpp: rosidl_typesupport_fastrtps_cpp;rosidl_typesupport_introspection_cpp
[1.015s] -- Found python_cmake_module: 0.10.0 (/opt/ros/humble/share/python_cmake_module/cmake)
[1.044s] -- Using PYTHON_EXECUTABLE: /usr/bin/python3
[1.044s] -- Using PYTHON_INCLUDE_DIRS: /usr/include/python3.10
[1.044s] -- Using PYTHON_LIBRARIES: /usr/lib/x86_64-linux-gnu/libpython3.10.so
[1.065s] -- Configuring done
[1.101s] -- Generating done
[1.105s] -- Build files have been written to: /home/sebas/ros_ws/build/interfaces
[1.130s] [  2%] [34m[1mGenerating C code for ROS interfaces[0m
[1.144s] [  5%] [34m[1mGenerating C++ code for ROS interfaces[0m
[1.164s] [  5%] Built target ament_cmake_python_copy_interfaces
[1.495s] [  5%] Built target interfaces__cpp
[1.512s] [ 10%] [34m[1mGenerating C++ type support for eProsima Fast-RTPS[0m
[1.514s] [ 10%] [34m[1mGenerating C++ type support dispatch for ROS interfaces[0m
[1.578s] running egg_info
[1.580s] writing interfaces.egg-info/PKG-INFO
[1.580s] writing dependency_links to interfaces.egg-info/dependency_links.txt
[1.580s] writing top-level names to interfaces.egg-info/top_level.txt
[1.584s] reading manifest file 'interfaces.egg-info/SOURCES.txt'
[1.585s] writing manifest file 'interfaces.egg-info/SOURCES.txt'
[1.635s] [ 10%] Built target ament_cmake_python_build_interfaces_egg
[1.658s] [ 12%] [34m[1mGenerating C++ introspection for ROS interfaces[0m
[1.743s] [35m[1mConsolidate compiler generated dependencies of target interfaces__rosidl_generator_c[0m
[1.760s] [ 15%] [32mBuilding C object CMakeFiles/interfaces__rosidl_generator_c.dir/rosidl_generator_c/interfaces/msg/detail/example__functions.c.o[0m
[1.834s] [ 17%] [32mBuilding C object CMakeFiles/interfaces__rosidl_generator_c.dir/rosidl_generator_c/interfaces/msg/detail/completed__functions.c.o[0m
[1.904s] [ 20%] [32m[1mLinking C shared library libinterfaces__rosidl_generator_c.so[0m
[1.953s] [35m[1mConsolidate compiler generated dependencies of target interfaces__rosidl_typesupport_cpp[0m
[1.961s] [ 20%] Built target interfaces__rosidl_generator_c
[1.971s] [ 23%] [32mBuilding CXX object CMakeFiles/interfaces__rosidl_typesupport_cpp.dir/rosidl_typesupport_cpp/interfaces/msg/example__type_support.cpp.o[0m
[1.976s] [ 25%] [34m[1mGenerating C type support for eProsima Fast-RTPS[0m
[2.089s] [35m[1mConsolidate compiler generated dependencies of target interfaces__rosidl_typesupport_fastrtps_cpp[0m
[2.110s] [ 28%] [32mBuilding CXX object CMakeFiles/interfaces__rosidl_typesupport_fastrtps_cpp.dir/rosidl_typesupport_fastrtps_cpp/interfaces/msg/detail/dds_fastrtps/example__type_support.cpp.o[0m
[2.180s] [35m[1mConsolidate compiler generated dependencies of target interfaces__rosidl_typesupport_introspection_cpp[0m
[2.199s] [ 30%] [32mBuilding CXX object CMakeFiles/interfaces__rosidl_typesupport_introspection_cpp.dir/rosidl_typesupport_introspection_cpp/interfaces/msg/detail/example__type_support.cpp.o[0m
[2.419s] [ 33%] [32mBuilding CXX object CMakeFiles/interfaces__rosidl_typesupport_cpp.dir/rosidl_typesupport_cpp/interfaces/msg/completed__type_support.cpp.o[0m
[2.529s] [35m[1mConsolidate compiler generated dependencies of target interfaces__rosidl_typesupport_fastrtps_c[0m
[2.543s] [ 35%] [32mBuilding CXX object CMakeFiles/interfaces__rosidl_typesupport_fastrtps_c.dir/rosidl_typesupport_fastrtps_c/interfaces/msg/detail/example__type_support_c.cpp.o[0m
[2.777s] [ 38%] [32mBuilding CXX object CMakeFiles/interfaces__rosidl_typesupport_fastrtps_cpp.dir/rosidl_typesupport_fastrtps_cpp/interfaces/msg/detail/dds_fastrtps/completed__type_support.cpp.o[0m
[2.849s] [ 41%] [32mBuilding CXX object CMakeFiles/interfaces__rosidl_typesupport_introspection_cpp.dir/rosidl_typesupport_introspection_cpp/interfaces/msg/detail/completed__type_support.cpp.o[0m
[2.866s] [ 43%] [32m[1mLinking CXX shared library libinterfaces__rosidl_typesupport_cpp.so[0m
[2.937s] [ 43%] Built target interfaces__rosidl_typesupport_cpp
[2.954s] [ 46%] [34m[1mGenerating C introspection for ROS interfaces[0m
[3.102s] [ 48%] [32mBuilding CXX object CMakeFiles/interfaces__rosidl_typesupport_fastrtps_c.dir/rosidl_typesupport_fastrtps_c/interfaces/msg/detail/completed__type_support_c.cpp.o[0m
[3.432s] [ 51%] [32m[1mLinking CXX shared library libinterfaces__rosidl_typesupport_fastrtps_cpp.so[0m
[3.477s] [ 53%] [32m[1mLinking CXX shared library libinterfaces__rosidl_typesupport_introspection_cpp.so[0m
[3.484s] [35m[1mConsolidate compiler generated dependencies of target interfaces__rosidl_typesupport_introspection_c[0m
[3.502s] [ 56%] [32mBuilding C object CMakeFiles/interfaces__rosidl_typesupport_introspection_c.dir/rosidl_typesupport_introspection_c/interfaces/msg/detail/example__type_support.c.o[0m
[3.546s] [ 56%] Built target interfaces__rosidl_typesupport_introspection_cpp
[3.556s] [ 58%] [32mBuilding C object CMakeFiles/interfaces__rosidl_typesupport_introspection_c.dir/rosidl_typesupport_introspection_c/interfaces/msg/detail/completed__type_support.c.o[0m
[3.562s] [ 61%] [34m[1mGenerating C type support dispatch for ROS interfaces[0m
[3.583s] [ 61%] Built target interfaces__rosidl_typesupport_fastrtps_cpp
[3.610s] [ 64%] [32m[1mLinking C shared library libinterfaces__rosidl_typesupport_introspection_c.so[0m
[3.648s] [ 66%] [32m[1mLinking CXX shared library libinterfaces__rosidl_typesupport_fastrtps_c.so[0m
[3.658s] [ 66%] Built target interfaces__rosidl_typesupport_introspection_c
[3.741s] [ 66%] Built target interfaces__rosidl_typesupport_fastrtps_c
[3.845s] [35m[1mConsolidate compiler generated dependencies of target interfaces__rosidl_typesupport_c[0m
[3.857s] [ 69%] [32mBuilding CXX object CMakeFiles/interfaces__rosidl_typesupport_c.dir/rosidl_typesupport_c/interfaces/msg/example__type_support.cpp.o[0m
[3.858s] [ 71%] [32mBuilding CXX object CMakeFiles/interfaces__rosidl_typesupport_c.dir/rosidl_typesupport_c/interfaces/msg/completed__type_support.cpp.o[0m
[3.889s] [ 74%] [32m[1mLinking CXX shared library libinterfaces__rosidl_typesupport_c.so[0m
[3.931s] [ 74%] Built target interfaces__rosidl_typesupport_c
[3.952s] [ 74%] Built target interfaces
[3.973s] [ 76%] [34m[1mGenerating Python code for ROS interfaces[0m
[4.356s] [ 76%] Built target interfaces__py
[4.367s] [35m[1mConsolidate compiler generated dependencies of target interfaces__rosidl_generator_py[0m
[4.379s] [ 82%] [32mBuilding C object CMakeFiles/interfaces__rosidl_generator_py.dir/rosidl_generator_py/interfaces/msg/_completed_s.c.o[0m
[4.380s] [ 82%] [32mBuilding C object CMakeFiles/interfaces__rosidl_generator_py.dir/rosidl_generator_py/interfaces/msg/_example_s.c.o[0m
[4.483s] [ 84%] [32m[1mLinking C shared library rosidl_generator_py/interfaces/libinterfaces__rosidl_generator_py.so[0m
[4.524s] [ 84%] Built target interfaces__rosidl_generator_py
[4.536s] [35m[1mConsolidate compiler generated dependencies of target interfaces__rosidl_typesupport_introspection_c__pyext[0m
[4.538s] [35m[1mConsolidate compiler generated dependencies of target interfaces__rosidl_typesupport_fastrtps_c__pyext[0m
[4.538s] [35m[1mConsolidate compiler generated dependencies of target interfaces__rosidl_typesupport_c__pyext[0m
[4.551s] [ 87%] [32mBuilding C object CMakeFiles/interfaces__rosidl_typesupport_introspection_c__pyext.dir/rosidl_generator_py/interfaces/_interfaces_s.ep.rosidl_typesupport_introspection_c.c.o[0m
[4.557s] [ 92%] [32mBuilding C object CMakeFiles/interfaces__rosidl_typesupport_fastrtps_c__pyext.dir/rosidl_generator_py/interfaces/_interfaces_s.ep.rosidl_typesupport_fastrtps_c.c.o[0m
[4.557s] [ 92%] [32mBuilding C object CMakeFiles/interfaces__rosidl_typesupport_c__pyext.dir/rosidl_generator_py/interfaces/_interfaces_s.ep.rosidl_typesupport_c.c.o[0m
[4.653s] [ 94%] [32m[1mLinking C shared library rosidl_generator_py/interfaces/interfaces_s__rosidl_typesupport_introspection_c.cpython-310-x86_64-linux-gnu.so[0m
[4.700s] [ 94%] Built target interfaces__rosidl_typesupport_introspection_c__pyext
[4.712s] [100%] [32m[1mLinking C shared library rosidl_generator_py/interfaces/interfaces_s__rosidl_typesupport_c.cpython-310-x86_64-linux-gnu.so[0m
[4.712s] [100%] [32m[1mLinking C shared library rosidl_generator_py/interfaces/interfaces_s__rosidl_typesupport_fastrtps_c.cpython-310-x86_64-linux-gnu.so[0m
[4.747s] [100%] Built target interfaces__rosidl_typesupport_fastrtps_c__pyext
[4.747s] [100%] Built target interfaces__rosidl_typesupport_c__pyext
[4.760s] Invoked command in '/home/sebas/ros_ws/build/interfaces' returned '0': CMAKE_PREFIX_PATH=${CMAKE_PREFIX_PATH}:/home/sebas/ros_ws/install/test_gps:/home/sebas/ros_ws/install/gps_distance:/home/sebas/ros2_ws/install/my_robot_controller:/opt/ros/humble /usr/bin/cmake --build /home/sebas/ros_ws/build/interfaces -- -j4 -l4
[4.841s] Invoking command in '/home/sebas/ros_ws/build/interfaces': CMAKE_PREFIX_PATH=${CMAKE_PREFIX_PATH}:/home/sebas/ros_ws/install/test_gps:/home/sebas/ros_ws/install/gps_distance:/home/sebas/ros2_ws/install/my_robot_controller:/opt/ros/humble /usr/bin/cmake --install /home/sebas/ros_ws/build/interfaces
[4.850s] -- Install configuration: ""
[4.850s] -- Installing: /home/sebas/ros_ws/install/interfaces/share/ament_index/resource_index/rosidl_interfaces/interfaces
[4.850s] -- Up-to-date: /home/sebas/ros_ws/install/interfaces/include/interfaces/interfaces
[4.851s] -- Up-to-date: /home/sebas/ros_ws/install/interfaces/include/interfaces/interfaces/msg
[4.851s] -- Installing: /home/sebas/ros_ws/install/interfaces/include/interfaces/interfaces/msg/completed.h
[4.851s] -- Up-to-date: /home/sebas/ros_ws/install/interfaces/include/interfaces/interfaces/msg/detail
[4.851s] -- Installing: /home/sebas/ros_ws/install/interfaces/include/interfaces/interfaces/msg/detail/example__type_support.h
[4.851s] -- Installing: /home/sebas/ros_ws/install/interfaces/include/interfaces/interfaces/msg/detail/completed__struct.h
[4.851s] -- Installing: /home/sebas/ros_ws/install/interfaces/include/interfaces/interfaces/msg/detail/completed__functions.c
[4.852s] -- Installing: /home/sebas/ros_ws/install/interfaces/include/interfaces/interfaces/msg/detail/example__struct.h
[4.852s] -- Installing: /home/sebas/ros_ws/install/interfaces/include/interfaces/interfaces/msg/detail/completed__type_support.h
[4.852s] -- Installing: /home/sebas/ros_ws/install/interfaces/include/interfaces/interfaces/msg/detail/example__functions.c
[4.852s] -- Installing: /home/sebas/ros_ws/install/interfaces/include/interfaces/interfaces/msg/detail/example__functions.h
[4.852s] -- Installing: /home/sebas/ros_ws/install/interfaces/include/interfaces/interfaces/msg/detail/completed__functions.h
[4.852s] -- Up-to-date: /home/sebas/ros_ws/install/interfaces/include/interfaces/interfaces/msg/rosidl_generator_c__visibility_control.h
[4.853s] -- Installing: /home/sebas/ros_ws/install/interfaces/include/interfaces/interfaces/msg/example.h
[4.853s] -- Up-to-date: /home/sebas/ros_ws/install/interfaces/share/interfaces/environment/library_path.sh
[4.853s] -- Installing: /home/sebas/ros_ws/install/interfaces/share/interfaces/environment/library_path.dsv
[4.853s] -- Installing: /home/sebas/ros_ws/install/interfaces/lib/libinterfaces__rosidl_generator_c.so
[4.853s] -- Set runtime path of "/home/sebas/ros_ws/install/interfaces/lib/libinterfaces__rosidl_generator_c.so" to ""
[4.854s] -- Up-to-date: /home/sebas/ros_ws/install/interfaces/include/interfaces/interfaces
[4.854s] -- Up-to-date: /home/sebas/ros_ws/install/interfaces/include/interfaces/interfaces/msg
[4.854s] -- Up-to-date: /home/sebas/ros_ws/install/interfaces/include/interfaces/interfaces/msg/rosidl_typesupport_fastrtps_c__visibility_control.h
[4.854s] -- Up-to-date: /home/sebas/ros_ws/install/interfaces/include/interfaces/interfaces/msg/detail
[4.854s] -- Installing: /home/sebas/ros_ws/install/interfaces/include/interfaces/interfaces/msg/detail/example__rosidl_typesupport_fastrtps_c.h
[4.854s] -- Installing: /home/sebas/ros_ws/install/interfaces/include/interfaces/interfaces/msg/detail/completed__rosidl_typesupport_fastrtps_c.h
[4.854s] -- Installing: /home/sebas/ros_ws/install/interfaces/lib/libinterfaces__rosidl_typesupport_fastrtps_c.so
[4.855s] -- Set runtime path of "/home/sebas/ros_ws/install/interfaces/lib/libinterfaces__rosidl_typesupport_fastrtps_c.so" to ""
[4.855s] -- Up-to-date: /home/sebas/ros_ws/install/interfaces/include/interfaces/interfaces
[4.855s] -- Up-to-date: /home/sebas/ros_ws/install/interfaces/include/interfaces/interfaces/msg
[4.855s] -- Up-to-date: /home/sebas/ros_ws/install/interfaces/include/interfaces/interfaces/msg/detail
[4.856s] -- Installing: /home/sebas/ros_ws/install/interfaces/include/interfaces/interfaces/msg/detail/completed__rosidl_typesupport_introspection_c.h
[4.856s] -- Installing: /home/sebas/ros_ws/install/interfaces/include/interfaces/interfaces/msg/detail/completed__type_support.c
[4.856s] -- Installing: /home/sebas/ros_ws/install/interfaces/include/interfaces/interfaces/msg/detail/example__type_support.c
[4.856s] -- Installing: /home/sebas/ros_ws/install/interfaces/include/interfaces/interfaces/msg/detail/example__rosidl_typesupport_introspection_c.h
[4.856s] -- Up-to-date: /home/sebas/ros_ws/install/interfaces/include/interfaces/interfaces/msg/rosidl_typesupport_introspection_c__visibility_control.h
[4.856s] -- Installing: /home/sebas/ros_ws/install/interfaces/lib/libinterfaces__rosidl_typesupport_introspection_c.so
[4.857s] -- Set runtime path of "/home/sebas/ros_ws/install/interfaces/lib/libinterfaces__rosidl_typesupport_introspection_c.so" to ""
[4.857s] -- Installing: /home/sebas/ros_ws/install/interfaces/lib/libinterfaces__rosidl_typesupport_c.so
[4.857s] -- Set runtime path of "/home/sebas/ros_ws/install/interfaces/lib/libinterfaces__rosidl_typesupport_c.so" to ""
[4.858s] -- Up-to-date: /home/sebas/ros_ws/install/interfaces/include/interfaces/interfaces
[4.858s] -- Up-to-date: /home/sebas/ros_ws/install/interfaces/include/interfaces/interfaces/msg
[4.858s] -- Installing: /home/sebas/ros_ws/install/interfaces/include/interfaces/interfaces/msg/example.hpp
[4.858s] -- Up-to-date: /home/sebas/ros_ws/install/interfaces/include/interfaces/interfaces/msg/detail
[4.858s] -- Installing: /home/sebas/ros_ws/install/interfaces/include/interfaces/interfaces/msg/detail/completed__builder.hpp
[4.858s] -- Installing: /home/sebas/ros_ws/install/interfaces/include/interfaces/interfaces/msg/detail/example__traits.hpp
[4.858s] -- Installing: /home/sebas/ros_ws/install/interfaces/include/interfaces/interfaces/msg/detail/completed__struct.hpp
[4.859s] -- Installing: /home/sebas/ros_ws/install/interfaces/include/interfaces/interfaces/msg/detail/example__builder.hpp
[4.859s] -- Installing: /home/sebas/ros_ws/install/interfaces/include/interfaces/interfaces/msg/detail/example__struct.hpp
[4.859s] -- Installing: /home/sebas/ros_ws/install/interfaces/include/interfaces/interfaces/msg/detail/completed__traits.hpp
[4.859s] -- Installing: /home/sebas/ros_ws/install/interfaces/include/interfaces/interfaces/msg/completed.hpp
[4.859s] -- Up-to-date: /home/sebas/ros_ws/install/interfaces/include/interfaces/interfaces
[4.859s] -- Up-to-date: /home/sebas/ros_ws/install/interfaces/include/interfaces/interfaces/msg
[4.860s] -- Up-to-date: /home/sebas/ros_ws/install/interfaces/include/interfaces/interfaces/msg/rosidl_typesupport_fastrtps_cpp__visibility_control.h
[4.860s] -- Up-to-date: /home/sebas/ros_ws/install/interfaces/include/interfaces/interfaces/msg/detail
[4.860s] -- Installing: /home/sebas/ros_ws/install/interfaces/include/interfaces/interfaces/msg/detail/completed__rosidl_typesupport_fastrtps_cpp.hpp
[4.860s] -- Up-to-date: /home/sebas/ros_ws/install/interfaces/include/interfaces/interfaces/msg/detail/dds_fastrtps
[4.860s] -- Installing: /home/sebas/ros_ws/install/interfaces/include/interfaces/interfaces/msg/detail/example__rosidl_typesupport_fastrtps_cpp.hpp
[4.860s] -- Installing: /home/sebas/ros_ws/install/interfaces/lib/libinterfaces__rosidl_typesupport_fastrtps_cpp.so
[4.861s] -- Set runtime path of "/home/sebas/ros_ws/install/interfaces/lib/libinterfaces__rosidl_typesupport_fastrtps_cpp.so" to ""
[4.861s] -- Up-to-date: /home/sebas/ros_ws/install/interfaces/include/interfaces/interfaces
[4.861s] -- Up-to-date: /home/sebas/ros_ws/install/interfaces/include/interfaces/interfaces/msg
[4.861s] -- Up-to-date: /home/sebas/ros_ws/install/interfaces/include/interfaces/interfaces/msg/detail
[4.861s] -- Installing: /home/sebas/ros_ws/install/interfaces/include/interfaces/interfaces/msg/detail/completed__rosidl_typesupport_introspection_cpp.hpp
[4.861s] -- Installing: /home/sebas/ros_ws/install/interfaces/include/interfaces/interfaces/msg/detail/example__type_support.cpp
[4.862s] -- Installing: /home/sebas/ros_ws/install/interfaces/include/interfaces/interfaces/msg/detail/completed__type_support.cpp
[4.862s] -- Installing: /home/sebas/ros_ws/install/interfaces/include/interfaces/interfaces/msg/detail/example__rosidl_typesupport_introspection_cpp.hpp
[4.862s] -- Installing: /home/sebas/ros_ws/install/interfaces/lib/libinterfaces__rosidl_typesupport_introspection_cpp.so
[4.862s] -- Set runtime path of "/home/sebas/ros_ws/install/interfaces/lib/libinterfaces__rosidl_typesupport_introspection_cpp.so" to ""
[4.863s] -- Installing: /home/sebas/ros_ws/install/interfaces/lib/libinterfaces__rosidl_typesupport_cpp.so
[4.863s] -- Set runtime path of "/home/sebas/ros_ws/install/interfaces/lib/libinterfaces__rosidl_typesupport_cpp.so" to ""
[4.863s] -- Up-to-date: /home/sebas/ros_ws/install/interfaces/share/interfaces/environment/pythonpath.sh
[4.863s] -- Installing: /home/sebas/ros_ws/install/interfaces/share/interfaces/environment/pythonpath.dsv
[4.864s] -- Up-to-date: /home/sebas/ros_ws/install/interfaces/local/lib/python3.10/dist-packages/interfaces-0.0.0-py3.10.egg-info
[4.864s] -- Installing: /home/sebas/ros_ws/install/interfaces/local/lib/python3.10/dist-packages/interfaces-0.0.0-py3.10.egg-info/dependency_links.txt
[4.864s] -- Installing: /home/sebas/ros_ws/install/interfaces/local/lib/python3.10/dist-packages/interfaces-0.0.0-py3.10.egg-info/PKG-INFO
[4.864s] -- Installing: /home/sebas/ros_ws/install/interfaces/local/lib/python3.10/dist-packages/interfaces-0.0.0-py3.10.egg-info/top_level.txt
[4.864s] -- Installing: /home/sebas/ros_ws/install/interfaces/local/lib/python3.10/dist-packages/interfaces-0.0.0-py3.10.egg-info/SOURCES.txt
[4.864s] -- Up-to-date: /home/sebas/ros_ws/install/interfaces/local/lib/python3.10/dist-packages/interfaces
[4.865s] -- Installing: /home/sebas/ros_ws/install/interfaces/local/lib/python3.10/dist-packages/interfaces/_interfaces_s.ep.rosidl_typesupport_fastrtps_c.c
[4.865s] -- Installing: /home/sebas/ros_ws/install/interfaces/local/lib/python3.10/dist-packages/interfaces/interfaces_s__rosidl_typesupport_fastrtps_c.cpython-310-x86_64-linux-gnu.so
[4.865s] -- Installing: /home/sebas/ros_ws/install/interfaces/local/lib/python3.10/dist-packages/interfaces/_interfaces_s.ep.rosidl_typesupport_c.c
[4.865s] -- Installing: /home/sebas/ros_ws/install/interfaces/local/lib/python3.10/dist-packages/interfaces/_interfaces_s.ep.rosidl_typesupport_introspection_c.c
[4.865s] -- Installing: /home/sebas/ros_ws/install/interfaces/local/lib/python3.10/dist-packages/interfaces/libinterfaces__rosidl_generator_py.so
[4.865s] -- Installing: /home/sebas/ros_ws/install/interfaces/local/lib/python3.10/dist-packages/interfaces/__init__.py
[4.866s] -- Installing: /home/sebas/ros_ws/install/interfaces/local/lib/python3.10/dist-packages/interfaces/interfaces_s__rosidl_typesupport_c.cpython-310-x86_64-linux-gnu.so
[4.866s] -- Up-to-date: /home/sebas/ros_ws/install/interfaces/local/lib/python3.10/dist-packages/interfaces/msg
[4.866s] -- Installing: /home/sebas/ros_ws/install/interfaces/local/lib/python3.10/dist-packages/interfaces/msg/_example_s.c
[4.866s] -- Installing: /home/sebas/ros_ws/install/interfaces/local/lib/python3.10/dist-packages/interfaces/msg/__init__.py
[4.866s] -- Installing: /home/sebas/ros_ws/install/interfaces/local/lib/python3.10/dist-packages/interfaces/msg/_completed.py
[4.866s] -- Installing: /home/sebas/ros_ws/install/interfaces/local/lib/python3.10/dist-packages/interfaces/msg/_example.py
[4.867s] -- Installing: /home/sebas/ros_ws/install/interfaces/local/lib/python3.10/dist-packages/interfaces/msg/_completed_s.c
[4.867s] -- Installing: /home/sebas/ros_ws/install/interfaces/local/lib/python3.10/dist-packages/interfaces/interfaces_s__rosidl_typesupport_introspection_c.cpython-310-x86_64-linux-gnu.so
[4.904s] Listing '/home/sebas/ros_ws/install/interfaces/local/lib/python3.10/dist-packages/interfaces'...
[4.904s] Compiling '/home/sebas/ros_ws/install/interfaces/local/lib/python3.10/dist-packages/interfaces/__init__.py'...
[4.904s] Listing '/home/sebas/ros_ws/install/interfaces/local/lib/python3.10/dist-packages/interfaces/msg'...
[4.904s] Compiling '/home/sebas/ros_ws/install/interfaces/local/lib/python3.10/dist-packages/interfaces/msg/__init__.py'...
[4.904s] Compiling '/home/sebas/ros_ws/install/interfaces/local/lib/python3.10/dist-packages/interfaces/msg/_completed.py'...
[4.904s] Compiling '/home/sebas/ros_ws/install/interfaces/local/lib/python3.10/dist-packages/interfaces/msg/_example.py'...
[4.909s] -- Installing: /home/sebas/ros_ws/install/interfaces/local/lib/python3.10/dist-packages/interfaces/interfaces_s__rosidl_typesupport_fastrtps_c.cpython-310-x86_64-linux-gnu.so
[4.909s] -- Set runtime path of "/home/sebas/ros_ws/install/interfaces/local/lib/python3.10/dist-packages/interfaces/interfaces_s__rosidl_typesupport_fastrtps_c.cpython-310-x86_64-linux-gnu.so" to ""
[4.910s] -- Installing: /home/sebas/ros_ws/install/interfaces/local/lib/python3.10/dist-packages/interfaces/interfaces_s__rosidl_typesupport_introspection_c.cpython-310-x86_64-linux-gnu.so
[4.910s] -- Set runtime path of "/home/sebas/ros_ws/install/interfaces/local/lib/python3.10/dist-packages/interfaces/interfaces_s__rosidl_typesupport_introspection_c.cpython-310-x86_64-linux-gnu.so" to ""
[4.910s] -- Installing: /home/sebas/ros_ws/install/interfaces/local/lib/python3.10/dist-packages/interfaces/interfaces_s__rosidl_typesupport_c.cpython-310-x86_64-linux-gnu.so
[4.911s] -- Set runtime path of "/home/sebas/ros_ws/install/interfaces/local/lib/python3.10/dist-packages/interfaces/interfaces_s__rosidl_typesupport_c.cpython-310-x86_64-linux-gnu.so" to ""
[4.911s] -- Installing: /home/sebas/ros_ws/install/interfaces/lib/libinterfaces__rosidl_generator_py.so
[4.911s] -- Set runtime path of "/home/sebas/ros_ws/install/interfaces/lib/libinterfaces__rosidl_generator_py.so" to ""
[4.912s] -- Up-to-date: /home/sebas/ros_ws/install/interfaces/share/interfaces/msg/Example.idl
[4.912s] -- Installing: /home/sebas/ros_ws/install/interfaces/share/interfaces/msg/Completed.idl
[4.912s] -- Up-to-date: /home/sebas/ros_ws/install/interfaces/share/interfaces/msg/Example.msg
[4.912s] -- Installing: /home/sebas/ros_ws/install/interfaces/share/interfaces/msg/Completed.msg
[4.912s] -- Up-to-date: /home/sebas/ros_ws/install/interfaces/share/ament_index/resource_index/package_run_dependencies/interfaces
[4.912s] -- Installing: /home/sebas/ros_ws/install/interfaces/share/ament_index/resource_index/parent_prefix_path/interfaces
[4.912s] -- Up-to-date: /home/sebas/ros_ws/install/interfaces/share/interfaces/environment/ament_prefix_path.sh
[4.912s] -- Installing: /home/sebas/ros_ws/install/interfaces/share/interfaces/environment/ament_prefix_path.dsv
[4.913s] -- Up-to-date: /home/sebas/ros_ws/install/interfaces/share/interfaces/environment/path.sh
[4.913s] -- Installing: /home/sebas/ros_ws/install/interfaces/share/interfaces/environment/path.dsv
[4.913s] -- Up-to-date: /home/sebas/ros_ws/install/interfaces/share/interfaces/local_setup.bash
[4.913s] -- Up-to-date: /home/sebas/ros_ws/install/interfaces/share/interfaces/local_setup.sh
[4.913s] -- Up-to-date: /home/sebas/ros_ws/install/interfaces/share/interfaces/local_setup.zsh
[4.913s] -- Installing: /home/sebas/ros_ws/install/interfaces/share/interfaces/local_setup.dsv
[4.913s] -- Installing: /home/sebas/ros_ws/install/interfaces/share/interfaces/package.dsv
[4.913s] -- Up-to-date: /home/sebas/ros_ws/install/interfaces/share/ament_index/resource_index/packages/interfaces
[4.914s] -- Up-to-date: /home/sebas/ros_ws/install/interfaces/share/interfaces/cmake/export_interfaces__rosidl_generator_cExport.cmake
[4.914s] -- Up-to-date: /home/sebas/ros_ws/install/interfaces/share/interfaces/cmake/export_interfaces__rosidl_generator_cExport-noconfig.cmake
[4.914s] -- Up-to-date: /home/sebas/ros_ws/install/interfaces/share/interfaces/cmake/export_interfaces__rosidl_typesupport_fastrtps_cExport.cmake
[4.914s] -- Up-to-date: /home/sebas/ros_ws/install/interfaces/share/interfaces/cmake/export_interfaces__rosidl_typesupport_fastrtps_cExport-noconfig.cmake
[4.914s] -- Up-to-date: /home/sebas/ros_ws/install/interfaces/share/interfaces/cmake/interfaces__rosidl_typesupport_introspection_cExport.cmake
[4.914s] -- Up-to-date: /home/sebas/ros_ws/install/interfaces/share/interfaces/cmake/interfaces__rosidl_typesupport_introspection_cExport-noconfig.cmake
[4.914s] -- Up-to-date: /home/sebas/ros_ws/install/interfaces/share/interfaces/cmake/interfaces__rosidl_typesupport_cExport.cmake
[4.914s] -- Up-to-date: /home/sebas/ros_ws/install/interfaces/share/interfaces/cmake/interfaces__rosidl_typesupport_cExport-noconfig.cmake
[4.914s] -- Up-to-date: /home/sebas/ros_ws/install/interfaces/share/interfaces/cmake/export_interfaces__rosidl_generator_cppExport.cmake
[4.915s] -- Up-to-date: /home/sebas/ros_ws/install/interfaces/share/interfaces/cmake/export_interfaces__rosidl_typesupport_fastrtps_cppExport.cmake
[4.915s] -- Up-to-date: /home/sebas/ros_ws/install/interfaces/share/interfaces/cmake/export_interfaces__rosidl_typesupport_fastrtps_cppExport-noconfig.cmake
[4.915s] -- Up-to-date: /home/sebas/ros_ws/install/interfaces/share/interfaces/cmake/interfaces__rosidl_typesupport_introspection_cppExport.cmake
[4.915s] -- Up-to-date: /home/sebas/ros_ws/install/interfaces/share/interfaces/cmake/interfaces__rosidl_typesupport_introspection_cppExport-noconfig.cmake
[4.915s] -- Up-to-date: /home/sebas/ros_ws/install/interfaces/share/interfaces/cmake/interfaces__rosidl_typesupport_cppExport.cmake
[4.915s] -- Up-to-date: /home/sebas/ros_ws/install/interfaces/share/interfaces/cmake/interfaces__rosidl_typesupport_cppExport-noconfig.cmake
[4.915s] -- Up-to-date: /home/sebas/ros_ws/install/interfaces/share/interfaces/cmake/export_interfaces__rosidl_generator_pyExport.cmake
[4.915s] -- Up-to-date: /home/sebas/ros_ws/install/interfaces/share/interfaces/cmake/export_interfaces__rosidl_generator_pyExport-noconfig.cmake
[4.915s] -- Installing: /home/sebas/ros_ws/install/interfaces/share/interfaces/cmake/rosidl_cmake-extras.cmake
[4.916s] -- Up-to-date: /home/sebas/ros_ws/install/interfaces/share/interfaces/cmake/ament_cmake_export_include_directories-extras.cmake
[4.916s] -- Up-to-date: /home/sebas/ros_ws/install/interfaces/share/interfaces/cmake/ament_cmake_export_libraries-extras.cmake
[4.916s] -- Up-to-date: /home/sebas/ros_ws/install/interfaces/share/interfaces/cmake/ament_cmake_export_targets-extras.cmake
[4.916s] -- Up-to-date: /home/sebas/ros_ws/install/interfaces/share/interfaces/cmake/rosidl_cmake_export_typesupport_targets-extras.cmake
[4.916s] -- Up-to-date: /home/sebas/ros_ws/install/interfaces/share/interfaces/cmake/ament_cmake_export_dependencies-extras.cmake
[4.916s] -- Up-to-date: /home/sebas/ros_ws/install/interfaces/share/interfaces/cmake/rosidl_cmake_export_typesupport_libraries-extras.cmake
[4.916s] -- Up-to-date: /home/sebas/ros_ws/install/interfaces/share/interfaces/cmake/interfacesConfig.cmake
[4.916s] -- Up-to-date: /home/sebas/ros_ws/install/interfaces/share/interfaces/cmake/interfacesConfig-version.cmake
[4.917s] -- Up-to-date: /home/sebas/ros_ws/install/interfaces/share/interfaces/package.xml
[4.920s] Invoked command in '/home/sebas/ros_ws/build/interfaces' returned '0': CMAKE_PREFIX_PATH=${CMAKE_PREFIX_PATH}:/home/sebas/ros_ws/install/test_gps:/home/sebas/ros_ws/install/gps_distance:/home/sebas/ros2_ws/install/my_robot_controller:/opt/ros/humble /usr/bin/cmake --install /home/sebas/ros_ws/build/interfaces
