[0.117s] DEBUG:colcon:Command line arguments: ['/usr/bin/colcon', 'build']
[0.117s] DEBUG:colcon:Parsed command line arguments: Namespace(log_base=None, log_level=None, verb_name='build', build_base='build', install_base='install', merge_install=False, symlink_install=False, test_result_base=None, continue_on_error=False, executor='parallel', parallel_workers=4, event_handlers=None, ignore_user_meta=False, metas=['./colcon.meta'], base_paths=['.'], packages_ignore=None, packages_ignore_regex=None, paths=None, packages_up_to=None, packages_up_to_regex=None, packages_above=None, packages_above_and_dependencies=None, packages_above_depth=None, packages_select_by_dep=None, packages_skip_by_dep=None, packages_skip_up_to=None, packages_select_build_failed=False, packages_skip_build_finished=False, packages_select_test_failures=False, packages_skip_test_passed=False, packages_select=None, packages_skip=None, packages_select_regex=None, packages_skip_regex=None, packages_start=None, packages_end=None, allow_overriding=[], cmake_args=None, cmake_target=None, cmake_target_skip_unavailable=False, cmake_clean_cache=False, cmake_clean_first=False, cmake_force_configure=False, ament_cmake_args=None, catkin_cmake_args=None, catkin_skip_building_tests=False, verb_parser=<colcon_defaults.argument_parser.defaults.DefaultArgumentsDecorator object at 0x75742e173ac0>, verb_extension=<colcon_core.verb.build.BuildVerb object at 0x75742e2b06a0>, main=<bound method BuildVerb.main of <colcon_core.verb.build.BuildVerb object at 0x75742e2b06a0>>)
[0.274s] Level 1:colcon.colcon_core.package_discovery:discover_packages(colcon_meta) check parameters
[0.274s] Level 1:colcon.colcon_core.package_discovery:discover_packages(recursive) check parameters
[0.274s] Level 1:colcon.colcon_core.package_discovery:discover_packages(ignore) check parameters
[0.274s] Level 1:colcon.colcon_core.package_discovery:discover_packages(path) check parameters
[0.274s] Level 1:colcon.colcon_core.package_discovery:discover_packages(colcon_meta) discover
[0.274s] Level 1:colcon.colcon_core.package_discovery:discover_packages(recursive) discover
[0.274s] INFO:colcon.colcon_core.package_discovery:Crawling recursively for packages in '/home/sebas/ros_ws'
[0.275s] Level 1:colcon.colcon_core.package_identification:_identify(.) by extensions ['ignore', 'ignore_ament_install']
[0.275s] Level 1:colcon.colcon_core.package_identification:_identify(.) by extension 'ignore'
[0.275s] Level 1:colcon.colcon_core.package_identification:_identify(.) by extension 'ignore_ament_install'
[0.275s] Level 1:colcon.colcon_core.package_identification:_identify(.) by extensions ['colcon_pkg']
[0.275s] Level 1:colcon.colcon_core.package_identification:_identify(.) by extension 'colcon_pkg'
[0.275s] Level 1:colcon.colcon_core.package_identification:_identify(.) by extensions ['colcon_meta']
[0.275s] Level 1:colcon.colcon_core.package_identification:_identify(.) by extension 'colcon_meta'
[0.275s] Level 1:colcon.colcon_core.package_identification:_identify(.) by extensions ['ros']
[0.275s] Level 1:colcon.colcon_core.package_identification:_identify(.) by extension 'ros'
[0.286s] Level 1:colcon.colcon_core.package_identification:_identify(.) by extensions ['cmake', 'python']
[0.286s] Level 1:colcon.colcon_core.package_identification:_identify(.) by extension 'cmake'
[0.286s] Level 1:colcon.colcon_core.package_identification:_identify(.) by extension 'python'
[0.286s] Level 1:colcon.colcon_core.package_identification:_identify(.) by extensions ['python_setup_py']
[0.286s] Level 1:colcon.colcon_core.package_identification:_identify(.) by extension 'python_setup_py'
[0.286s] Level 1:colcon.colcon_core.package_identification:_identify(build) by extensions ['ignore', 'ignore_ament_install']
[0.287s] Level 1:colcon.colcon_core.package_identification:_identify(build) by extension 'ignore'
[0.287s] Level 1:colcon.colcon_core.package_identification:_identify(build) ignored
[0.287s] Level 1:colcon.colcon_core.package_identification:_identify(install) by extensions ['ignore', 'ignore_ament_install']
[0.287s] Level 1:colcon.colcon_core.package_identification:_identify(install) by extension 'ignore'
[0.287s] Level 1:colcon.colcon_core.package_identification:_identify(install) ignored
[0.287s] Level 1:colcon.colcon_core.package_identification:_identify(log) by extensions ['ignore', 'ignore_ament_install']
[0.287s] Level 1:colcon.colcon_core.package_identification:_identify(log) by extension 'ignore'
[0.287s] Level 1:colcon.colcon_core.package_identification:_identify(log) ignored
[0.287s] Level 1:colcon.colcon_core.package_identification:_identify(src) by extensions ['ignore', 'ignore_ament_install']
[0.287s] Level 1:colcon.colcon_core.package_identification:_identify(src) by extension 'ignore'
[0.287s] Level 1:colcon.colcon_core.package_identification:_identify(src) by extension 'ignore_ament_install'
[0.287s] Level 1:colcon.colcon_core.package_identification:_identify(src) by extensions ['colcon_pkg']
[0.287s] Level 1:colcon.colcon_core.package_identification:_identify(src) by extension 'colcon_pkg'
[0.287s] Level 1:colcon.colcon_core.package_identification:_identify(src) by extensions ['colcon_meta']
[0.287s] Level 1:colcon.colcon_core.package_identification:_identify(src) by extension 'colcon_meta'
[0.287s] Level 1:colcon.colcon_core.package_identification:_identify(src) by extensions ['ros']
[0.288s] Level 1:colcon.colcon_core.package_identification:_identify(src) by extension 'ros'
[0.288s] Level 1:colcon.colcon_core.package_identification:_identify(src) by extensions ['cmake', 'python']
[0.288s] Level 1:colcon.colcon_core.package_identification:_identify(src) by extension 'cmake'
[0.288s] Level 1:colcon.colcon_core.package_identification:_identify(src) by extension 'python'
[0.288s] Level 1:colcon.colcon_core.package_identification:_identify(src) by extensions ['python_setup_py']
[0.288s] Level 1:colcon.colcon_core.package_identification:_identify(src) by extension 'python_setup_py'
[0.288s] Level 1:colcon.colcon_core.package_identification:_identify(src/Navigation) by extensions ['ignore', 'ignore_ament_install']
[0.288s] Level 1:colcon.colcon_core.package_identification:_identify(src/Navigation) by extension 'ignore'
[0.288s] Level 1:colcon.colcon_core.package_identification:_identify(src/Navigation) by extension 'ignore_ament_install'
[0.288s] Level 1:colcon.colcon_core.package_identification:_identify(src/Navigation) by extensions ['colcon_pkg']
[0.288s] Level 1:colcon.colcon_core.package_identification:_identify(src/Navigation) by extension 'colcon_pkg'
[0.288s] Level 1:colcon.colcon_core.package_identification:_identify(src/Navigation) by extensions ['colcon_meta']
[0.288s] Level 1:colcon.colcon_core.package_identification:_identify(src/Navigation) by extension 'colcon_meta'
[0.288s] Level 1:colcon.colcon_core.package_identification:_identify(src/Navigation) by extensions ['ros']
[0.288s] Level 1:colcon.colcon_core.package_identification:_identify(src/Navigation) by extension 'ros'
[0.288s] Level 1:colcon.colcon_core.package_identification:_identify(src/Navigation) by extensions ['cmake', 'python']
[0.288s] Level 1:colcon.colcon_core.package_identification:_identify(src/Navigation) by extension 'cmake'
[0.288s] Level 1:colcon.colcon_core.package_identification:_identify(src/Navigation) by extension 'python'
[0.288s] Level 1:colcon.colcon_core.package_identification:_identify(src/Navigation) by extensions ['python_setup_py']
[0.288s] Level 1:colcon.colcon_core.package_identification:_identify(src/Navigation) by extension 'python_setup_py'
[0.289s] Level 1:colcon.colcon_core.package_identification:_identify(src/Navigation/launch_nav) by extensions ['ignore', 'ignore_ament_install']
[0.289s] Level 1:colcon.colcon_core.package_identification:_identify(src/Navigation/launch_nav) by extension 'ignore'
[0.289s] Level 1:colcon.colcon_core.package_identification:_identify(src/Navigation/launch_nav) by extension 'ignore_ament_install'
[0.289s] Level 1:colcon.colcon_core.package_identification:_identify(src/Navigation/launch_nav) by extensions ['colcon_pkg']
[0.289s] Level 1:colcon.colcon_core.package_identification:_identify(src/Navigation/launch_nav) by extension 'colcon_pkg'
[0.289s] Level 1:colcon.colcon_core.package_identification:_identify(src/Navigation/launch_nav) by extensions ['colcon_meta']
[0.289s] Level 1:colcon.colcon_core.package_identification:_identify(src/Navigation/launch_nav) by extension 'colcon_meta'
[0.289s] Level 1:colcon.colcon_core.package_identification:_identify(src/Navigation/launch_nav) by extensions ['ros']
[0.289s] Level 1:colcon.colcon_core.package_identification:_identify(src/Navigation/launch_nav) by extension 'ros'
[0.291s] DEBUG:colcon.colcon_core.package_identification:Package 'src/Navigation/launch_nav' with type 'ros.ament_cmake' and name 'launch_nav'
[0.292s] Level 1:colcon.colcon_core.package_identification:_identify(src/interfaces) by extensions ['ignore', 'ignore_ament_install']
[0.292s] Level 1:colcon.colcon_core.package_identification:_identify(src/interfaces) by extension 'ignore'
[0.292s] Level 1:colcon.colcon_core.package_identification:_identify(src/interfaces) by extension 'ignore_ament_install'
[0.292s] Level 1:colcon.colcon_core.package_identification:_identify(src/interfaces) by extensions ['colcon_pkg']
[0.292s] Level 1:colcon.colcon_core.package_identification:_identify(src/interfaces) by extension 'colcon_pkg'
[0.292s] Level 1:colcon.colcon_core.package_identification:_identify(src/interfaces) by extensions ['colcon_meta']
[0.292s] Level 1:colcon.colcon_core.package_identification:_identify(src/interfaces) by extension 'colcon_meta'
[0.292s] Level 1:colcon.colcon_core.package_identification:_identify(src/interfaces) by extensions ['ros']
[0.292s] Level 1:colcon.colcon_core.package_identification:_identify(src/interfaces) by extension 'ros'
[0.293s] DEBUG:colcon.colcon_core.package_identification:Package 'src/interfaces' with type 'ros.ament_cmake' and name 'interfaces'
[0.293s] Level 1:colcon.colcon_core.package_identification:_identify(src/testing) by extensions ['ignore', 'ignore_ament_install']
[0.293s] Level 1:colcon.colcon_core.package_identification:_identify(src/testing) by extension 'ignore'
[0.293s] Level 1:colcon.colcon_core.package_identification:_identify(src/testing) by extension 'ignore_ament_install'
[0.293s] Level 1:colcon.colcon_core.package_identification:_identify(src/testing) by extensions ['colcon_pkg']
[0.293s] Level 1:colcon.colcon_core.package_identification:_identify(src/testing) by extension 'colcon_pkg'
[0.293s] Level 1:colcon.colcon_core.package_identification:_identify(src/testing) by extensions ['colcon_meta']
[0.293s] Level 1:colcon.colcon_core.package_identification:_identify(src/testing) by extension 'colcon_meta'
[0.293s] Level 1:colcon.colcon_core.package_identification:_identify(src/testing) by extensions ['ros']
[0.293s] Level 1:colcon.colcon_core.package_identification:_identify(src/testing) by extension 'ros'
[0.293s] Level 1:colcon.colcon_core.package_identification:_identify(src/testing) by extensions ['cmake', 'python']
[0.293s] Level 1:colcon.colcon_core.package_identification:_identify(src/testing) by extension 'cmake'
[0.293s] Level 1:colcon.colcon_core.package_identification:_identify(src/testing) by extension 'python'
[0.293s] Level 1:colcon.colcon_core.package_identification:_identify(src/testing) by extensions ['python_setup_py']
[0.293s] Level 1:colcon.colcon_core.package_identification:_identify(src/testing) by extension 'python_setup_py'
[0.293s] Level 1:colcon.colcon_core.package_identification:_identify(src/testing/launch_test) by extensions ['ignore', 'ignore_ament_install']
[0.293s] Level 1:colcon.colcon_core.package_identification:_identify(src/testing/launch_test) by extension 'ignore'
[0.294s] Level 1:colcon.colcon_core.package_identification:_identify(src/testing/launch_test) by extension 'ignore_ament_install'
[0.294s] Level 1:colcon.colcon_core.package_identification:_identify(src/testing/launch_test) by extensions ['colcon_pkg']
[0.294s] Level 1:colcon.colcon_core.package_identification:_identify(src/testing/launch_test) by extension 'colcon_pkg'
[0.294s] Level 1:colcon.colcon_core.package_identification:_identify(src/testing/launch_test) by extensions ['colcon_meta']
[0.294s] Level 1:colcon.colcon_core.package_identification:_identify(src/testing/launch_test) by extension 'colcon_meta'
[0.294s] Level 1:colcon.colcon_core.package_identification:_identify(src/testing/launch_test) by extensions ['ros']
[0.294s] Level 1:colcon.colcon_core.package_identification:_identify(src/testing/launch_test) by extension 'ros'
[0.295s] DEBUG:colcon.colcon_core.package_identification:Package 'src/testing/launch_test' with type 'ros.ament_cmake' and name 'launch_test'
[0.296s] Level 1:colcon.colcon_core.package_identification:_identify(src/testing/test_gps) by extensions ['ignore', 'ignore_ament_install']
[0.296s] Level 1:colcon.colcon_core.package_identification:_identify(src/testing/test_gps) by extension 'ignore'
[0.296s] Level 1:colcon.colcon_core.package_identification:_identify(src/testing/test_gps) by extension 'ignore_ament_install'
[0.296s] Level 1:colcon.colcon_core.package_identification:_identify(src/testing/test_gps) by extensions ['colcon_pkg']
[0.296s] Level 1:colcon.colcon_core.package_identification:_identify(src/testing/test_gps) by extension 'colcon_pkg'
[0.296s] Level 1:colcon.colcon_core.package_identification:_identify(src/testing/test_gps) by extensions ['colcon_meta']
[0.296s] Level 1:colcon.colcon_core.package_identification:_identify(src/testing/test_gps) by extension 'colcon_meta'
[0.296s] Level 1:colcon.colcon_core.package_identification:_identify(src/testing/test_gps) by extensions ['ros']
[0.296s] Level 1:colcon.colcon_core.package_identification:_identify(src/testing/test_gps) by extension 'ros'
[0.297s] DEBUG:colcon.colcon_core.package_identification:Package 'src/testing/test_gps' with type 'ros.ament_python' and name 'test_gps'
[0.297s] Level 1:colcon.colcon_core.package_discovery:discover_packages(recursive) using defaults
[0.298s] Level 1:colcon.colcon_core.package_discovery:discover_packages(ignore) discover
[0.298s] Level 1:colcon.colcon_core.package_discovery:discover_packages(ignore) using defaults
[0.298s] Level 1:colcon.colcon_core.package_discovery:discover_packages(path) discover
[0.298s] Level 1:colcon.colcon_core.package_discovery:discover_packages(path) using defaults
[0.319s] Level 1:colcon.colcon_core.package_discovery:discover_packages(prefix_path) check parameters
[0.319s] Level 1:colcon.colcon_core.package_discovery:discover_packages(prefix_path) discover
[0.320s] WARNING:colcon.colcon_core.prefix_path.colcon:The path '/home/sebas/ros2_ws/install' in the environment variable COLCON_PREFIX_PATH doesn't exist
[0.321s] WARNING:colcon.colcon_ros.prefix_path.ament:The path '/home/sebas/ros2_ws/install/my_robot_controller' in the environment variable AMENT_PREFIX_PATH doesn't exist
[0.323s] DEBUG:colcon.colcon_installed_package_information.package_discovery:Found 270 installed packages in /opt/ros/humble
[0.324s] Level 1:colcon.colcon_core.package_discovery:discover_packages(prefix_path) using defaults
[0.402s] Level 5:colcon.colcon_core.verb:set package 'interfaces' build argument 'cmake_args' from command line to 'None'
[0.402s] Level 5:colcon.colcon_core.verb:set package 'interfaces' build argument 'cmake_target' from command line to 'None'
[0.402s] Level 5:colcon.colcon_core.verb:set package 'interfaces' build argument 'cmake_target_skip_unavailable' from command line to 'False'
[0.402s] Level 5:colcon.colcon_core.verb:set package 'interfaces' build argument 'cmake_clean_cache' from command line to 'False'
[0.402s] Level 5:colcon.colcon_core.verb:set package 'interfaces' build argument 'cmake_clean_first' from command line to 'False'
[0.402s] Level 5:colcon.colcon_core.verb:set package 'interfaces' build argument 'cmake_force_configure' from command line to 'False'
[0.402s] Level 5:colcon.colcon_core.verb:set package 'interfaces' build argument 'ament_cmake_args' from command line to 'None'
[0.402s] Level 5:colcon.colcon_core.verb:set package 'interfaces' build argument 'catkin_cmake_args' from command line to 'None'
[0.402s] Level 5:colcon.colcon_core.verb:set package 'interfaces' build argument 'catkin_skip_building_tests' from command line to 'False'
[0.402s] DEBUG:colcon.colcon_core.verb:Building package 'interfaces' with the following arguments: {'ament_cmake_args': None, 'build_base': '/home/sebas/ros_ws/build/interfaces', 'catkin_cmake_args': None, 'catkin_skip_building_tests': False, 'cmake_args': None, 'cmake_clean_cache': False, 'cmake_clean_first': False, 'cmake_force_configure': False, 'cmake_target': None, 'cmake_target_skip_unavailable': False, 'install_base': '/home/sebas/ros_ws/install/interfaces', 'merge_install': False, 'path': '/home/sebas/ros_ws/src/interfaces', 'symlink_install': False, 'test_result_base': None}
[0.402s] Level 5:colcon.colcon_core.verb:set package 'launch_nav' build argument 'cmake_args' from command line to 'None'
[0.402s] Level 5:colcon.colcon_core.verb:set package 'launch_nav' build argument 'cmake_target' from command line to 'None'
[0.402s] Level 5:colcon.colcon_core.verb:set package 'launch_nav' build argument 'cmake_target_skip_unavailable' from command line to 'False'
[0.403s] Level 5:colcon.colcon_core.verb:set package 'launch_nav' build argument 'cmake_clean_cache' from command line to 'False'
[0.403s] Level 5:colcon.colcon_core.verb:set package 'launch_nav' build argument 'cmake_clean_first' from command line to 'False'
[0.403s] Level 5:colcon.colcon_core.verb:set package 'launch_nav' build argument 'cmake_force_configure' from command line to 'False'
[0.403s] Level 5:colcon.colcon_core.verb:set package 'launch_nav' build argument 'ament_cmake_args' from command line to 'None'
[0.403s] Level 5:colcon.colcon_core.verb:set package 'launch_nav' build argument 'catkin_cmake_args' from command line to 'None'
[0.403s] Level 5:colcon.colcon_core.verb:set package 'launch_nav' build argument 'catkin_skip_building_tests' from command line to 'False'
[0.403s] DEBUG:colcon.colcon_core.verb:Building package 'launch_nav' with the following arguments: {'ament_cmake_args': None, 'build_base': '/home/sebas/ros_ws/build/launch_nav', 'catkin_cmake_args': None, 'catkin_skip_building_tests': False, 'cmake_args': None, 'cmake_clean_cache': False, 'cmake_clean_first': False, 'cmake_force_configure': False, 'cmake_target': None, 'cmake_target_skip_unavailable': False, 'install_base': '/home/sebas/ros_ws/install/launch_nav', 'merge_install': False, 'path': '/home/sebas/ros_ws/src/Navigation/launch_nav', 'symlink_install': False, 'test_result_base': None}
[0.403s] Level 5:colcon.colcon_core.verb:set package 'test_gps' build argument 'cmake_args' from command line to 'None'
[0.403s] Level 5:colcon.colcon_core.verb:set package 'test_gps' build argument 'cmake_target' from command line to 'None'
[0.403s] Level 5:colcon.colcon_core.verb:set package 'test_gps' build argument 'cmake_target_skip_unavailable' from command line to 'False'
[0.403s] Level 5:colcon.colcon_core.verb:set package 'test_gps' build argument 'cmake_clean_cache' from command line to 'False'
[0.403s] Level 5:colcon.colcon_core.verb:set package 'test_gps' build argument 'cmake_clean_first' from command line to 'False'
[0.403s] Level 5:colcon.colcon_core.verb:set package 'test_gps' build argument 'cmake_force_configure' from command line to 'False'
[0.403s] Level 5:colcon.colcon_core.verb:set package 'test_gps' build argument 'ament_cmake_args' from command line to 'None'
[0.403s] Level 5:colcon.colcon_core.verb:set package 'test_gps' build argument 'catkin_cmake_args' from command line to 'None'
[0.403s] Level 5:colcon.colcon_core.verb:set package 'test_gps' build argument 'catkin_skip_building_tests' from command line to 'False'
[0.403s] DEBUG:colcon.colcon_core.verb:Building package 'test_gps' with the following arguments: {'ament_cmake_args': None, 'build_base': '/home/sebas/ros_ws/build/test_gps', 'catkin_cmake_args': None, 'catkin_skip_building_tests': False, 'cmake_args': None, 'cmake_clean_cache': False, 'cmake_clean_first': False, 'cmake_force_configure': False, 'cmake_target': None, 'cmake_target_skip_unavailable': False, 'install_base': '/home/sebas/ros_ws/install/test_gps', 'merge_install': False, 'path': '/home/sebas/ros_ws/src/testing/test_gps', 'symlink_install': False, 'test_result_base': None}
[0.404s] Level 5:colcon.colcon_core.verb:set package 'launch_test' build argument 'cmake_args' from command line to 'None'
[0.404s] Level 5:colcon.colcon_core.verb:set package 'launch_test' build argument 'cmake_target' from command line to 'None'
[0.404s] Level 5:colcon.colcon_core.verb:set package 'launch_test' build argument 'cmake_target_skip_unavailable' from command line to 'False'
[0.404s] Level 5:colcon.colcon_core.verb:set package 'launch_test' build argument 'cmake_clean_cache' from command line to 'False'
[0.404s] Level 5:colcon.colcon_core.verb:set package 'launch_test' build argument 'cmake_clean_first' from command line to 'False'
[0.404s] Level 5:colcon.colcon_core.verb:set package 'launch_test' build argument 'cmake_force_configure' from command line to 'False'
[0.404s] Level 5:colcon.colcon_core.verb:set package 'launch_test' build argument 'ament_cmake_args' from command line to 'None'
[0.404s] Level 5:colcon.colcon_core.verb:set package 'launch_test' build argument 'catkin_cmake_args' from command line to 'None'
[0.404s] Level 5:colcon.colcon_core.verb:set package 'launch_test' build argument 'catkin_skip_building_tests' from command line to 'False'
[0.404s] DEBUG:colcon.colcon_core.verb:Building package 'launch_test' with the following arguments: {'ament_cmake_args': None, 'build_base': '/home/sebas/ros_ws/build/launch_test', 'catkin_cmake_args': None, 'catkin_skip_building_tests': False, 'cmake_args': None, 'cmake_clean_cache': False, 'cmake_clean_first': False, 'cmake_force_configure': False, 'cmake_target': None, 'cmake_target_skip_unavailable': False, 'install_base': '/home/sebas/ros_ws/install/launch_test', 'merge_install': False, 'path': '/home/sebas/ros_ws/src/testing/launch_test', 'symlink_install': False, 'test_result_base': None}
[0.404s] INFO:colcon.colcon_core.executor:Executing jobs using 'parallel' executor
[0.405s] DEBUG:colcon.colcon_parallel_executor.executor.parallel:run_until_complete
[0.405s] INFO:colcon.colcon_ros.task.ament_cmake.build:Building ROS package in '/home/sebas/ros_ws/src/interfaces' with build type 'ament_cmake'
[0.405s] INFO:colcon.colcon_cmake.task.cmake.build:Building CMake package in '/home/sebas/ros_ws/src/interfaces'
[0.408s] INFO:colcon.colcon_core.plugin_system:Skipping extension 'colcon_core.shell.bat': Not used on non-Windows systems
[0.408s] INFO:colcon.colcon_core.shell:Skip shell extension 'powershell' for command environment: Not usable outside of PowerShell
[0.409s] DEBUG:colcon.colcon_core.shell:Skip shell extension 'dsv' for command environment
[0.412s] INFO:colcon.colcon_ros.task.ament_cmake.build:Building ROS package in '/home/sebas/ros_ws/src/Navigation/launch_nav' with build type 'ament_cmake'
[0.412s] INFO:colcon.colcon_cmake.task.cmake.build:Building CMake package in '/home/sebas/ros_ws/src/Navigation/launch_nav'
[0.412s] INFO:colcon.colcon_core.shell:Skip shell extension 'powershell' for command environment: Not usable outside of PowerShell
[0.412s] DEBUG:colcon.colcon_core.shell:Skip shell extension 'dsv' for command environment
[0.419s] DEBUG:colcon.colcon_core.event_handler.log_command:Invoking command in '/home/sebas/ros_ws/build/interfaces': CMAKE_PREFIX_PATH=/home/sebas/ros2_ws/install/my_robot_controller:/opt/ros/humble /usr/bin/cmake /home/sebas/ros_ws/src/interfaces -DCMAKE_INSTALL_PREFIX=/home/sebas/ros_ws/install/interfaces
[0.425s] DEBUG:colcon.colcon_core.event_handler.log_command:Invoking command in '/home/sebas/ros_ws/build/launch_nav': CMAKE_PREFIX_PATH=/home/sebas/ros2_ws/install/my_robot_controller:/opt/ros/humble /usr/bin/cmake /home/sebas/ros_ws/src/Navigation/launch_nav -DCMAKE_INSTALL_PREFIX=/home/sebas/ros_ws/install/launch_nav
[1.204s] DEBUG:colcon.colcon_core.event_handler.log_command:Invoked command in '/home/sebas/ros_ws/build/launch_nav' returned '0': CMAKE_PREFIX_PATH=/home/sebas/ros2_ws/install/my_robot_controller:/opt/ros/humble /usr/bin/cmake /home/sebas/ros_ws/src/Navigation/launch_nav -DCMAKE_INSTALL_PREFIX=/home/sebas/ros_ws/install/launch_nav
[1.206s] DEBUG:colcon.colcon_core.event_handler.log_command:Invoking command in '/home/sebas/ros_ws/build/launch_nav': CMAKE_PREFIX_PATH=/home/sebas/ros2_ws/install/my_robot_controller:/opt/ros/humble /usr/bin/cmake --build /home/sebas/ros_ws/build/launch_nav -- -j4 -l4
[1.253s] DEBUG:colcon.colcon_core.event_handler.log_command:Invoked command in '/home/sebas/ros_ws/build/launch_nav' returned '0': CMAKE_PREFIX_PATH=/home/sebas/ros2_ws/install/my_robot_controller:/opt/ros/humble /usr/bin/cmake --build /home/sebas/ros_ws/build/launch_nav -- -j4 -l4
[1.283s] DEBUG:colcon.colcon_core.event_handler.log_command:Invoking command in '/home/sebas/ros_ws/build/launch_nav': CMAKE_PREFIX_PATH=/home/sebas/ros2_ws/install/my_robot_controller:/opt/ros/humble /usr/bin/cmake --install /home/sebas/ros_ws/build/launch_nav
[1.297s] Level 1:colcon.colcon_core.environment:create_environment_scripts_only(launch_nav)
[1.298s] DEBUG:colcon.colcon_core.event_handler.log_command:Invoked command in '/home/sebas/ros_ws/build/launch_nav' returned '0': CMAKE_PREFIX_PATH=/home/sebas/ros2_ws/install/my_robot_controller:/opt/ros/humble /usr/bin/cmake --install /home/sebas/ros_ws/build/launch_nav
[1.301s] Level 1:colcon.colcon_core.environment:checking '/home/sebas/ros_ws/install/launch_nav' for CMake module files
[1.302s] Level 1:colcon.colcon_core.environment:checking '/home/sebas/ros_ws/install/launch_nav' for CMake config files
[1.302s] Level 1:colcon.colcon_core.shell:create_environment_hook('launch_nav', 'cmake_prefix_path')
[1.302s] INFO:colcon.colcon_core.shell:Creating environment hook '/home/sebas/ros_ws/install/launch_nav/share/launch_nav/hook/cmake_prefix_path.ps1'
[1.303s] INFO:colcon.colcon_core.shell:Creating environment descriptor '/home/sebas/ros_ws/install/launch_nav/share/launch_nav/hook/cmake_prefix_path.dsv'
[1.303s] INFO:colcon.colcon_core.shell:Creating environment hook '/home/sebas/ros_ws/install/launch_nav/share/launch_nav/hook/cmake_prefix_path.sh'
[1.304s] Level 1:colcon.colcon_core.environment:checking '/home/sebas/ros_ws/install/launch_nav/bin'
[1.304s] Level 1:colcon.colcon_core.environment:checking '/home/sebas/ros_ws/install/launch_nav/lib/pkgconfig/launch_nav.pc'
[1.305s] Level 1:colcon.colcon_core.environment:checking '/home/sebas/ros_ws/install/launch_nav/lib/python3.10/site-packages'
[1.305s] Level 1:colcon.colcon_core.environment:checking '/home/sebas/ros_ws/install/launch_nav/bin'
[1.305s] INFO:colcon.colcon_core.shell:Creating package script '/home/sebas/ros_ws/install/launch_nav/share/launch_nav/package.ps1'
[1.307s] INFO:colcon.colcon_core.shell:Creating package descriptor '/home/sebas/ros_ws/install/launch_nav/share/launch_nav/package.dsv'
[1.307s] INFO:colcon.colcon_core.shell:Creating package script '/home/sebas/ros_ws/install/launch_nav/share/launch_nav/package.sh'
[1.308s] INFO:colcon.colcon_core.shell:Creating package script '/home/sebas/ros_ws/install/launch_nav/share/launch_nav/package.bash'
[1.309s] INFO:colcon.colcon_core.shell:Creating package script '/home/sebas/ros_ws/install/launch_nav/share/launch_nav/package.zsh'
[1.310s] Level 1:colcon.colcon_core.environment:create_file_with_runtime_dependencies(/home/sebas/ros_ws/install/launch_nav/share/colcon-core/packages/launch_nav)
[1.333s] Level 1:colcon.colcon_core.environment:create_environment_scripts_only(launch_nav)
[1.334s] Level 1:colcon.colcon_core.environment:checking '/home/sebas/ros_ws/install/launch_nav' for CMake module files
[1.334s] Level 1:colcon.colcon_core.environment:checking '/home/sebas/ros_ws/install/launch_nav' for CMake config files
[1.335s] Level 1:colcon.colcon_core.shell:create_environment_hook('launch_nav', 'cmake_prefix_path')
[1.335s] INFO:colcon.colcon_core.shell:Creating environment hook '/home/sebas/ros_ws/install/launch_nav/share/launch_nav/hook/cmake_prefix_path.ps1'
[1.335s] INFO:colcon.colcon_core.shell:Creating environment descriptor '/home/sebas/ros_ws/install/launch_nav/share/launch_nav/hook/cmake_prefix_path.dsv'
[1.336s] INFO:colcon.colcon_core.shell:Creating environment hook '/home/sebas/ros_ws/install/launch_nav/share/launch_nav/hook/cmake_prefix_path.sh'
[1.336s] Level 1:colcon.colcon_core.environment:checking '/home/sebas/ros_ws/install/launch_nav/bin'
[1.336s] Level 1:colcon.colcon_core.environment:checking '/home/sebas/ros_ws/install/launch_nav/lib/pkgconfig/launch_nav.pc'
[1.337s] Level 1:colcon.colcon_core.environment:checking '/home/sebas/ros_ws/install/launch_nav/lib/python3.10/site-packages'
[1.337s] Level 1:colcon.colcon_core.environment:checking '/home/sebas/ros_ws/install/launch_nav/bin'
[1.338s] INFO:colcon.colcon_core.shell:Creating package script '/home/sebas/ros_ws/install/launch_nav/share/launch_nav/package.ps1'
[1.338s] INFO:colcon.colcon_core.shell:Creating package descriptor '/home/sebas/ros_ws/install/launch_nav/share/launch_nav/package.dsv'
[1.339s] INFO:colcon.colcon_core.shell:Creating package script '/home/sebas/ros_ws/install/launch_nav/share/launch_nav/package.sh'
[1.339s] INFO:colcon.colcon_core.shell:Creating package script '/home/sebas/ros_ws/install/launch_nav/share/launch_nav/package.bash'
[1.339s] INFO:colcon.colcon_core.shell:Creating package script '/home/sebas/ros_ws/install/launch_nav/share/launch_nav/package.zsh'
[1.340s] Level 1:colcon.colcon_core.environment:create_file_with_runtime_dependencies(/home/sebas/ros_ws/install/launch_nav/share/colcon-core/packages/launch_nav)
[2.076s] DEBUG:colcon.colcon_core.event_handler.log_command:Invoked command in '/home/sebas/ros_ws/build/interfaces' returned '0': CMAKE_PREFIX_PATH=/home/sebas/ros2_ws/install/my_robot_controller:/opt/ros/humble /usr/bin/cmake /home/sebas/ros_ws/src/interfaces -DCMAKE_INSTALL_PREFIX=/home/sebas/ros_ws/install/interfaces
[2.078s] DEBUG:colcon.colcon_core.event_handler.log_command:Invoking command in '/home/sebas/ros_ws/build/interfaces': CMAKE_PREFIX_PATH=/home/sebas/ros2_ws/install/my_robot_controller:/opt/ros/humble /usr/bin/cmake --build /home/sebas/ros_ws/build/interfaces -- -j4 -l4
[4.810s] DEBUG:colcon.colcon_core.event_handler.log_command:Invoked command in '/home/sebas/ros_ws/build/interfaces' returned '0': CMAKE_PREFIX_PATH=/home/sebas/ros2_ws/install/my_robot_controller:/opt/ros/humble /usr/bin/cmake --build /home/sebas/ros_ws/build/interfaces -- -j4 -l4
[4.871s] DEBUG:colcon.colcon_core.event_handler.log_command:Invoking command in '/home/sebas/ros_ws/build/interfaces': CMAKE_PREFIX_PATH=/home/sebas/ros2_ws/install/my_robot_controller:/opt/ros/humble /usr/bin/cmake --install /home/sebas/ros_ws/build/interfaces
[4.942s] Level 1:colcon.colcon_core.environment:create_environment_scripts_only(interfaces)
[4.942s] Level 1:colcon.colcon_core.environment:checking '/home/sebas/ros_ws/install/interfaces' for CMake module files
[4.943s] DEBUG:colcon.colcon_core.event_handler.log_command:Invoked command in '/home/sebas/ros_ws/build/interfaces' returned '0': CMAKE_PREFIX_PATH=/home/sebas/ros2_ws/install/my_robot_controller:/opt/ros/humble /usr/bin/cmake --install /home/sebas/ros_ws/build/interfaces
[4.944s] Level 1:colcon.colcon_core.environment:checking '/home/sebas/ros_ws/install/interfaces' for CMake config files
[4.944s] Level 1:colcon.colcon_core.shell:create_environment_hook('interfaces', 'cmake_prefix_path')
[4.944s] INFO:colcon.colcon_core.shell:Creating environment hook '/home/sebas/ros_ws/install/interfaces/share/interfaces/hook/cmake_prefix_path.ps1'
[4.945s] INFO:colcon.colcon_core.shell:Creating environment descriptor '/home/sebas/ros_ws/install/interfaces/share/interfaces/hook/cmake_prefix_path.dsv'
[4.945s] INFO:colcon.colcon_core.shell:Creating environment hook '/home/sebas/ros_ws/install/interfaces/share/interfaces/hook/cmake_prefix_path.sh'
[4.946s] Level 1:colcon.colcon_core.environment:checking '/home/sebas/ros_ws/install/interfaces/lib'
[4.946s] Level 1:colcon.colcon_core.shell:create_environment_hook('interfaces', 'ld_library_path_lib')
[4.946s] INFO:colcon.colcon_core.shell:Creating environment hook '/home/sebas/ros_ws/install/interfaces/share/interfaces/hook/ld_library_path_lib.ps1'
[4.947s] INFO:colcon.colcon_core.shell:Creating environment descriptor '/home/sebas/ros_ws/install/interfaces/share/interfaces/hook/ld_library_path_lib.dsv'
[4.947s] INFO:colcon.colcon_core.shell:Creating environment hook '/home/sebas/ros_ws/install/interfaces/share/interfaces/hook/ld_library_path_lib.sh'
[4.947s] Level 1:colcon.colcon_core.environment:checking '/home/sebas/ros_ws/install/interfaces/bin'
[4.947s] Level 1:colcon.colcon_core.environment:checking '/home/sebas/ros_ws/install/interfaces/lib/pkgconfig/interfaces.pc'
[4.947s] Level 1:colcon.colcon_core.environment:checking '/home/sebas/ros_ws/install/interfaces/lib/python3.10/site-packages'
[4.948s] Level 1:colcon.colcon_core.environment:checking '/home/sebas/ros_ws/install/interfaces/bin'
[4.948s] INFO:colcon.colcon_core.shell:Creating package script '/home/sebas/ros_ws/install/interfaces/share/interfaces/package.ps1'
[4.948s] INFO:colcon.colcon_core.shell:Creating package descriptor '/home/sebas/ros_ws/install/interfaces/share/interfaces/package.dsv'
[4.949s] INFO:colcon.colcon_core.shell:Creating package script '/home/sebas/ros_ws/install/interfaces/share/interfaces/package.sh'
[4.949s] INFO:colcon.colcon_core.shell:Creating package script '/home/sebas/ros_ws/install/interfaces/share/interfaces/package.bash'
[4.949s] INFO:colcon.colcon_core.shell:Creating package script '/home/sebas/ros_ws/install/interfaces/share/interfaces/package.zsh'
[4.950s] Level 1:colcon.colcon_core.environment:create_file_with_runtime_dependencies(/home/sebas/ros_ws/install/interfaces/share/colcon-core/packages/interfaces)
[5.009s] Level 1:colcon.colcon_core.environment:create_environment_scripts_only(interfaces)
[5.009s] Level 1:colcon.colcon_core.environment:checking '/home/sebas/ros_ws/install/interfaces' for CMake module files
[5.011s] Level 1:colcon.colcon_core.environment:checking '/home/sebas/ros_ws/install/interfaces' for CMake config files
[5.012s] Level 1:colcon.colcon_core.shell:create_environment_hook('interfaces', 'cmake_prefix_path')
[5.012s] INFO:colcon.colcon_core.shell:Creating environment hook '/home/sebas/ros_ws/install/interfaces/share/interfaces/hook/cmake_prefix_path.ps1'
[5.012s] INFO:colcon.colcon_core.shell:Creating environment descriptor '/home/sebas/ros_ws/install/interfaces/share/interfaces/hook/cmake_prefix_path.dsv'
[5.013s] INFO:colcon.colcon_core.shell:Creating environment hook '/home/sebas/ros_ws/install/interfaces/share/interfaces/hook/cmake_prefix_path.sh'
[5.013s] Level 1:colcon.colcon_core.environment:checking '/home/sebas/ros_ws/install/interfaces/lib'
[5.013s] Level 1:colcon.colcon_core.shell:create_environment_hook('interfaces', 'ld_library_path_lib')
[5.014s] INFO:colcon.colcon_core.shell:Creating environment hook '/home/sebas/ros_ws/install/interfaces/share/interfaces/hook/ld_library_path_lib.ps1'
[5.014s] INFO:colcon.colcon_core.shell:Creating environment descriptor '/home/sebas/ros_ws/install/interfaces/share/interfaces/hook/ld_library_path_lib.dsv'
[5.014s] INFO:colcon.colcon_core.shell:Creating environment hook '/home/sebas/ros_ws/install/interfaces/share/interfaces/hook/ld_library_path_lib.sh'
[5.015s] Level 1:colcon.colcon_core.environment:checking '/home/sebas/ros_ws/install/interfaces/bin'
[5.015s] Level 1:colcon.colcon_core.environment:checking '/home/sebas/ros_ws/install/interfaces/lib/pkgconfig/interfaces.pc'
[5.015s] Level 1:colcon.colcon_core.environment:checking '/home/sebas/ros_ws/install/interfaces/lib/python3.10/site-packages'
[5.016s] Level 1:colcon.colcon_core.environment:checking '/home/sebas/ros_ws/install/interfaces/bin'
[5.016s] INFO:colcon.colcon_core.shell:Creating package script '/home/sebas/ros_ws/install/interfaces/share/interfaces/package.ps1'
[5.017s] INFO:colcon.colcon_core.shell:Creating package descriptor '/home/sebas/ros_ws/install/interfaces/share/interfaces/package.dsv'
[5.017s] INFO:colcon.colcon_core.shell:Creating package script '/home/sebas/ros_ws/install/interfaces/share/interfaces/package.sh'
[5.017s] INFO:colcon.colcon_core.shell:Creating package script '/home/sebas/ros_ws/install/interfaces/share/interfaces/package.bash'
[5.018s] INFO:colcon.colcon_core.shell:Creating package script '/home/sebas/ros_ws/install/interfaces/share/interfaces/package.zsh'
[5.018s] Level 1:colcon.colcon_core.environment:create_file_with_runtime_dependencies(/home/sebas/ros_ws/install/interfaces/share/colcon-core/packages/interfaces)
[5.018s] INFO:colcon.colcon_ros.task.ament_python.build:Building ROS package in '/home/sebas/ros_ws/src/testing/test_gps' with build type 'ament_python'
[5.019s] Level 1:colcon.colcon_core.shell:create_environment_hook('test_gps', 'ament_prefix_path')
[5.019s] INFO:colcon.colcon_core.shell:Creating environment hook '/home/sebas/ros_ws/install/test_gps/share/test_gps/hook/ament_prefix_path.ps1'
[5.020s] INFO:colcon.colcon_core.shell:Creating environment descriptor '/home/sebas/ros_ws/install/test_gps/share/test_gps/hook/ament_prefix_path.dsv'
[5.020s] INFO:colcon.colcon_core.shell:Creating environment hook '/home/sebas/ros_ws/install/test_gps/share/test_gps/hook/ament_prefix_path.sh'
[5.021s] INFO:colcon.colcon_core.shell:Skip shell extension 'powershell' for command environment: Not usable outside of PowerShell
[5.021s] DEBUG:colcon.colcon_core.shell:Skip shell extension 'dsv' for command environment
[5.280s] INFO:colcon.colcon_core.task.python.build:Building Python package in '/home/sebas/ros_ws/src/testing/test_gps'
[5.280s] INFO:colcon.colcon_core.shell:Skip shell extension 'powershell' for command environment: Not usable outside of PowerShell
[5.280s] DEBUG:colcon.colcon_core.shell:Skip shell extension 'dsv' for command environment
[5.623s] DEBUG:colcon.colcon_core.event_handler.log_command:Invoking command in '/home/sebas/ros_ws/src/testing/test_gps': AMENT_PREFIX_PATH=/home/sebas/ros_ws/install/interfaces:${AMENT_PREFIX_PATH} CMAKE_PREFIX_PATH=/home/sebas/ros_ws/install/interfaces LD_LIBRARY_PATH=/home/sebas/ros_ws/install/interfaces/lib:${LD_LIBRARY_PATH} PYTHONPATH=/home/sebas/ros_ws/build/test_gps/prefix_override:/usr/lib/python3/dist-packages/colcon_core/task/python/colcon_distutils_commands:/home/sebas/ros_ws/install/test_gps/lib/python3.10/site-packages:/home/sebas/ros_ws/install/interfaces/local/lib/python3.10/dist-packages:${PYTHONPATH} /usr/bin/python3 -W ignore:setup.py install is deprecated setup.py egg_info --egg-base ../../../build/test_gps build --build-base /home/sebas/ros_ws/build/test_gps/build install --record /home/sebas/ros_ws/build/test_gps/install.log --single-version-externally-managed install_data
[5.912s] Level 1:colcon.colcon_core.environment:checking '/home/sebas/ros_ws/install/test_gps' for CMake module files
[5.913s] DEBUG:colcon.colcon_core.event_handler.log_command:Invoked command in '/home/sebas/ros_ws/src/testing/test_gps' returned '0': AMENT_PREFIX_PATH=/home/sebas/ros_ws/install/interfaces:${AMENT_PREFIX_PATH} CMAKE_PREFIX_PATH=/home/sebas/ros_ws/install/interfaces LD_LIBRARY_PATH=/home/sebas/ros_ws/install/interfaces/lib:${LD_LIBRARY_PATH} PYTHONPATH=/home/sebas/ros_ws/build/test_gps/prefix_override:/usr/lib/python3/dist-packages/colcon_core/task/python/colcon_distutils_commands:/home/sebas/ros_ws/install/test_gps/lib/python3.10/site-packages:/home/sebas/ros_ws/install/interfaces/local/lib/python3.10/dist-packages:${PYTHONPATH} /usr/bin/python3 -W ignore:setup.py install is deprecated setup.py egg_info --egg-base ../../../build/test_gps build --build-base /home/sebas/ros_ws/build/test_gps/build install --record /home/sebas/ros_ws/build/test_gps/install.log --single-version-externally-managed install_data
[5.913s] Level 1:colcon.colcon_core.environment:checking '/home/sebas/ros_ws/install/test_gps' for CMake config files
[5.914s] Level 1:colcon.colcon_core.environment:checking '/home/sebas/ros_ws/install/test_gps/lib'
[5.914s] Level 1:colcon.colcon_core.environment:checking '/home/sebas/ros_ws/install/test_gps/bin'
[5.914s] Level 1:colcon.colcon_core.environment:checking '/home/sebas/ros_ws/install/test_gps/lib/pkgconfig/test_gps.pc'
[5.914s] Level 1:colcon.colcon_core.environment:checking '/home/sebas/ros_ws/install/test_gps/lib/python3.10/site-packages'
[5.914s] Level 1:colcon.colcon_core.shell:create_environment_hook('test_gps', 'pythonpath')
[5.915s] INFO:colcon.colcon_core.shell:Creating environment hook '/home/sebas/ros_ws/install/test_gps/share/test_gps/hook/pythonpath.ps1'
[5.915s] INFO:colcon.colcon_core.shell:Creating environment descriptor '/home/sebas/ros_ws/install/test_gps/share/test_gps/hook/pythonpath.dsv'
[5.916s] INFO:colcon.colcon_core.shell:Creating environment hook '/home/sebas/ros_ws/install/test_gps/share/test_gps/hook/pythonpath.sh'
[5.916s] Level 1:colcon.colcon_core.environment:checking '/home/sebas/ros_ws/install/test_gps/bin'
[5.916s] Level 1:colcon.colcon_core.environment:create_environment_scripts_only(test_gps)
[5.917s] INFO:colcon.colcon_core.shell:Creating package script '/home/sebas/ros_ws/install/test_gps/share/test_gps/package.ps1'
[5.917s] INFO:colcon.colcon_core.shell:Creating package descriptor '/home/sebas/ros_ws/install/test_gps/share/test_gps/package.dsv'
[5.918s] INFO:colcon.colcon_core.shell:Creating package script '/home/sebas/ros_ws/install/test_gps/share/test_gps/package.sh'
[5.918s] INFO:colcon.colcon_core.shell:Creating package script '/home/sebas/ros_ws/install/test_gps/share/test_gps/package.bash'
[5.919s] INFO:colcon.colcon_core.shell:Creating package script '/home/sebas/ros_ws/install/test_gps/share/test_gps/package.zsh'
[5.919s] Level 1:colcon.colcon_core.environment:create_file_with_runtime_dependencies(/home/sebas/ros_ws/install/test_gps/share/colcon-core/packages/test_gps)
[5.919s] INFO:colcon.colcon_ros.task.ament_cmake.build:Building ROS package in '/home/sebas/ros_ws/src/testing/launch_test' with build type 'ament_cmake'
[5.919s] INFO:colcon.colcon_cmake.task.cmake.build:Building CMake package in '/home/sebas/ros_ws/src/testing/launch_test'
[5.920s] INFO:colcon.colcon_core.shell:Skip shell extension 'powershell' for command environment: Not usable outside of PowerShell
[5.920s] DEBUG:colcon.colcon_core.shell:Skip shell extension 'dsv' for command environment
[5.930s] DEBUG:colcon.colcon_core.event_handler.log_command:Invoking command in '/home/sebas/ros_ws/build/launch_test': AMENT_PREFIX_PATH=/home/sebas/ros_ws/install/test_gps:/home/sebas/ros_ws/install/interfaces:${AMENT_PREFIX_PATH} CMAKE_PREFIX_PATH=/home/sebas/ros_ws/install/interfaces:/home/sebas/ros2_ws/install/my_robot_controller:/opt/ros/humble LD_LIBRARY_PATH=/home/sebas/ros_ws/install/interfaces/lib:${LD_LIBRARY_PATH} PYTHONPATH=/home/sebas/ros_ws/install/test_gps/lib/python3.10/site-packages:/home/sebas/ros_ws/install/interfaces/local/lib/python3.10/dist-packages:${PYTHONPATH} /usr/bin/cmake /home/sebas/ros_ws/src/testing/launch_test -DCMAKE_INSTALL_PREFIX=/home/sebas/ros_ws/install/launch_test
[6.597s] DEBUG:colcon.colcon_core.event_handler.log_command:Invoked command in '/home/sebas/ros_ws/build/launch_test' returned '0': AMENT_PREFIX_PATH=/home/sebas/ros_ws/install/test_gps:/home/sebas/ros_ws/install/interfaces:${AMENT_PREFIX_PATH} CMAKE_PREFIX_PATH=/home/sebas/ros_ws/install/interfaces:/home/sebas/ros2_ws/install/my_robot_controller:/opt/ros/humble LD_LIBRARY_PATH=/home/sebas/ros_ws/install/interfaces/lib:${LD_LIBRARY_PATH} PYTHONPATH=/home/sebas/ros_ws/install/test_gps/lib/python3.10/site-packages:/home/sebas/ros_ws/install/interfaces/local/lib/python3.10/dist-packages:${PYTHONPATH} /usr/bin/cmake /home/sebas/ros_ws/src/testing/launch_test -DCMAKE_INSTALL_PREFIX=/home/sebas/ros_ws/install/launch_test
[6.599s] DEBUG:colcon.colcon_core.event_handler.log_command:Invoking command in '/home/sebas/ros_ws/build/launch_test': AMENT_PREFIX_PATH=/home/sebas/ros_ws/install/test_gps:/home/sebas/ros_ws/install/interfaces:${AMENT_PREFIX_PATH} CMAKE_PREFIX_PATH=/home/sebas/ros_ws/install/interfaces:/home/sebas/ros2_ws/install/my_robot_controller:/opt/ros/humble LD_LIBRARY_PATH=/home/sebas/ros_ws/install/interfaces/lib:${LD_LIBRARY_PATH} PYTHONPATH=/home/sebas/ros_ws/install/test_gps/lib/python3.10/site-packages:/home/sebas/ros_ws/install/interfaces/local/lib/python3.10/dist-packages:${PYTHONPATH} /usr/bin/cmake --build /home/sebas/ros_ws/build/launch_test -- -j4 -l4
[6.638s] DEBUG:colcon.colcon_core.event_handler.log_command:Invoked command in '/home/sebas/ros_ws/build/launch_test' returned '0': AMENT_PREFIX_PATH=/home/sebas/ros_ws/install/test_gps:/home/sebas/ros_ws/install/interfaces:${AMENT_PREFIX_PATH} CMAKE_PREFIX_PATH=/home/sebas/ros_ws/install/interfaces:/home/sebas/ros2_ws/install/my_robot_controller:/opt/ros/humble LD_LIBRARY_PATH=/home/sebas/ros_ws/install/interfaces/lib:${LD_LIBRARY_PATH} PYTHONPATH=/home/sebas/ros_ws/install/test_gps/lib/python3.10/site-packages:/home/sebas/ros_ws/install/interfaces/local/lib/python3.10/dist-packages:${PYTHONPATH} /usr/bin/cmake --build /home/sebas/ros_ws/build/launch_test -- -j4 -l4
[6.661s] DEBUG:colcon.colcon_core.event_handler.log_command:Invoking command in '/home/sebas/ros_ws/build/launch_test': AMENT_PREFIX_PATH=/home/sebas/ros_ws/install/test_gps:/home/sebas/ros_ws/install/interfaces:${AMENT_PREFIX_PATH} CMAKE_PREFIX_PATH=/home/sebas/ros_ws/install/interfaces:/home/sebas/ros2_ws/install/my_robot_controller:/opt/ros/humble LD_LIBRARY_PATH=/home/sebas/ros_ws/install/interfaces/lib:${LD_LIBRARY_PATH} PYTHONPATH=/home/sebas/ros_ws/install/test_gps/lib/python3.10/site-packages:/home/sebas/ros_ws/install/interfaces/local/lib/python3.10/dist-packages:${PYTHONPATH} /usr/bin/cmake --install /home/sebas/ros_ws/build/launch_test
[6.674s] Level 1:colcon.colcon_core.environment:create_environment_scripts_only(launch_test)
[6.675s] Level 1:colcon.colcon_core.environment:checking '/home/sebas/ros_ws/install/launch_test' for CMake module files
[6.675s] DEBUG:colcon.colcon_core.event_handler.log_command:Invoked command in '/home/sebas/ros_ws/build/launch_test' returned '0': AMENT_PREFIX_PATH=/home/sebas/ros_ws/install/test_gps:/home/sebas/ros_ws/install/interfaces:${AMENT_PREFIX_PATH} CMAKE_PREFIX_PATH=/home/sebas/ros_ws/install/interfaces:/home/sebas/ros2_ws/install/my_robot_controller:/opt/ros/humble LD_LIBRARY_PATH=/home/sebas/ros_ws/install/interfaces/lib:${LD_LIBRARY_PATH} PYTHONPATH=/home/sebas/ros_ws/install/test_gps/lib/python3.10/site-packages:/home/sebas/ros_ws/install/interfaces/local/lib/python3.10/dist-packages:${PYTHONPATH} /usr/bin/cmake --install /home/sebas/ros_ws/build/launch_test
[6.676s] Level 1:colcon.colcon_core.environment:checking '/home/sebas/ros_ws/install/launch_test' for CMake config files
[6.676s] Level 1:colcon.colcon_core.shell:create_environment_hook('launch_test', 'cmake_prefix_path')
[6.676s] INFO:colcon.colcon_core.shell:Creating environment hook '/home/sebas/ros_ws/install/launch_test/share/launch_test/hook/cmake_prefix_path.ps1'
[6.677s] INFO:colcon.colcon_core.shell:Creating environment descriptor '/home/sebas/ros_ws/install/launch_test/share/launch_test/hook/cmake_prefix_path.dsv'
[6.677s] INFO:colcon.colcon_core.shell:Creating environment hook '/home/sebas/ros_ws/install/launch_test/share/launch_test/hook/cmake_prefix_path.sh'
[6.677s] Level 1:colcon.colcon_core.environment:checking '/home/sebas/ros_ws/install/launch_test/bin'
[6.677s] Level 1:colcon.colcon_core.environment:checking '/home/sebas/ros_ws/install/launch_test/lib/pkgconfig/launch_test.pc'
[6.677s] Level 1:colcon.colcon_core.environment:checking '/home/sebas/ros_ws/install/launch_test/lib/python3.10/site-packages'
[6.678s] Level 1:colcon.colcon_core.environment:checking '/home/sebas/ros_ws/install/launch_test/bin'
[6.678s] INFO:colcon.colcon_core.shell:Creating package script '/home/sebas/ros_ws/install/launch_test/share/launch_test/package.ps1'
[6.678s] INFO:colcon.colcon_core.shell:Creating package descriptor '/home/sebas/ros_ws/install/launch_test/share/launch_test/package.dsv'
[6.679s] INFO:colcon.colcon_core.shell:Creating package script '/home/sebas/ros_ws/install/launch_test/share/launch_test/package.sh'
[6.679s] INFO:colcon.colcon_core.shell:Creating package script '/home/sebas/ros_ws/install/launch_test/share/launch_test/package.bash'
[6.679s] INFO:colcon.colcon_core.shell:Creating package script '/home/sebas/ros_ws/install/launch_test/share/launch_test/package.zsh'
[6.679s] Level 1:colcon.colcon_core.environment:create_file_with_runtime_dependencies(/home/sebas/ros_ws/install/launch_test/share/colcon-core/packages/launch_test)
[6.701s] Level 1:colcon.colcon_core.environment:create_environment_scripts_only(launch_test)
[6.702s] Level 1:colcon.colcon_core.environment:checking '/home/sebas/ros_ws/install/launch_test' for CMake module files
[6.702s] Level 1:colcon.colcon_core.environment:checking '/home/sebas/ros_ws/install/launch_test' for CMake config files
[6.702s] Level 1:colcon.colcon_core.shell:create_environment_hook('launch_test', 'cmake_prefix_path')
[6.702s] INFO:colcon.colcon_core.shell:Creating environment hook '/home/sebas/ros_ws/install/launch_test/share/launch_test/hook/cmake_prefix_path.ps1'
[6.703s] INFO:colcon.colcon_core.shell:Creating environment descriptor '/home/sebas/ros_ws/install/launch_test/share/launch_test/hook/cmake_prefix_path.dsv'
[6.703s] INFO:colcon.colcon_core.shell:Creating environment hook '/home/sebas/ros_ws/install/launch_test/share/launch_test/hook/cmake_prefix_path.sh'
[6.704s] Level 1:colcon.colcon_core.environment:checking '/home/sebas/ros_ws/install/launch_test/bin'
[6.704s] Level 1:colcon.colcon_core.environment:checking '/home/sebas/ros_ws/install/launch_test/lib/pkgconfig/launch_test.pc'
[6.704s] Level 1:colcon.colcon_core.environment:checking '/home/sebas/ros_ws/install/launch_test/lib/python3.10/site-packages'
[6.704s] Level 1:colcon.colcon_core.environment:checking '/home/sebas/ros_ws/install/launch_test/bin'
[6.704s] INFO:colcon.colcon_core.shell:Creating package script '/home/sebas/ros_ws/install/launch_test/share/launch_test/package.ps1'
[6.705s] INFO:colcon.colcon_core.shell:Creating package descriptor '/home/sebas/ros_ws/install/launch_test/share/launch_test/package.dsv'
[6.705s] INFO:colcon.colcon_core.shell:Creating package script '/home/sebas/ros_ws/install/launch_test/share/launch_test/package.sh'
[6.706s] INFO:colcon.colcon_core.shell:Creating package script '/home/sebas/ros_ws/install/launch_test/share/launch_test/package.bash'
[6.706s] INFO:colcon.colcon_core.shell:Creating package script '/home/sebas/ros_ws/install/launch_test/share/launch_test/package.zsh'
[6.706s] Level 1:colcon.colcon_core.environment:create_file_with_runtime_dependencies(/home/sebas/ros_ws/install/launch_test/share/colcon-core/packages/launch_test)
[6.707s] DEBUG:colcon.colcon_parallel_executor.executor.parallel:closing loop
[6.707s] DEBUG:colcon.colcon_parallel_executor.executor.parallel:loop closed
[6.707s] DEBUG:colcon.colcon_parallel_executor.executor.parallel:run_until_complete finished with '0'
[6.707s] DEBUG:colcon.colcon_core.event_reactor:joining thread
[6.713s] INFO:colcon.colcon_core.plugin_system:Skipping extension 'colcon_notification.desktop_notification.terminal_notifier': Not used on non-Darwin systems
[6.713s] INFO:colcon.colcon_core.plugin_system:Skipping extension 'colcon_notification.desktop_notification.win32': Not used on non-Windows systems
[6.713s] INFO:colcon.colcon_notification.desktop_notification:Sending desktop notification using 'notify2'
[6.730s] DEBUG:colcon.colcon_core.event_reactor:joined thread
[6.731s] INFO:colcon.colcon_core.shell:Creating prefix script '/home/sebas/ros_ws/install/local_setup.ps1'
[6.732s] INFO:colcon.colcon_core.shell:Creating prefix util module '/home/sebas/ros_ws/install/_local_setup_util_ps1.py'
[6.735s] INFO:colcon.colcon_core.shell:Creating prefix chain script '/home/sebas/ros_ws/install/setup.ps1'
[6.737s] INFO:colcon.colcon_core.shell:Creating prefix script '/home/sebas/ros_ws/install/local_setup.sh'
[6.738s] INFO:colcon.colcon_core.shell:Creating prefix util module '/home/sebas/ros_ws/install/_local_setup_util_sh.py'
[6.738s] INFO:colcon.colcon_core.shell:Creating prefix chain script '/home/sebas/ros_ws/install/setup.sh'
[6.740s] INFO:colcon.colcon_core.shell:Creating prefix script '/home/sebas/ros_ws/install/local_setup.bash'
[6.741s] INFO:colcon.colcon_core.shell:Creating prefix chain script '/home/sebas/ros_ws/install/setup.bash'
[6.742s] INFO:colcon.colcon_core.shell:Creating prefix script '/home/sebas/ros_ws/install/local_setup.zsh'
[6.743s] INFO:colcon.colcon_core.shell:Creating prefix chain script '/home/sebas/ros_ws/install/setup.zsh'
