[0.015s] Invoking command in '/home/sebas/ros_ws/build/interfaces': CMAKE_PREFIX_PATH=/home/sebas/ros2_ws/install/my_robot_controller:/opt/ros/humble /usr/bin/cmake --build /home/sebas/ros_ws/build/interfaces -- -j4 -l4
[0.065s] [35m[1mConsolidate compiler generated dependencies of target interfaces__rosidl_generator_c[0m
[0.078s] [  3%] Built target interfaces__cpp
[0.079s] [ 12%] Built target interfaces__rosidl_generator_c
[0.096s] [35m[1mConsolidate compiler generated dependencies of target interfaces__rosidl_typesupport_introspection_cpp[0m
[0.096s] [35m[1mConsolidate compiler generated dependencies of target interfaces__rosidl_typesupport_cpp[0m
[0.102s] [35m[1mConsolidate compiler generated dependencies of target interfaces__rosidl_typesupport_fastrtps_cpp[0m
[0.107s] [ 12%] Built target ament_cmake_python_copy_interfaces
[0.120s] [ 22%] Built target interfaces__rosidl_typesupport_cpp
[0.123s] [ 32%] Built target interfaces__rosidl_typesupport_introspection_cpp
[0.130s] [ 41%] Built target interfaces__rosidl_typesupport_fastrtps_cpp
[0.140s] [35m[1mConsolidate compiler generated dependencies of target interfaces__rosidl_typesupport_fastrtps_c[0m
[0.141s] [35m[1mConsolidate compiler generated dependencies of target interfaces__rosidl_typesupport_introspection_c[0m
[0.153s] [35m[1mConsolidate compiler generated dependencies of target interfaces__rosidl_typesupport_c[0m
[0.157s] [ 51%] Built target interfaces__rosidl_typesupport_fastrtps_c
[0.168s] [ 61%] Built target interfaces__rosidl_typesupport_introspection_c
[0.173s] [ 70%] Built target interfaces__rosidl_typesupport_c
[0.203s] [ 70%] Built target interfaces
[0.235s] [ 74%] Built target interfaces__py
[0.250s] [35m[1mConsolidate compiler generated dependencies of target interfaces__rosidl_generator_py[0m
[0.269s] [ 80%] Built target interfaces__rosidl_generator_py
[0.287s] [35m[1mConsolidate compiler generated dependencies of target interfaces__rosidl_typesupport_introspection_c__pyext[0m
[0.287s] [35m[1mConsolidate compiler generated dependencies of target interfaces__rosidl_typesupport_fastrtps_c__pyext[0m
[0.301s] [35m[1mConsolidate compiler generated dependencies of target interfaces__rosidl_typesupport_c__pyext[0m
[0.308s] [ 87%] Built target interfaces__rosidl_typesupport_introspection_c__pyext
[0.317s] [ 93%] Built target interfaces__rosidl_typesupport_fastrtps_c__pyext
[0.319s] [100%] Built target interfaces__rosidl_typesupport_c__pyext
[0.442s] running egg_info
[0.443s] writing interfaces.egg-info/PKG-INFO
[0.443s] writing dependency_links to interfaces.egg-info/dependency_links.txt
[0.443s] writing top-level names to interfaces.egg-info/top_level.txt
[0.446s] reading manifest file 'interfaces.egg-info/SOURCES.txt'
[0.446s] writing manifest file 'interfaces.egg-info/SOURCES.txt'
[0.479s] [100%] Built target ament_cmake_python_build_interfaces_egg
[0.492s] Invoked command in '/home/sebas/ros_ws/build/interfaces' returned '0': CMAKE_PREFIX_PATH=/home/sebas/ros2_ws/install/my_robot_controller:/opt/ros/humble /usr/bin/cmake --build /home/sebas/ros_ws/build/interfaces -- -j4 -l4
[0.564s] Invoking command in '/home/sebas/ros_ws/build/interfaces': CMAKE_PREFIX_PATH=/home/sebas/ros2_ws/install/my_robot_controller:/opt/ros/humble /usr/bin/cmake --install /home/sebas/ros_ws/build/interfaces
[0.575s] -- Install configuration: ""
[0.575s] -- Up-to-date: /home/sebas/ros_ws/install/interfaces/share/ament_index/resource_index/rosidl_interfaces/interfaces
[0.576s] -- Up-to-date: /home/sebas/ros_ws/install/interfaces/include/interfaces/interfaces
[0.576s] -- Up-to-date: /home/sebas/ros_ws/install/interfaces/include/interfaces/interfaces/msg
[0.576s] -- Up-to-date: /home/sebas/ros_ws/install/interfaces/include/interfaces/interfaces/msg/detail
[0.576s] -- Up-to-date: /home/sebas/ros_ws/install/interfaces/include/interfaces/interfaces/msg/detail/example__type_support.h
[0.576s] -- Up-to-date: /home/sebas/ros_ws/install/interfaces/include/interfaces/interfaces/msg/detail/example__struct.h
[0.576s] -- Up-to-date: /home/sebas/ros_ws/install/interfaces/include/interfaces/interfaces/msg/detail/example__functions.c
[0.576s] -- Up-to-date: /home/sebas/ros_ws/install/interfaces/include/interfaces/interfaces/msg/detail/example__functions.h
[0.576s] -- Up-to-date: /home/sebas/ros_ws/install/interfaces/include/interfaces/interfaces/msg/rosidl_generator_c__visibility_control.h
[0.577s] -- Up-to-date: /home/sebas/ros_ws/install/interfaces/include/interfaces/interfaces/msg/example.h
[0.577s] -- Up-to-date: /home/sebas/ros_ws/install/interfaces/share/interfaces/environment/library_path.sh
[0.577s] -- Up-to-date: /home/sebas/ros_ws/install/interfaces/share/interfaces/environment/library_path.dsv
[0.577s] -- Up-to-date: /home/sebas/ros_ws/install/interfaces/lib/libinterfaces__rosidl_generator_c.so
[0.577s] -- Up-to-date: /home/sebas/ros_ws/install/interfaces/include/interfaces/interfaces
[0.577s] -- Up-to-date: /home/sebas/ros_ws/install/interfaces/include/interfaces/interfaces/msg
[0.577s] -- Up-to-date: /home/sebas/ros_ws/install/interfaces/include/interfaces/interfaces/msg/rosidl_typesupport_fastrtps_c__visibility_control.h
[0.577s] -- Up-to-date: /home/sebas/ros_ws/install/interfaces/include/interfaces/interfaces/msg/detail
[0.578s] -- Up-to-date: /home/sebas/ros_ws/install/interfaces/include/interfaces/interfaces/msg/detail/example__rosidl_typesupport_fastrtps_c.h
[0.578s] -- Up-to-date: /home/sebas/ros_ws/install/interfaces/lib/libinterfaces__rosidl_typesupport_fastrtps_c.so
[0.578s] -- Up-to-date: /home/sebas/ros_ws/install/interfaces/include/interfaces/interfaces
[0.578s] -- Up-to-date: /home/sebas/ros_ws/install/interfaces/include/interfaces/interfaces/msg
[0.578s] -- Up-to-date: /home/sebas/ros_ws/install/interfaces/include/interfaces/interfaces/msg/detail
[0.578s] -- Up-to-date: /home/sebas/ros_ws/install/interfaces/include/interfaces/interfaces/msg/detail/example__type_support.c
[0.578s] -- Up-to-date: /home/sebas/ros_ws/install/interfaces/include/interfaces/interfaces/msg/detail/example__rosidl_typesupport_introspection_c.h
[0.578s] -- Up-to-date: /home/sebas/ros_ws/install/interfaces/include/interfaces/interfaces/msg/rosidl_typesupport_introspection_c__visibility_control.h
[0.579s] -- Up-to-date: /home/sebas/ros_ws/install/interfaces/lib/libinterfaces__rosidl_typesupport_introspection_c.so
[0.579s] -- Up-to-date: /home/sebas/ros_ws/install/interfaces/lib/libinterfaces__rosidl_typesupport_c.so
[0.579s] -- Up-to-date: /home/sebas/ros_ws/install/interfaces/include/interfaces/interfaces
[0.579s] -- Up-to-date: /home/sebas/ros_ws/install/interfaces/include/interfaces/interfaces/msg
[0.579s] -- Up-to-date: /home/sebas/ros_ws/install/interfaces/include/interfaces/interfaces/msg/example.hpp
[0.579s] -- Up-to-date: /home/sebas/ros_ws/install/interfaces/include/interfaces/interfaces/msg/detail
[0.579s] -- Up-to-date: /home/sebas/ros_ws/install/interfaces/include/interfaces/interfaces/msg/detail/example__traits.hpp
[0.580s] -- Up-to-date: /home/sebas/ros_ws/install/interfaces/include/interfaces/interfaces/msg/detail/example__builder.hpp
[0.580s] -- Up-to-date: /home/sebas/ros_ws/install/interfaces/include/interfaces/interfaces/msg/detail/example__struct.hpp
[0.580s] -- Up-to-date: /home/sebas/ros_ws/install/interfaces/include/interfaces/interfaces
[0.580s] -- Up-to-date: /home/sebas/ros_ws/install/interfaces/include/interfaces/interfaces/msg
[0.580s] -- Up-to-date: /home/sebas/ros_ws/install/interfaces/include/interfaces/interfaces/msg/rosidl_typesupport_fastrtps_cpp__visibility_control.h
[0.580s] -- Up-to-date: /home/sebas/ros_ws/install/interfaces/include/interfaces/interfaces/msg/detail
[0.580s] -- Up-to-date: /home/sebas/ros_ws/install/interfaces/include/interfaces/interfaces/msg/detail/dds_fastrtps
[0.580s] -- Up-to-date: /home/sebas/ros_ws/install/interfaces/include/interfaces/interfaces/msg/detail/example__rosidl_typesupport_fastrtps_cpp.hpp
[0.581s] -- Up-to-date: /home/sebas/ros_ws/install/interfaces/lib/libinterfaces__rosidl_typesupport_fastrtps_cpp.so
[0.581s] -- Up-to-date: /home/sebas/ros_ws/install/interfaces/include/interfaces/interfaces
[0.581s] -- Up-to-date: /home/sebas/ros_ws/install/interfaces/include/interfaces/interfaces/msg
[0.581s] -- Up-to-date: /home/sebas/ros_ws/install/interfaces/include/interfaces/interfaces/msg/detail
[0.581s] -- Up-to-date: /home/sebas/ros_ws/install/interfaces/include/interfaces/interfaces/msg/detail/example__type_support.cpp
[0.581s] -- Up-to-date: /home/sebas/ros_ws/install/interfaces/include/interfaces/interfaces/msg/detail/example__rosidl_typesupport_introspection_cpp.hpp
[0.581s] -- Up-to-date: /home/sebas/ros_ws/install/interfaces/lib/libinterfaces__rosidl_typesupport_introspection_cpp.so
[0.581s] -- Up-to-date: /home/sebas/ros_ws/install/interfaces/lib/libinterfaces__rosidl_typesupport_cpp.so
[0.582s] -- Up-to-date: /home/sebas/ros_ws/install/interfaces/share/interfaces/environment/pythonpath.sh
[0.582s] -- Up-to-date: /home/sebas/ros_ws/install/interfaces/share/interfaces/environment/pythonpath.dsv
[0.582s] -- Up-to-date: /home/sebas/ros_ws/install/interfaces/local/lib/python3.10/dist-packages/interfaces-0.0.0-py3.10.egg-info
[0.582s] -- Installing: /home/sebas/ros_ws/install/interfaces/local/lib/python3.10/dist-packages/interfaces-0.0.0-py3.10.egg-info/dependency_links.txt
[0.582s] -- Installing: /home/sebas/ros_ws/install/interfaces/local/lib/python3.10/dist-packages/interfaces-0.0.0-py3.10.egg-info/PKG-INFO
[0.582s] -- Installing: /home/sebas/ros_ws/install/interfaces/local/lib/python3.10/dist-packages/interfaces-0.0.0-py3.10.egg-info/top_level.txt
[0.582s] -- Installing: /home/sebas/ros_ws/install/interfaces/local/lib/python3.10/dist-packages/interfaces-0.0.0-py3.10.egg-info/SOURCES.txt
[0.582s] -- Up-to-date: /home/sebas/ros_ws/install/interfaces/local/lib/python3.10/dist-packages/interfaces
[0.582s] -- Up-to-date: /home/sebas/ros_ws/install/interfaces/local/lib/python3.10/dist-packages/interfaces/_interfaces_s.ep.rosidl_typesupport_fastrtps_c.c
[0.583s] -- Up-to-date: /home/sebas/ros_ws/install/interfaces/local/lib/python3.10/dist-packages/interfaces/interfaces_s__rosidl_typesupport_fastrtps_c.cpython-310-x86_64-linux-gnu.so
[0.583s] -- Up-to-date: /home/sebas/ros_ws/install/interfaces/local/lib/python3.10/dist-packages/interfaces/_interfaces_s.ep.rosidl_typesupport_c.c
[0.583s] -- Up-to-date: /home/sebas/ros_ws/install/interfaces/local/lib/python3.10/dist-packages/interfaces/_interfaces_s.ep.rosidl_typesupport_introspection_c.c
[0.583s] -- Up-to-date: /home/sebas/ros_ws/install/interfaces/local/lib/python3.10/dist-packages/interfaces/libinterfaces__rosidl_generator_py.so
[0.583s] -- Up-to-date: /home/sebas/ros_ws/install/interfaces/local/lib/python3.10/dist-packages/interfaces/__init__.py
[0.583s] -- Up-to-date: /home/sebas/ros_ws/install/interfaces/local/lib/python3.10/dist-packages/interfaces/interfaces_s__rosidl_typesupport_c.cpython-310-x86_64-linux-gnu.so
[0.583s] -- Up-to-date: /home/sebas/ros_ws/install/interfaces/local/lib/python3.10/dist-packages/interfaces/msg
[0.583s] -- Up-to-date: /home/sebas/ros_ws/install/interfaces/local/lib/python3.10/dist-packages/interfaces/msg/_example_s.c
[0.584s] -- Up-to-date: /home/sebas/ros_ws/install/interfaces/local/lib/python3.10/dist-packages/interfaces/msg/__init__.py
[0.584s] -- Up-to-date: /home/sebas/ros_ws/install/interfaces/local/lib/python3.10/dist-packages/interfaces/msg/_example.py
[0.584s] -- Up-to-date: /home/sebas/ros_ws/install/interfaces/local/lib/python3.10/dist-packages/interfaces/interfaces_s__rosidl_typesupport_introspection_c.cpython-310-x86_64-linux-gnu.so
[0.614s] Listing '/home/sebas/ros_ws/install/interfaces/local/lib/python3.10/dist-packages/interfaces'...
[0.614s] Listing '/home/sebas/ros_ws/install/interfaces/local/lib/python3.10/dist-packages/interfaces/msg'...
[0.619s] -- Up-to-date: /home/sebas/ros_ws/install/interfaces/local/lib/python3.10/dist-packages/interfaces/interfaces_s__rosidl_typesupport_fastrtps_c.cpython-310-x86_64-linux-gnu.so
[0.620s] -- Up-to-date: /home/sebas/ros_ws/install/interfaces/local/lib/python3.10/dist-packages/interfaces/interfaces_s__rosidl_typesupport_introspection_c.cpython-310-x86_64-linux-gnu.so
[0.620s] -- Up-to-date: /home/sebas/ros_ws/install/interfaces/local/lib/python3.10/dist-packages/interfaces/interfaces_s__rosidl_typesupport_c.cpython-310-x86_64-linux-gnu.so
[0.621s] -- Up-to-date: /home/sebas/ros_ws/install/interfaces/lib/libinterfaces__rosidl_generator_py.so
[0.621s] -- Up-to-date: /home/sebas/ros_ws/install/interfaces/share/interfaces/msg/Example.idl
[0.621s] -- Up-to-date: /home/sebas/ros_ws/install/interfaces/share/interfaces/msg/Example.msg
[0.622s] -- Up-to-date: /home/sebas/ros_ws/install/interfaces/share/ament_index/resource_index/package_run_dependencies/interfaces
[0.622s] -- Up-to-date: /home/sebas/ros_ws/install/interfaces/share/ament_index/resource_index/parent_prefix_path/interfaces
[0.622s] -- Up-to-date: /home/sebas/ros_ws/install/interfaces/share/interfaces/environment/ament_prefix_path.sh
[0.622s] -- Up-to-date: /home/sebas/ros_ws/install/interfaces/share/interfaces/environment/ament_prefix_path.dsv
[0.622s] -- Up-to-date: /home/sebas/ros_ws/install/interfaces/share/interfaces/environment/path.sh
[0.622s] -- Up-to-date: /home/sebas/ros_ws/install/interfaces/share/interfaces/environment/path.dsv
[0.622s] -- Up-to-date: /home/sebas/ros_ws/install/interfaces/share/interfaces/local_setup.bash
[0.623s] -- Up-to-date: /home/sebas/ros_ws/install/interfaces/share/interfaces/local_setup.sh
[0.623s] -- Up-to-date: /home/sebas/ros_ws/install/interfaces/share/interfaces/local_setup.zsh
[0.623s] -- Up-to-date: /home/sebas/ros_ws/install/interfaces/share/interfaces/local_setup.dsv
[0.623s] -- Installing: /home/sebas/ros_ws/install/interfaces/share/interfaces/package.dsv
[0.623s] -- Up-to-date: /home/sebas/ros_ws/install/interfaces/share/ament_index/resource_index/packages/interfaces
[0.623s] -- Up-to-date: /home/sebas/ros_ws/install/interfaces/share/interfaces/cmake/export_interfaces__rosidl_generator_cExport.cmake
[0.623s] -- Up-to-date: /home/sebas/ros_ws/install/interfaces/share/interfaces/cmake/export_interfaces__rosidl_generator_cExport-noconfig.cmake
[0.624s] -- Up-to-date: /home/sebas/ros_ws/install/interfaces/share/interfaces/cmake/export_interfaces__rosidl_typesupport_fastrtps_cExport.cmake
[0.624s] -- Up-to-date: /home/sebas/ros_ws/install/interfaces/share/interfaces/cmake/export_interfaces__rosidl_typesupport_fastrtps_cExport-noconfig.cmake
[0.624s] -- Up-to-date: /home/sebas/ros_ws/install/interfaces/share/interfaces/cmake/interfaces__rosidl_typesupport_introspection_cExport.cmake
[0.624s] -- Up-to-date: /home/sebas/ros_ws/install/interfaces/share/interfaces/cmake/interfaces__rosidl_typesupport_introspection_cExport-noconfig.cmake
[0.624s] -- Up-to-date: /home/sebas/ros_ws/install/interfaces/share/interfaces/cmake/interfaces__rosidl_typesupport_cExport.cmake
[0.624s] -- Up-to-date: /home/sebas/ros_ws/install/interfaces/share/interfaces/cmake/interfaces__rosidl_typesupport_cExport-noconfig.cmake
[0.624s] -- Up-to-date: /home/sebas/ros_ws/install/interfaces/share/interfaces/cmake/export_interfaces__rosidl_generator_cppExport.cmake
[0.624s] -- Up-to-date: /home/sebas/ros_ws/install/interfaces/share/interfaces/cmake/export_interfaces__rosidl_typesupport_fastrtps_cppExport.cmake
[0.625s] -- Up-to-date: /home/sebas/ros_ws/install/interfaces/share/interfaces/cmake/export_interfaces__rosidl_typesupport_fastrtps_cppExport-noconfig.cmake
[0.625s] -- Up-to-date: /home/sebas/ros_ws/install/interfaces/share/interfaces/cmake/interfaces__rosidl_typesupport_introspection_cppExport.cmake
[0.625s] -- Up-to-date: /home/sebas/ros_ws/install/interfaces/share/interfaces/cmake/interfaces__rosidl_typesupport_introspection_cppExport-noconfig.cmake
[0.625s] -- Up-to-date: /home/sebas/ros_ws/install/interfaces/share/interfaces/cmake/interfaces__rosidl_typesupport_cppExport.cmake
[0.625s] -- Up-to-date: /home/sebas/ros_ws/install/interfaces/share/interfaces/cmake/interfaces__rosidl_typesupport_cppExport-noconfig.cmake
[0.625s] -- Up-to-date: /home/sebas/ros_ws/install/interfaces/share/interfaces/cmake/export_interfaces__rosidl_generator_pyExport.cmake
[0.625s] -- Up-to-date: /home/sebas/ros_ws/install/interfaces/share/interfaces/cmake/export_interfaces__rosidl_generator_pyExport-noconfig.cmake
[0.626s] -- Up-to-date: /home/sebas/ros_ws/install/interfaces/share/interfaces/cmake/rosidl_cmake-extras.cmake
[0.626s] -- Up-to-date: /home/sebas/ros_ws/install/interfaces/share/interfaces/cmake/ament_cmake_export_include_directories-extras.cmake
[0.626s] -- Up-to-date: /home/sebas/ros_ws/install/interfaces/share/interfaces/cmake/ament_cmake_export_libraries-extras.cmake
[0.626s] -- Up-to-date: /home/sebas/ros_ws/install/interfaces/share/interfaces/cmake/ament_cmake_export_targets-extras.cmake
[0.626s] -- Up-to-date: /home/sebas/ros_ws/install/interfaces/share/interfaces/cmake/rosidl_cmake_export_typesupport_targets-extras.cmake
[0.626s] -- Up-to-date: /home/sebas/ros_ws/install/interfaces/share/interfaces/cmake/ament_cmake_export_dependencies-extras.cmake
[0.626s] -- Up-to-date: /home/sebas/ros_ws/install/interfaces/share/interfaces/cmake/rosidl_cmake_export_typesupport_libraries-extras.cmake
[0.626s] -- Up-to-date: /home/sebas/ros_ws/install/interfaces/share/interfaces/cmake/interfacesConfig.cmake
[0.626s] -- Up-to-date: /home/sebas/ros_ws/install/interfaces/share/interfaces/cmake/interfacesConfig-version.cmake
[0.626s] -- Up-to-date: /home/sebas/ros_ws/install/interfaces/share/interfaces/package.xml
[0.628s] Invoked command in '/home/sebas/ros_ws/build/interfaces' returned '0': CMAKE_PREFIX_PATH=/home/sebas/ros2_ws/install/my_robot_controller:/opt/ros/humble /usr/bin/cmake --install /home/sebas/ros_ws/build/interfaces
