[0.110s] DEBUG:colcon:Command line arguments: ['/usr/bin/colcon', 'build']
[0.110s] DEBUG:colcon:Parsed command line arguments: Namespace(log_base=None, log_level=None, verb_name='build', build_base='build', install_base='install', merge_install=False, symlink_install=False, test_result_base=None, continue_on_error=False, executor='parallel', parallel_workers=4, event_handlers=None, ignore_user_meta=False, metas=['./colcon.meta'], base_paths=['.'], packages_ignore=None, packages_ignore_regex=None, paths=None, packages_up_to=None, packages_up_to_regex=None, packages_above=None, packages_above_and_dependencies=None, packages_above_depth=None, packages_select_by_dep=None, packages_skip_by_dep=None, packages_skip_up_to=None, packages_select_build_failed=False, packages_skip_build_finished=False, packages_select_test_failures=False, packages_skip_test_passed=False, packages_select=None, packages_skip=None, packages_select_regex=None, packages_skip_regex=None, packages_start=None, packages_end=None, allow_overriding=[], cmake_args=None, cmake_target=None, cmake_target_skip_unavailable=False, cmake_clean_cache=False, cmake_clean_first=False, cmake_force_configure=False, ament_cmake_args=None, catkin_cmake_args=None, catkin_skip_building_tests=False, verb_parser=<colcon_defaults.argument_parser.defaults.DefaultArgumentsDecorator object at 0x70ce7c0ef8e0>, verb_extension=<colcon_core.verb.build.BuildVerb object at 0x70ce7c030490>, main=<bound method BuildVerb.main of <colcon_core.verb.build.BuildVerb object at 0x70ce7c030490>>)
[0.265s] Level 1:colcon.colcon_core.package_discovery:discover_packages(colcon_meta) check parameters
[0.266s] Level 1:colcon.colcon_core.package_discovery:discover_packages(recursive) check parameters
[0.266s] Level 1:colcon.colcon_core.package_discovery:discover_packages(ignore) check parameters
[0.266s] Level 1:colcon.colcon_core.package_discovery:discover_packages(path) check parameters
[0.266s] Level 1:colcon.colcon_core.package_discovery:discover_packages(colcon_meta) discover
[0.266s] Level 1:colcon.colcon_core.package_discovery:discover_packages(recursive) discover
[0.266s] INFO:colcon.colcon_core.package_discovery:Crawling recursively for packages in '/home/sebas/ros_ws'
[0.266s] Level 1:colcon.colcon_core.package_identification:_identify(.) by extensions ['ignore', 'ignore_ament_install']
[0.266s] Level 1:colcon.colcon_core.package_identification:_identify(.) by extension 'ignore'
[0.266s] Level 1:colcon.colcon_core.package_identification:_identify(.) by extension 'ignore_ament_install'
[0.266s] Level 1:colcon.colcon_core.package_identification:_identify(.) by extensions ['colcon_pkg']
[0.266s] Level 1:colcon.colcon_core.package_identification:_identify(.) by extension 'colcon_pkg'
[0.266s] Level 1:colcon.colcon_core.package_identification:_identify(.) by extensions ['colcon_meta']
[0.266s] Level 1:colcon.colcon_core.package_identification:_identify(.) by extension 'colcon_meta'
[0.266s] Level 1:colcon.colcon_core.package_identification:_identify(.) by extensions ['ros']
[0.266s] Level 1:colcon.colcon_core.package_identification:_identify(.) by extension 'ros'
[0.277s] Level 1:colcon.colcon_core.package_identification:_identify(.) by extensions ['cmake', 'python']
[0.278s] Level 1:colcon.colcon_core.package_identification:_identify(.) by extension 'cmake'
[0.278s] Level 1:colcon.colcon_core.package_identification:_identify(.) by extension 'python'
[0.278s] Level 1:colcon.colcon_core.package_identification:_identify(.) by extensions ['python_setup_py']
[0.278s] Level 1:colcon.colcon_core.package_identification:_identify(.) by extension 'python_setup_py'
[0.278s] Level 1:colcon.colcon_core.package_identification:_identify(build) by extensions ['ignore', 'ignore_ament_install']
[0.278s] Level 1:colcon.colcon_core.package_identification:_identify(build) by extension 'ignore'
[0.278s] Level 1:colcon.colcon_core.package_identification:_identify(build) ignored
[0.278s] Level 1:colcon.colcon_core.package_identification:_identify(install) by extensions ['ignore', 'ignore_ament_install']
[0.278s] Level 1:colcon.colcon_core.package_identification:_identify(install) by extension 'ignore'
[0.278s] Level 1:colcon.colcon_core.package_identification:_identify(install) ignored
[0.278s] Level 1:colcon.colcon_core.package_identification:_identify(log) by extensions ['ignore', 'ignore_ament_install']
[0.278s] Level 1:colcon.colcon_core.package_identification:_identify(log) by extension 'ignore'
[0.278s] Level 1:colcon.colcon_core.package_identification:_identify(log) ignored
[0.279s] Level 1:colcon.colcon_core.package_identification:_identify(src) by extensions ['ignore', 'ignore_ament_install']
[0.279s] Level 1:colcon.colcon_core.package_identification:_identify(src) by extension 'ignore'
[0.279s] Level 1:colcon.colcon_core.package_identification:_identify(src) by extension 'ignore_ament_install'
[0.279s] Level 1:colcon.colcon_core.package_identification:_identify(src) by extensions ['colcon_pkg']
[0.279s] Level 1:colcon.colcon_core.package_identification:_identify(src) by extension 'colcon_pkg'
[0.279s] Level 1:colcon.colcon_core.package_identification:_identify(src) by extensions ['colcon_meta']
[0.279s] Level 1:colcon.colcon_core.package_identification:_identify(src) by extension 'colcon_meta'
[0.279s] Level 1:colcon.colcon_core.package_identification:_identify(src) by extensions ['ros']
[0.279s] Level 1:colcon.colcon_core.package_identification:_identify(src) by extension 'ros'
[0.279s] Level 1:colcon.colcon_core.package_identification:_identify(src) by extensions ['cmake', 'python']
[0.279s] Level 1:colcon.colcon_core.package_identification:_identify(src) by extension 'cmake'
[0.279s] Level 1:colcon.colcon_core.package_identification:_identify(src) by extension 'python'
[0.279s] Level 1:colcon.colcon_core.package_identification:_identify(src) by extensions ['python_setup_py']
[0.279s] Level 1:colcon.colcon_core.package_identification:_identify(src) by extension 'python_setup_py'
[0.279s] Level 1:colcon.colcon_core.package_identification:_identify(src/Navigation) by extensions ['ignore', 'ignore_ament_install']
[0.279s] Level 1:colcon.colcon_core.package_identification:_identify(src/Navigation) by extension 'ignore'
[0.279s] Level 1:colcon.colcon_core.package_identification:_identify(src/Navigation) by extension 'ignore_ament_install'
[0.279s] Level 1:colcon.colcon_core.package_identification:_identify(src/Navigation) by extensions ['colcon_pkg']
[0.279s] Level 1:colcon.colcon_core.package_identification:_identify(src/Navigation) by extension 'colcon_pkg'
[0.280s] Level 1:colcon.colcon_core.package_identification:_identify(src/Navigation) by extensions ['colcon_meta']
[0.280s] Level 1:colcon.colcon_core.package_identification:_identify(src/Navigation) by extension 'colcon_meta'
[0.280s] Level 1:colcon.colcon_core.package_identification:_identify(src/Navigation) by extensions ['ros']
[0.280s] Level 1:colcon.colcon_core.package_identification:_identify(src/Navigation) by extension 'ros'
[0.280s] Level 1:colcon.colcon_core.package_identification:_identify(src/Navigation) by extensions ['cmake', 'python']
[0.280s] Level 1:colcon.colcon_core.package_identification:_identify(src/Navigation) by extension 'cmake'
[0.280s] Level 1:colcon.colcon_core.package_identification:_identify(src/Navigation) by extension 'python'
[0.280s] Level 1:colcon.colcon_core.package_identification:_identify(src/Navigation) by extensions ['python_setup_py']
[0.280s] Level 1:colcon.colcon_core.package_identification:_identify(src/Navigation) by extension 'python_setup_py'
[0.280s] Level 1:colcon.colcon_core.package_identification:_identify(src/Navigation/gps_distance) by extensions ['ignore', 'ignore_ament_install']
[0.280s] Level 1:colcon.colcon_core.package_identification:_identify(src/Navigation/gps_distance) by extension 'ignore'
[0.280s] Level 1:colcon.colcon_core.package_identification:_identify(src/Navigation/gps_distance) by extension 'ignore_ament_install'
[0.280s] Level 1:colcon.colcon_core.package_identification:_identify(src/Navigation/gps_distance) by extensions ['colcon_pkg']
[0.280s] Level 1:colcon.colcon_core.package_identification:_identify(src/Navigation/gps_distance) by extension 'colcon_pkg'
[0.280s] Level 1:colcon.colcon_core.package_identification:_identify(src/Navigation/gps_distance) by extensions ['colcon_meta']
[0.280s] Level 1:colcon.colcon_core.package_identification:_identify(src/Navigation/gps_distance) by extension 'colcon_meta'
[0.280s] Level 1:colcon.colcon_core.package_identification:_identify(src/Navigation/gps_distance) by extensions ['ros']
[0.280s] Level 1:colcon.colcon_core.package_identification:_identify(src/Navigation/gps_distance) by extension 'ros'
[0.283s] DEBUG:colcon.colcon_core.package_identification:Package 'src/Navigation/gps_distance' with type 'ros.ament_python' and name 'gps_distance'
[0.283s] Level 1:colcon.colcon_core.package_identification:_identify(src/Navigation/launch_nav) by extensions ['ignore', 'ignore_ament_install']
[0.283s] Level 1:colcon.colcon_core.package_identification:_identify(src/Navigation/launch_nav) by extension 'ignore'
[0.283s] Level 1:colcon.colcon_core.package_identification:_identify(src/Navigation/launch_nav) by extension 'ignore_ament_install'
[0.283s] Level 1:colcon.colcon_core.package_identification:_identify(src/Navigation/launch_nav) by extensions ['colcon_pkg']
[0.283s] Level 1:colcon.colcon_core.package_identification:_identify(src/Navigation/launch_nav) by extension 'colcon_pkg'
[0.283s] Level 1:colcon.colcon_core.package_identification:_identify(src/Navigation/launch_nav) by extensions ['colcon_meta']
[0.283s] Level 1:colcon.colcon_core.package_identification:_identify(src/Navigation/launch_nav) by extension 'colcon_meta'
[0.283s] Level 1:colcon.colcon_core.package_identification:_identify(src/Navigation/launch_nav) by extensions ['ros']
[0.283s] Level 1:colcon.colcon_core.package_identification:_identify(src/Navigation/launch_nav) by extension 'ros'
[0.284s] DEBUG:colcon.colcon_core.package_identification:Package 'src/Navigation/launch_nav' with type 'ros.ament_cmake' and name 'launch_nav'
[0.284s] Level 1:colcon.colcon_core.package_identification:_identify(src/interfaces) by extensions ['ignore', 'ignore_ament_install']
[0.284s] Level 1:colcon.colcon_core.package_identification:_identify(src/interfaces) by extension 'ignore'
[0.284s] Level 1:colcon.colcon_core.package_identification:_identify(src/interfaces) by extension 'ignore_ament_install'
[0.284s] Level 1:colcon.colcon_core.package_identification:_identify(src/interfaces) by extensions ['colcon_pkg']
[0.284s] Level 1:colcon.colcon_core.package_identification:_identify(src/interfaces) by extension 'colcon_pkg'
[0.284s] Level 1:colcon.colcon_core.package_identification:_identify(src/interfaces) by extensions ['colcon_meta']
[0.284s] Level 1:colcon.colcon_core.package_identification:_identify(src/interfaces) by extension 'colcon_meta'
[0.284s] Level 1:colcon.colcon_core.package_identification:_identify(src/interfaces) by extensions ['ros']
[0.285s] Level 1:colcon.colcon_core.package_identification:_identify(src/interfaces) by extension 'ros'
[0.285s] DEBUG:colcon.colcon_core.package_identification:Package 'src/interfaces' with type 'ros.ament_cmake' and name 'interfaces'
[0.285s] Level 1:colcon.colcon_core.package_identification:_identify(src/testing) by extensions ['ignore', 'ignore_ament_install']
[0.285s] Level 1:colcon.colcon_core.package_identification:_identify(src/testing) by extension 'ignore'
[0.285s] Level 1:colcon.colcon_core.package_identification:_identify(src/testing) by extension 'ignore_ament_install'
[0.285s] Level 1:colcon.colcon_core.package_identification:_identify(src/testing) by extensions ['colcon_pkg']
[0.285s] Level 1:colcon.colcon_core.package_identification:_identify(src/testing) by extension 'colcon_pkg'
[0.285s] Level 1:colcon.colcon_core.package_identification:_identify(src/testing) by extensions ['colcon_meta']
[0.285s] Level 1:colcon.colcon_core.package_identification:_identify(src/testing) by extension 'colcon_meta'
[0.285s] Level 1:colcon.colcon_core.package_identification:_identify(src/testing) by extensions ['ros']
[0.286s] Level 1:colcon.colcon_core.package_identification:_identify(src/testing) by extension 'ros'
[0.286s] Level 1:colcon.colcon_core.package_identification:_identify(src/testing) by extensions ['cmake', 'python']
[0.286s] Level 1:colcon.colcon_core.package_identification:_identify(src/testing) by extension 'cmake'
[0.286s] Level 1:colcon.colcon_core.package_identification:_identify(src/testing) by extension 'python'
[0.286s] Level 1:colcon.colcon_core.package_identification:_identify(src/testing) by extensions ['python_setup_py']
[0.286s] Level 1:colcon.colcon_core.package_identification:_identify(src/testing) by extension 'python_setup_py'
[0.286s] Level 1:colcon.colcon_core.package_identification:_identify(src/testing/launch_test) by extensions ['ignore', 'ignore_ament_install']
[0.286s] Level 1:colcon.colcon_core.package_identification:_identify(src/testing/launch_test) by extension 'ignore'
[0.286s] Level 1:colcon.colcon_core.package_identification:_identify(src/testing/launch_test) by extension 'ignore_ament_install'
[0.286s] Level 1:colcon.colcon_core.package_identification:_identify(src/testing/launch_test) by extensions ['colcon_pkg']
[0.286s] Level 1:colcon.colcon_core.package_identification:_identify(src/testing/launch_test) by extension 'colcon_pkg'
[0.286s] Level 1:colcon.colcon_core.package_identification:_identify(src/testing/launch_test) by extensions ['colcon_meta']
[0.286s] Level 1:colcon.colcon_core.package_identification:_identify(src/testing/launch_test) by extension 'colcon_meta'
[0.286s] Level 1:colcon.colcon_core.package_identification:_identify(src/testing/launch_test) by extensions ['ros']
[0.286s] Level 1:colcon.colcon_core.package_identification:_identify(src/testing/launch_test) by extension 'ros'
[0.287s] DEBUG:colcon.colcon_core.package_identification:Package 'src/testing/launch_test' with type 'ros.ament_cmake' and name 'launch_test'
[0.287s] Level 1:colcon.colcon_core.package_identification:_identify(src/testing/test_gps) by extensions ['ignore', 'ignore_ament_install']
[0.288s] Level 1:colcon.colcon_core.package_identification:_identify(src/testing/test_gps) by extension 'ignore'
[0.288s] Level 1:colcon.colcon_core.package_identification:_identify(src/testing/test_gps) by extension 'ignore_ament_install'
[0.288s] Level 1:colcon.colcon_core.package_identification:_identify(src/testing/test_gps) by extensions ['colcon_pkg']
[0.288s] Level 1:colcon.colcon_core.package_identification:_identify(src/testing/test_gps) by extension 'colcon_pkg'
[0.288s] Level 1:colcon.colcon_core.package_identification:_identify(src/testing/test_gps) by extensions ['colcon_meta']
[0.289s] Level 1:colcon.colcon_core.package_identification:_identify(src/testing/test_gps) by extension 'colcon_meta'
[0.289s] Level 1:colcon.colcon_core.package_identification:_identify(src/testing/test_gps) by extensions ['ros']
[0.289s] Level 1:colcon.colcon_core.package_identification:_identify(src/testing/test_gps) by extension 'ros'
[0.289s] DEBUG:colcon.colcon_core.package_identification:Package 'src/testing/test_gps' with type 'ros.ament_python' and name 'test_gps'
[0.289s] Level 1:colcon.colcon_core.package_discovery:discover_packages(recursive) using defaults
[0.289s] Level 1:colcon.colcon_core.package_discovery:discover_packages(ignore) discover
[0.289s] Level 1:colcon.colcon_core.package_discovery:discover_packages(ignore) using defaults
[0.289s] Level 1:colcon.colcon_core.package_discovery:discover_packages(path) discover
[0.289s] Level 1:colcon.colcon_core.package_discovery:discover_packages(path) using defaults
[0.310s] Level 1:colcon.colcon_core.package_discovery:discover_packages(prefix_path) check parameters
[0.310s] Level 1:colcon.colcon_core.package_discovery:discover_packages(prefix_path) discover
[0.311s] WARNING:colcon.colcon_core.prefix_path.colcon:The path '/home/sebas/ros2_ws/install' in the environment variable COLCON_PREFIX_PATH doesn't exist
[0.311s] WARNING:colcon.colcon_ros.prefix_path.ament:The path '/home/sebas/ros2_ws/install/my_robot_controller' in the environment variable AMENT_PREFIX_PATH doesn't exist
[0.312s] DEBUG:colcon.colcon_installed_package_information.package_discovery:Found 5 installed packages in /home/sebas/ros_ws/install
[0.314s] DEBUG:colcon.colcon_installed_package_information.package_discovery:Found 270 installed packages in /opt/ros/humble
[0.315s] Level 1:colcon.colcon_core.package_discovery:discover_packages(prefix_path) using defaults
[0.368s] Level 5:colcon.colcon_core.verb:set package 'gps_distance' build argument 'cmake_args' from command line to 'None'
[0.368s] Level 5:colcon.colcon_core.verb:set package 'gps_distance' build argument 'cmake_target' from command line to 'None'
[0.368s] Level 5:colcon.colcon_core.verb:set package 'gps_distance' build argument 'cmake_target_skip_unavailable' from command line to 'False'
[0.368s] Level 5:colcon.colcon_core.verb:set package 'gps_distance' build argument 'cmake_clean_cache' from command line to 'False'
[0.368s] Level 5:colcon.colcon_core.verb:set package 'gps_distance' build argument 'cmake_clean_first' from command line to 'False'
[0.368s] Level 5:colcon.colcon_core.verb:set package 'gps_distance' build argument 'cmake_force_configure' from command line to 'False'
[0.368s] Level 5:colcon.colcon_core.verb:set package 'gps_distance' build argument 'ament_cmake_args' from command line to 'None'
[0.368s] Level 5:colcon.colcon_core.verb:set package 'gps_distance' build argument 'catkin_cmake_args' from command line to 'None'
[0.368s] Level 5:colcon.colcon_core.verb:set package 'gps_distance' build argument 'catkin_skip_building_tests' from command line to 'False'
[0.368s] DEBUG:colcon.colcon_core.verb:Building package 'gps_distance' with the following arguments: {'ament_cmake_args': None, 'build_base': '/home/sebas/ros_ws/build/gps_distance', 'catkin_cmake_args': None, 'catkin_skip_building_tests': False, 'cmake_args': None, 'cmake_clean_cache': False, 'cmake_clean_first': False, 'cmake_force_configure': False, 'cmake_target': None, 'cmake_target_skip_unavailable': False, 'install_base': '/home/sebas/ros_ws/install/gps_distance', 'merge_install': False, 'path': '/home/sebas/ros_ws/src/Navigation/gps_distance', 'symlink_install': False, 'test_result_base': None}
[0.368s] Level 5:colcon.colcon_core.verb:set package 'interfaces' build argument 'cmake_args' from command line to 'None'
[0.368s] Level 5:colcon.colcon_core.verb:set package 'interfaces' build argument 'cmake_target' from command line to 'None'
[0.368s] Level 5:colcon.colcon_core.verb:set package 'interfaces' build argument 'cmake_target_skip_unavailable' from command line to 'False'
[0.369s] Level 5:colcon.colcon_core.verb:set package 'interfaces' build argument 'cmake_clean_cache' from command line to 'False'
[0.369s] Level 5:colcon.colcon_core.verb:set package 'interfaces' build argument 'cmake_clean_first' from command line to 'False'
[0.369s] Level 5:colcon.colcon_core.verb:set package 'interfaces' build argument 'cmake_force_configure' from command line to 'False'
[0.369s] Level 5:colcon.colcon_core.verb:set package 'interfaces' build argument 'ament_cmake_args' from command line to 'None'
[0.369s] Level 5:colcon.colcon_core.verb:set package 'interfaces' build argument 'catkin_cmake_args' from command line to 'None'
[0.369s] Level 5:colcon.colcon_core.verb:set package 'interfaces' build argument 'catkin_skip_building_tests' from command line to 'False'
[0.369s] DEBUG:colcon.colcon_core.verb:Building package 'interfaces' with the following arguments: {'ament_cmake_args': None, 'build_base': '/home/sebas/ros_ws/build/interfaces', 'catkin_cmake_args': None, 'catkin_skip_building_tests': False, 'cmake_args': None, 'cmake_clean_cache': False, 'cmake_clean_first': False, 'cmake_force_configure': False, 'cmake_target': None, 'cmake_target_skip_unavailable': False, 'install_base': '/home/sebas/ros_ws/install/interfaces', 'merge_install': False, 'path': '/home/sebas/ros_ws/src/interfaces', 'symlink_install': False, 'test_result_base': None}
[0.369s] Level 5:colcon.colcon_core.verb:set package 'launch_nav' build argument 'cmake_args' from command line to 'None'
[0.369s] Level 5:colcon.colcon_core.verb:set package 'launch_nav' build argument 'cmake_target' from command line to 'None'
[0.369s] Level 5:colcon.colcon_core.verb:set package 'launch_nav' build argument 'cmake_target_skip_unavailable' from command line to 'False'
[0.369s] Level 5:colcon.colcon_core.verb:set package 'launch_nav' build argument 'cmake_clean_cache' from command line to 'False'
[0.369s] Level 5:colcon.colcon_core.verb:set package 'launch_nav' build argument 'cmake_clean_first' from command line to 'False'
[0.369s] Level 5:colcon.colcon_core.verb:set package 'launch_nav' build argument 'cmake_force_configure' from command line to 'False'
[0.369s] Level 5:colcon.colcon_core.verb:set package 'launch_nav' build argument 'ament_cmake_args' from command line to 'None'
[0.369s] Level 5:colcon.colcon_core.verb:set package 'launch_nav' build argument 'catkin_cmake_args' from command line to 'None'
[0.369s] Level 5:colcon.colcon_core.verb:set package 'launch_nav' build argument 'catkin_skip_building_tests' from command line to 'False'
[0.369s] DEBUG:colcon.colcon_core.verb:Building package 'launch_nav' with the following arguments: {'ament_cmake_args': None, 'build_base': '/home/sebas/ros_ws/build/launch_nav', 'catkin_cmake_args': None, 'catkin_skip_building_tests': False, 'cmake_args': None, 'cmake_clean_cache': False, 'cmake_clean_first': False, 'cmake_force_configure': False, 'cmake_target': None, 'cmake_target_skip_unavailable': False, 'install_base': '/home/sebas/ros_ws/install/launch_nav', 'merge_install': False, 'path': '/home/sebas/ros_ws/src/Navigation/launch_nav', 'symlink_install': False, 'test_result_base': None}
[0.370s] Level 5:colcon.colcon_core.verb:set package 'test_gps' build argument 'cmake_args' from command line to 'None'
[0.370s] Level 5:colcon.colcon_core.verb:set package 'test_gps' build argument 'cmake_target' from command line to 'None'
[0.370s] Level 5:colcon.colcon_core.verb:set package 'test_gps' build argument 'cmake_target_skip_unavailable' from command line to 'False'
[0.370s] Level 5:colcon.colcon_core.verb:set package 'test_gps' build argument 'cmake_clean_cache' from command line to 'False'
[0.370s] Level 5:colcon.colcon_core.verb:set package 'test_gps' build argument 'cmake_clean_first' from command line to 'False'
[0.370s] Level 5:colcon.colcon_core.verb:set package 'test_gps' build argument 'cmake_force_configure' from command line to 'False'
[0.370s] Level 5:colcon.colcon_core.verb:set package 'test_gps' build argument 'ament_cmake_args' from command line to 'None'
[0.370s] Level 5:colcon.colcon_core.verb:set package 'test_gps' build argument 'catkin_cmake_args' from command line to 'None'
[0.370s] Level 5:colcon.colcon_core.verb:set package 'test_gps' build argument 'catkin_skip_building_tests' from command line to 'False'
[0.370s] DEBUG:colcon.colcon_core.verb:Building package 'test_gps' with the following arguments: {'ament_cmake_args': None, 'build_base': '/home/sebas/ros_ws/build/test_gps', 'catkin_cmake_args': None, 'catkin_skip_building_tests': False, 'cmake_args': None, 'cmake_clean_cache': False, 'cmake_clean_first': False, 'cmake_force_configure': False, 'cmake_target': None, 'cmake_target_skip_unavailable': False, 'install_base': '/home/sebas/ros_ws/install/test_gps', 'merge_install': False, 'path': '/home/sebas/ros_ws/src/testing/test_gps', 'symlink_install': False, 'test_result_base': None}
[0.370s] Level 5:colcon.colcon_core.verb:set package 'launch_test' build argument 'cmake_args' from command line to 'None'
[0.370s] Level 5:colcon.colcon_core.verb:set package 'launch_test' build argument 'cmake_target' from command line to 'None'
[0.370s] Level 5:colcon.colcon_core.verb:set package 'launch_test' build argument 'cmake_target_skip_unavailable' from command line to 'False'
[0.370s] Level 5:colcon.colcon_core.verb:set package 'launch_test' build argument 'cmake_clean_cache' from command line to 'False'
[0.370s] Level 5:colcon.colcon_core.verb:set package 'launch_test' build argument 'cmake_clean_first' from command line to 'False'
[0.370s] Level 5:colcon.colcon_core.verb:set package 'launch_test' build argument 'cmake_force_configure' from command line to 'False'
[0.370s] Level 5:colcon.colcon_core.verb:set package 'launch_test' build argument 'ament_cmake_args' from command line to 'None'
[0.370s] Level 5:colcon.colcon_core.verb:set package 'launch_test' build argument 'catkin_cmake_args' from command line to 'None'
[0.370s] Level 5:colcon.colcon_core.verb:set package 'launch_test' build argument 'catkin_skip_building_tests' from command line to 'False'
[0.370s] DEBUG:colcon.colcon_core.verb:Building package 'launch_test' with the following arguments: {'ament_cmake_args': None, 'build_base': '/home/sebas/ros_ws/build/launch_test', 'catkin_cmake_args': None, 'catkin_skip_building_tests': False, 'cmake_args': None, 'cmake_clean_cache': False, 'cmake_clean_first': False, 'cmake_force_configure': False, 'cmake_target': None, 'cmake_target_skip_unavailable': False, 'install_base': '/home/sebas/ros_ws/install/launch_test', 'merge_install': False, 'path': '/home/sebas/ros_ws/src/testing/launch_test', 'symlink_install': False, 'test_result_base': None}
[0.371s] INFO:colcon.colcon_core.executor:Executing jobs using 'parallel' executor
[0.371s] DEBUG:colcon.colcon_parallel_executor.executor.parallel:run_until_complete
[0.372s] INFO:colcon.colcon_ros.task.ament_cmake.build:Building ROS package in '/home/sebas/ros_ws/src/interfaces' with build type 'ament_cmake'
[0.372s] INFO:colcon.colcon_cmake.task.cmake.build:Building CMake package in '/home/sebas/ros_ws/src/interfaces'
[0.374s] INFO:colcon.colcon_core.plugin_system:Skipping extension 'colcon_core.shell.bat': Not used on non-Windows systems
[0.374s] INFO:colcon.colcon_core.shell:Skip shell extension 'powershell' for command environment: Not usable outside of PowerShell
[0.374s] DEBUG:colcon.colcon_core.shell:Skip shell extension 'dsv' for command environment
[0.378s] INFO:colcon.colcon_ros.task.ament_python.build:Building ROS package in '/home/sebas/ros_ws/src/Navigation/gps_distance' with build type 'ament_python'
[0.378s] Level 1:colcon.colcon_core.shell:create_environment_hook('gps_distance', 'ament_prefix_path')
[0.378s] INFO:colcon.colcon_core.shell:Creating environment hook '/home/sebas/ros_ws/install/gps_distance/share/gps_distance/hook/ament_prefix_path.ps1'
[0.379s] INFO:colcon.colcon_core.shell:Creating environment descriptor '/home/sebas/ros_ws/install/gps_distance/share/gps_distance/hook/ament_prefix_path.dsv'
[0.380s] INFO:colcon.colcon_core.shell:Creating environment hook '/home/sebas/ros_ws/install/gps_distance/share/gps_distance/hook/ament_prefix_path.sh'
[0.381s] INFO:colcon.colcon_core.shell:Skip shell extension 'powershell' for command environment: Not usable outside of PowerShell
[0.381s] DEBUG:colcon.colcon_core.shell:Skip shell extension 'dsv' for command environment
[0.388s] DEBUG:colcon.colcon_core.event_handler.log_command:Invoking command in '/home/sebas/ros_ws/build/interfaces': CMAKE_PREFIX_PATH=${CMAKE_PREFIX_PATH}:/home/sebas/ros_ws/install/test_gps:/home/sebas/ros_ws/install/gps_distance:/home/sebas/ros2_ws/install/my_robot_controller:/opt/ros/humble /usr/bin/cmake --build /home/sebas/ros_ws/build/interfaces -- -j4 -l4
[0.801s] INFO:colcon.colcon_core.task.python.build:Building Python package in '/home/sebas/ros_ws/src/Navigation/gps_distance'
[0.801s] INFO:colcon.colcon_core.shell:Skip shell extension 'powershell' for command environment: Not usable outside of PowerShell
[0.802s] DEBUG:colcon.colcon_core.shell:Skip shell extension 'dsv' for command environment
[0.903s] DEBUG:colcon.colcon_core.event_handler.log_command:Invoked command in '/home/sebas/ros_ws/build/interfaces' returned '0': CMAKE_PREFIX_PATH=${CMAKE_PREFIX_PATH}:/home/sebas/ros_ws/install/test_gps:/home/sebas/ros_ws/install/gps_distance:/home/sebas/ros2_ws/install/my_robot_controller:/opt/ros/humble /usr/bin/cmake --build /home/sebas/ros_ws/build/interfaces -- -j4 -l4
[0.978s] DEBUG:colcon.colcon_core.event_handler.log_command:Invoking command in '/home/sebas/ros_ws/build/interfaces': CMAKE_PREFIX_PATH=${CMAKE_PREFIX_PATH}:/home/sebas/ros_ws/install/test_gps:/home/sebas/ros_ws/install/gps_distance:/home/sebas/ros2_ws/install/my_robot_controller:/opt/ros/humble /usr/bin/cmake --install /home/sebas/ros_ws/build/interfaces
[1.039s] Level 1:colcon.colcon_core.environment:create_environment_scripts_only(interfaces)
[1.039s] DEBUG:colcon.colcon_core.event_handler.log_command:Invoked command in '/home/sebas/ros_ws/build/interfaces' returned '0': CMAKE_PREFIX_PATH=${CMAKE_PREFIX_PATH}:/home/sebas/ros_ws/install/test_gps:/home/sebas/ros_ws/install/gps_distance:/home/sebas/ros2_ws/install/my_robot_controller:/opt/ros/humble /usr/bin/cmake --install /home/sebas/ros_ws/build/interfaces
[1.042s] Level 1:colcon.colcon_core.environment:checking '/home/sebas/ros_ws/install/interfaces' for CMake module files
[1.042s] Level 1:colcon.colcon_core.environment:checking '/home/sebas/ros_ws/install/interfaces' for CMake config files
[1.042s] Level 1:colcon.colcon_core.shell:create_environment_hook('interfaces', 'cmake_prefix_path')
[1.043s] INFO:colcon.colcon_core.shell:Creating environment hook '/home/sebas/ros_ws/install/interfaces/share/interfaces/hook/cmake_prefix_path.ps1'
[1.043s] INFO:colcon.colcon_core.shell:Creating environment descriptor '/home/sebas/ros_ws/install/interfaces/share/interfaces/hook/cmake_prefix_path.dsv'
[1.043s] INFO:colcon.colcon_core.shell:Creating environment hook '/home/sebas/ros_ws/install/interfaces/share/interfaces/hook/cmake_prefix_path.sh'
[1.044s] Level 1:colcon.colcon_core.environment:checking '/home/sebas/ros_ws/install/interfaces/lib'
[1.044s] Level 1:colcon.colcon_core.shell:create_environment_hook('interfaces', 'ld_library_path_lib')
[1.044s] INFO:colcon.colcon_core.shell:Creating environment hook '/home/sebas/ros_ws/install/interfaces/share/interfaces/hook/ld_library_path_lib.ps1'
[1.045s] INFO:colcon.colcon_core.shell:Creating environment descriptor '/home/sebas/ros_ws/install/interfaces/share/interfaces/hook/ld_library_path_lib.dsv'
[1.045s] INFO:colcon.colcon_core.shell:Creating environment hook '/home/sebas/ros_ws/install/interfaces/share/interfaces/hook/ld_library_path_lib.sh'
[1.046s] Level 1:colcon.colcon_core.environment:checking '/home/sebas/ros_ws/install/interfaces/bin'
[1.046s] Level 1:colcon.colcon_core.environment:checking '/home/sebas/ros_ws/install/interfaces/lib/pkgconfig/interfaces.pc'
[1.046s] Level 1:colcon.colcon_core.environment:checking '/home/sebas/ros_ws/install/interfaces/lib/python3.10/site-packages'
[1.046s] Level 1:colcon.colcon_core.environment:checking '/home/sebas/ros_ws/install/interfaces/bin'
[1.047s] INFO:colcon.colcon_core.shell:Creating package script '/home/sebas/ros_ws/install/interfaces/share/interfaces/package.ps1'
[1.048s] INFO:colcon.colcon_core.shell:Creating package descriptor '/home/sebas/ros_ws/install/interfaces/share/interfaces/package.dsv'
[1.048s] INFO:colcon.colcon_core.shell:Creating package script '/home/sebas/ros_ws/install/interfaces/share/interfaces/package.sh'
[1.049s] INFO:colcon.colcon_core.shell:Creating package script '/home/sebas/ros_ws/install/interfaces/share/interfaces/package.bash'
[1.050s] INFO:colcon.colcon_core.shell:Creating package script '/home/sebas/ros_ws/install/interfaces/share/interfaces/package.zsh'
[1.050s] Level 1:colcon.colcon_core.environment:create_file_with_runtime_dependencies(/home/sebas/ros_ws/install/interfaces/share/colcon-core/packages/interfaces)
[1.114s] Level 1:colcon.colcon_core.environment:create_environment_scripts_only(interfaces)
[1.114s] Level 1:colcon.colcon_core.environment:checking '/home/sebas/ros_ws/install/interfaces' for CMake module files
[1.115s] Level 1:colcon.colcon_core.environment:checking '/home/sebas/ros_ws/install/interfaces' for CMake config files
[1.115s] Level 1:colcon.colcon_core.shell:create_environment_hook('interfaces', 'cmake_prefix_path')
[1.116s] INFO:colcon.colcon_core.shell:Creating environment hook '/home/sebas/ros_ws/install/interfaces/share/interfaces/hook/cmake_prefix_path.ps1'
[1.116s] INFO:colcon.colcon_core.shell:Creating environment descriptor '/home/sebas/ros_ws/install/interfaces/share/interfaces/hook/cmake_prefix_path.dsv'
[1.117s] INFO:colcon.colcon_core.shell:Creating environment hook '/home/sebas/ros_ws/install/interfaces/share/interfaces/hook/cmake_prefix_path.sh'
[1.117s] Level 1:colcon.colcon_core.environment:checking '/home/sebas/ros_ws/install/interfaces/lib'
[1.118s] Level 1:colcon.colcon_core.shell:create_environment_hook('interfaces', 'ld_library_path_lib')
[1.118s] INFO:colcon.colcon_core.shell:Creating environment hook '/home/sebas/ros_ws/install/interfaces/share/interfaces/hook/ld_library_path_lib.ps1'
[1.118s] INFO:colcon.colcon_core.shell:Creating environment descriptor '/home/sebas/ros_ws/install/interfaces/share/interfaces/hook/ld_library_path_lib.dsv'
[1.119s] INFO:colcon.colcon_core.shell:Creating environment hook '/home/sebas/ros_ws/install/interfaces/share/interfaces/hook/ld_library_path_lib.sh'
[1.119s] Level 1:colcon.colcon_core.environment:checking '/home/sebas/ros_ws/install/interfaces/bin'
[1.120s] Level 1:colcon.colcon_core.environment:checking '/home/sebas/ros_ws/install/interfaces/lib/pkgconfig/interfaces.pc'
[1.120s] Level 1:colcon.colcon_core.environment:checking '/home/sebas/ros_ws/install/interfaces/lib/python3.10/site-packages'
[1.120s] Level 1:colcon.colcon_core.environment:checking '/home/sebas/ros_ws/install/interfaces/bin'
[1.121s] INFO:colcon.colcon_core.shell:Creating package script '/home/sebas/ros_ws/install/interfaces/share/interfaces/package.ps1'
[1.122s] INFO:colcon.colcon_core.shell:Creating package descriptor '/home/sebas/ros_ws/install/interfaces/share/interfaces/package.dsv'
[1.122s] INFO:colcon.colcon_core.shell:Creating package script '/home/sebas/ros_ws/install/interfaces/share/interfaces/package.sh'
[1.123s] INFO:colcon.colcon_core.shell:Creating package script '/home/sebas/ros_ws/install/interfaces/share/interfaces/package.bash'
[1.123s] INFO:colcon.colcon_core.shell:Creating package script '/home/sebas/ros_ws/install/interfaces/share/interfaces/package.zsh'
[1.124s] Level 1:colcon.colcon_core.environment:create_file_with_runtime_dependencies(/home/sebas/ros_ws/install/interfaces/share/colcon-core/packages/interfaces)
[1.124s] INFO:colcon.colcon_ros.task.ament_python.build:Building ROS package in '/home/sebas/ros_ws/src/testing/test_gps' with build type 'ament_python'
[1.125s] Level 1:colcon.colcon_core.shell:create_environment_hook('test_gps', 'ament_prefix_path')
[1.125s] INFO:colcon.colcon_core.shell:Creating environment hook '/home/sebas/ros_ws/install/test_gps/share/test_gps/hook/ament_prefix_path.ps1'
[1.126s] INFO:colcon.colcon_core.shell:Creating environment descriptor '/home/sebas/ros_ws/install/test_gps/share/test_gps/hook/ament_prefix_path.dsv'
[1.126s] INFO:colcon.colcon_core.shell:Creating environment hook '/home/sebas/ros_ws/install/test_gps/share/test_gps/hook/ament_prefix_path.sh'
[1.127s] INFO:colcon.colcon_core.shell:Skip shell extension 'powershell' for command environment: Not usable outside of PowerShell
[1.127s] DEBUG:colcon.colcon_core.shell:Skip shell extension 'dsv' for command environment
[1.393s] INFO:colcon.colcon_core.task.python.build:Building Python package in '/home/sebas/ros_ws/src/testing/test_gps'
[1.393s] INFO:colcon.colcon_core.shell:Skip shell extension 'powershell' for command environment: Not usable outside of PowerShell
[1.393s] DEBUG:colcon.colcon_core.shell:Skip shell extension 'dsv' for command environment
[1.399s] DEBUG:colcon.colcon_core.event_handler.log_command:Invoking command in '/home/sebas/ros_ws/src/Navigation/gps_distance': PYTHONPATH=/home/sebas/ros_ws/build/gps_distance/prefix_override:/usr/lib/python3/dist-packages/colcon_core/task/python/colcon_distutils_commands:/home/sebas/ros_ws/install/gps_distance/lib/python3.10/site-packages:${PYTHONPATH} /usr/bin/python3 -W ignore:setup.py install is deprecated setup.py egg_info --egg-base ../../../build/gps_distance build --build-base /home/sebas/ros_ws/build/gps_distance/build install --record /home/sebas/ros_ws/build/gps_distance/install.log --single-version-externally-managed install_data
[1.709s] Level 1:colcon.colcon_core.environment:checking '/home/sebas/ros_ws/install/gps_distance' for CMake module files
[1.710s] DEBUG:colcon.colcon_core.event_handler.log_command:Invoked command in '/home/sebas/ros_ws/src/Navigation/gps_distance' returned '0': PYTHONPATH=/home/sebas/ros_ws/build/gps_distance/prefix_override:/usr/lib/python3/dist-packages/colcon_core/task/python/colcon_distutils_commands:/home/sebas/ros_ws/install/gps_distance/lib/python3.10/site-packages:${PYTHONPATH} /usr/bin/python3 -W ignore:setup.py install is deprecated setup.py egg_info --egg-base ../../../build/gps_distance build --build-base /home/sebas/ros_ws/build/gps_distance/build install --record /home/sebas/ros_ws/build/gps_distance/install.log --single-version-externally-managed install_data
[1.711s] Level 1:colcon.colcon_core.environment:checking '/home/sebas/ros_ws/install/gps_distance' for CMake config files
[1.711s] Level 1:colcon.colcon_core.environment:checking '/home/sebas/ros_ws/install/gps_distance/lib'
[1.711s] Level 1:colcon.colcon_core.environment:checking '/home/sebas/ros_ws/install/gps_distance/bin'
[1.712s] Level 1:colcon.colcon_core.environment:checking '/home/sebas/ros_ws/install/gps_distance/lib/pkgconfig/gps_distance.pc'
[1.712s] Level 1:colcon.colcon_core.environment:checking '/home/sebas/ros_ws/install/gps_distance/lib/python3.10/site-packages'
[1.712s] Level 1:colcon.colcon_core.shell:create_environment_hook('gps_distance', 'pythonpath')
[1.712s] INFO:colcon.colcon_core.shell:Creating environment hook '/home/sebas/ros_ws/install/gps_distance/share/gps_distance/hook/pythonpath.ps1'
[1.713s] INFO:colcon.colcon_core.shell:Creating environment descriptor '/home/sebas/ros_ws/install/gps_distance/share/gps_distance/hook/pythonpath.dsv'
[1.713s] INFO:colcon.colcon_core.shell:Creating environment hook '/home/sebas/ros_ws/install/gps_distance/share/gps_distance/hook/pythonpath.sh'
[1.714s] Level 1:colcon.colcon_core.environment:checking '/home/sebas/ros_ws/install/gps_distance/bin'
[1.714s] Level 1:colcon.colcon_core.environment:create_environment_scripts_only(gps_distance)
[1.714s] INFO:colcon.colcon_core.shell:Creating package script '/home/sebas/ros_ws/install/gps_distance/share/gps_distance/package.ps1'
[1.715s] INFO:colcon.colcon_core.shell:Creating package descriptor '/home/sebas/ros_ws/install/gps_distance/share/gps_distance/package.dsv'
[1.715s] INFO:colcon.colcon_core.shell:Creating package script '/home/sebas/ros_ws/install/gps_distance/share/gps_distance/package.sh'
[1.716s] INFO:colcon.colcon_core.shell:Creating package script '/home/sebas/ros_ws/install/gps_distance/share/gps_distance/package.bash'
[1.716s] INFO:colcon.colcon_core.shell:Creating package script '/home/sebas/ros_ws/install/gps_distance/share/gps_distance/package.zsh'
[1.716s] Level 1:colcon.colcon_core.environment:create_file_with_runtime_dependencies(/home/sebas/ros_ws/install/gps_distance/share/colcon-core/packages/gps_distance)
[1.717s] INFO:colcon.colcon_ros.task.ament_cmake.build:Building ROS package in '/home/sebas/ros_ws/src/Navigation/launch_nav' with build type 'ament_cmake'
[1.717s] INFO:colcon.colcon_cmake.task.cmake.build:Building CMake package in '/home/sebas/ros_ws/src/Navigation/launch_nav'
[1.717s] INFO:colcon.colcon_core.shell:Skip shell extension 'powershell' for command environment: Not usable outside of PowerShell
[1.717s] DEBUG:colcon.colcon_core.shell:Skip shell extension 'dsv' for command environment
[1.730s] DEBUG:colcon.colcon_core.event_handler.log_command:Invoking command in '/home/sebas/ros_ws/build/launch_nav': AMENT_PREFIX_PATH=/home/sebas/ros_ws/install/gps_distance:/home/sebas/ros_ws/install/launch_test:/home/sebas/ros_ws/install/test_gps:/home/sebas/ros_ws/install/launch_nav:/home/sebas/ros_ws/install/interfaces:/home/sebas/ros2_ws/install/my_robot_controller:/opt/ros/humble CMAKE_PREFIX_PATH=${CMAKE_PREFIX_PATH}:/home/sebas/ros_ws/install/test_gps:/home/sebas/ros_ws/install/gps_distance:/home/sebas/ros2_ws/install/my_robot_controller:/opt/ros/humble PYTHONPATH=/home/sebas/ros_ws/install/gps_distance/lib/python3.10/site-packages:/home/sebas/ros_ws/install/test_gps/lib/python3.10/site-packages:/home/sebas/ros_ws/install/interfaces/local/lib/python3.10/dist-packages:/home/sebas/ros2_ws/build/my_robot_controller:/home/sebas/ros2_ws/install/my_robot_controller/lib/python3.10/site-packages:/opt/ros/humble/lib/python3.10/site-packages:/opt/ros/humble/local/lib/python3.10/dist-packages /usr/bin/cmake --build /home/sebas/ros_ws/build/launch_nav -- -j4 -l4
[1.746s] DEBUG:colcon.colcon_core.event_handler.log_command:Invoking command in '/home/sebas/ros_ws/src/testing/test_gps': CMAKE_PREFIX_PATH=/home/sebas/ros_ws/install/interfaces:/home/sebas/ros_ws/install/launch_test:/home/sebas/ros_ws/install/launch_nav PYTHONPATH=/home/sebas/ros_ws/build/test_gps/prefix_override:/usr/lib/python3/dist-packages/colcon_core/task/python/colcon_distutils_commands:/home/sebas/ros_ws/install/test_gps/lib/python3.10/site-packages:${PYTHONPATH} /usr/bin/python3 -W ignore:setup.py install is deprecated setup.py egg_info --egg-base ../../../build/test_gps build --build-base /home/sebas/ros_ws/build/test_gps/build install --record /home/sebas/ros_ws/build/test_gps/install.log --single-version-externally-managed install_data
[1.774s] DEBUG:colcon.colcon_core.event_handler.log_command:Invoked command in '/home/sebas/ros_ws/build/launch_nav' returned '0': AMENT_PREFIX_PATH=/home/sebas/ros_ws/install/gps_distance:/home/sebas/ros_ws/install/launch_test:/home/sebas/ros_ws/install/test_gps:/home/sebas/ros_ws/install/launch_nav:/home/sebas/ros_ws/install/interfaces:/home/sebas/ros2_ws/install/my_robot_controller:/opt/ros/humble CMAKE_PREFIX_PATH=${CMAKE_PREFIX_PATH}:/home/sebas/ros_ws/install/test_gps:/home/sebas/ros_ws/install/gps_distance:/home/sebas/ros2_ws/install/my_robot_controller:/opt/ros/humble PYTHONPATH=/home/sebas/ros_ws/install/gps_distance/lib/python3.10/site-packages:/home/sebas/ros_ws/install/test_gps/lib/python3.10/site-packages:/home/sebas/ros_ws/install/interfaces/local/lib/python3.10/dist-packages:/home/sebas/ros2_ws/build/my_robot_controller:/home/sebas/ros2_ws/install/my_robot_controller/lib/python3.10/site-packages:/opt/ros/humble/lib/python3.10/site-packages:/opt/ros/humble/local/lib/python3.10/dist-packages /usr/bin/cmake --build /home/sebas/ros_ws/build/launch_nav -- -j4 -l4
[1.801s] DEBUG:colcon.colcon_core.event_handler.log_command:Invoking command in '/home/sebas/ros_ws/build/launch_nav': AMENT_PREFIX_PATH=/home/sebas/ros_ws/install/gps_distance:/home/sebas/ros_ws/install/launch_test:/home/sebas/ros_ws/install/test_gps:/home/sebas/ros_ws/install/launch_nav:/home/sebas/ros_ws/install/interfaces:/home/sebas/ros2_ws/install/my_robot_controller:/opt/ros/humble CMAKE_PREFIX_PATH=${CMAKE_PREFIX_PATH}:/home/sebas/ros_ws/install/test_gps:/home/sebas/ros_ws/install/gps_distance:/home/sebas/ros2_ws/install/my_robot_controller:/opt/ros/humble PYTHONPATH=/home/sebas/ros_ws/install/gps_distance/lib/python3.10/site-packages:/home/sebas/ros_ws/install/test_gps/lib/python3.10/site-packages:/home/sebas/ros_ws/install/interfaces/local/lib/python3.10/dist-packages:/home/sebas/ros2_ws/build/my_robot_controller:/home/sebas/ros2_ws/install/my_robot_controller/lib/python3.10/site-packages:/opt/ros/humble/lib/python3.10/site-packages:/opt/ros/humble/local/lib/python3.10/dist-packages /usr/bin/cmake --install /home/sebas/ros_ws/build/launch_nav
[1.812s] Level 1:colcon.colcon_core.environment:create_environment_scripts_only(launch_nav)
[1.812s] Level 1:colcon.colcon_core.environment:checking '/home/sebas/ros_ws/install/launch_nav' for CMake module files
[1.813s] DEBUG:colcon.colcon_core.event_handler.log_command:Invoked command in '/home/sebas/ros_ws/build/launch_nav' returned '0': AMENT_PREFIX_PATH=/home/sebas/ros_ws/install/gps_distance:/home/sebas/ros_ws/install/launch_test:/home/sebas/ros_ws/install/test_gps:/home/sebas/ros_ws/install/launch_nav:/home/sebas/ros_ws/install/interfaces:/home/sebas/ros2_ws/install/my_robot_controller:/opt/ros/humble CMAKE_PREFIX_PATH=${CMAKE_PREFIX_PATH}:/home/sebas/ros_ws/install/test_gps:/home/sebas/ros_ws/install/gps_distance:/home/sebas/ros2_ws/install/my_robot_controller:/opt/ros/humble PYTHONPATH=/home/sebas/ros_ws/install/gps_distance/lib/python3.10/site-packages:/home/sebas/ros_ws/install/test_gps/lib/python3.10/site-packages:/home/sebas/ros_ws/install/interfaces/local/lib/python3.10/dist-packages:/home/sebas/ros2_ws/build/my_robot_controller:/home/sebas/ros2_ws/install/my_robot_controller/lib/python3.10/site-packages:/opt/ros/humble/lib/python3.10/site-packages:/opt/ros/humble/local/lib/python3.10/dist-packages /usr/bin/cmake --install /home/sebas/ros_ws/build/launch_nav
[1.814s] Level 1:colcon.colcon_core.environment:checking '/home/sebas/ros_ws/install/launch_nav' for CMake config files
[1.814s] Level 1:colcon.colcon_core.shell:create_environment_hook('launch_nav', 'cmake_prefix_path')
[1.814s] INFO:colcon.colcon_core.shell:Creating environment hook '/home/sebas/ros_ws/install/launch_nav/share/launch_nav/hook/cmake_prefix_path.ps1'
[1.814s] INFO:colcon.colcon_core.shell:Creating environment descriptor '/home/sebas/ros_ws/install/launch_nav/share/launch_nav/hook/cmake_prefix_path.dsv'
[1.815s] INFO:colcon.colcon_core.shell:Creating environment hook '/home/sebas/ros_ws/install/launch_nav/share/launch_nav/hook/cmake_prefix_path.sh'
[1.815s] Level 1:colcon.colcon_core.environment:checking '/home/sebas/ros_ws/install/launch_nav/bin'
[1.815s] Level 1:colcon.colcon_core.environment:checking '/home/sebas/ros_ws/install/launch_nav/lib/pkgconfig/launch_nav.pc'
[1.816s] Level 1:colcon.colcon_core.environment:checking '/home/sebas/ros_ws/install/launch_nav/lib/python3.10/site-packages'
[1.816s] Level 1:colcon.colcon_core.environment:checking '/home/sebas/ros_ws/install/launch_nav/bin'
[1.816s] INFO:colcon.colcon_core.shell:Creating package script '/home/sebas/ros_ws/install/launch_nav/share/launch_nav/package.ps1'
[1.817s] INFO:colcon.colcon_core.shell:Creating package descriptor '/home/sebas/ros_ws/install/launch_nav/share/launch_nav/package.dsv'
[1.817s] INFO:colcon.colcon_core.shell:Creating package script '/home/sebas/ros_ws/install/launch_nav/share/launch_nav/package.sh'
[1.817s] INFO:colcon.colcon_core.shell:Creating package script '/home/sebas/ros_ws/install/launch_nav/share/launch_nav/package.bash'
[1.818s] INFO:colcon.colcon_core.shell:Creating package script '/home/sebas/ros_ws/install/launch_nav/share/launch_nav/package.zsh'
[1.818s] Level 1:colcon.colcon_core.environment:create_file_with_runtime_dependencies(/home/sebas/ros_ws/install/launch_nav/share/colcon-core/packages/launch_nav)
[1.841s] Level 1:colcon.colcon_core.environment:create_environment_scripts_only(launch_nav)
[1.841s] Level 1:colcon.colcon_core.environment:checking '/home/sebas/ros_ws/install/launch_nav' for CMake module files
[1.842s] Level 1:colcon.colcon_core.environment:checking '/home/sebas/ros_ws/install/launch_nav' for CMake config files
[1.842s] Level 1:colcon.colcon_core.shell:create_environment_hook('launch_nav', 'cmake_prefix_path')
[1.842s] INFO:colcon.colcon_core.shell:Creating environment hook '/home/sebas/ros_ws/install/launch_nav/share/launch_nav/hook/cmake_prefix_path.ps1'
[1.843s] INFO:colcon.colcon_core.shell:Creating environment descriptor '/home/sebas/ros_ws/install/launch_nav/share/launch_nav/hook/cmake_prefix_path.dsv'
[1.843s] INFO:colcon.colcon_core.shell:Creating environment hook '/home/sebas/ros_ws/install/launch_nav/share/launch_nav/hook/cmake_prefix_path.sh'
[1.844s] Level 1:colcon.colcon_core.environment:checking '/home/sebas/ros_ws/install/launch_nav/bin'
[1.844s] Level 1:colcon.colcon_core.environment:checking '/home/sebas/ros_ws/install/launch_nav/lib/pkgconfig/launch_nav.pc'
[1.845s] Level 1:colcon.colcon_core.environment:checking '/home/sebas/ros_ws/install/launch_nav/lib/python3.10/site-packages'
[1.845s] Level 1:colcon.colcon_core.environment:checking '/home/sebas/ros_ws/install/launch_nav/bin'
[1.845s] INFO:colcon.colcon_core.shell:Creating package script '/home/sebas/ros_ws/install/launch_nav/share/launch_nav/package.ps1'
[1.846s] INFO:colcon.colcon_core.shell:Creating package descriptor '/home/sebas/ros_ws/install/launch_nav/share/launch_nav/package.dsv'
[1.847s] INFO:colcon.colcon_core.shell:Creating package script '/home/sebas/ros_ws/install/launch_nav/share/launch_nav/package.sh'
[1.847s] INFO:colcon.colcon_core.shell:Creating package script '/home/sebas/ros_ws/install/launch_nav/share/launch_nav/package.bash'
[1.848s] INFO:colcon.colcon_core.shell:Creating package script '/home/sebas/ros_ws/install/launch_nav/share/launch_nav/package.zsh'
[1.848s] Level 1:colcon.colcon_core.environment:create_file_with_runtime_dependencies(/home/sebas/ros_ws/install/launch_nav/share/colcon-core/packages/launch_nav)
[2.058s] Level 1:colcon.colcon_core.environment:checking '/home/sebas/ros_ws/install/test_gps' for CMake module files
[2.058s] DEBUG:colcon.colcon_core.event_handler.log_command:Invoked command in '/home/sebas/ros_ws/src/testing/test_gps' returned '0': CMAKE_PREFIX_PATH=/home/sebas/ros_ws/install/interfaces:/home/sebas/ros_ws/install/launch_test:/home/sebas/ros_ws/install/launch_nav PYTHONPATH=/home/sebas/ros_ws/build/test_gps/prefix_override:/usr/lib/python3/dist-packages/colcon_core/task/python/colcon_distutils_commands:/home/sebas/ros_ws/install/test_gps/lib/python3.10/site-packages:${PYTHONPATH} /usr/bin/python3 -W ignore:setup.py install is deprecated setup.py egg_info --egg-base ../../../build/test_gps build --build-base /home/sebas/ros_ws/build/test_gps/build install --record /home/sebas/ros_ws/build/test_gps/install.log --single-version-externally-managed install_data
[2.058s] Level 1:colcon.colcon_core.environment:checking '/home/sebas/ros_ws/install/test_gps' for CMake config files
[2.059s] Level 1:colcon.colcon_core.environment:checking '/home/sebas/ros_ws/install/test_gps/lib'
[2.059s] Level 1:colcon.colcon_core.environment:checking '/home/sebas/ros_ws/install/test_gps/bin'
[2.059s] Level 1:colcon.colcon_core.environment:checking '/home/sebas/ros_ws/install/test_gps/lib/pkgconfig/test_gps.pc'
[2.059s] Level 1:colcon.colcon_core.environment:checking '/home/sebas/ros_ws/install/test_gps/lib/python3.10/site-packages'
[2.059s] Level 1:colcon.colcon_core.shell:create_environment_hook('test_gps', 'pythonpath')
[2.060s] INFO:colcon.colcon_core.shell:Creating environment hook '/home/sebas/ros_ws/install/test_gps/share/test_gps/hook/pythonpath.ps1'
[2.060s] INFO:colcon.colcon_core.shell:Creating environment descriptor '/home/sebas/ros_ws/install/test_gps/share/test_gps/hook/pythonpath.dsv'
[2.060s] INFO:colcon.colcon_core.shell:Creating environment hook '/home/sebas/ros_ws/install/test_gps/share/test_gps/hook/pythonpath.sh'
[2.061s] Level 1:colcon.colcon_core.environment:checking '/home/sebas/ros_ws/install/test_gps/bin'
[2.061s] Level 1:colcon.colcon_core.environment:create_environment_scripts_only(test_gps)
[2.061s] INFO:colcon.colcon_core.shell:Creating package script '/home/sebas/ros_ws/install/test_gps/share/test_gps/package.ps1'
[2.061s] INFO:colcon.colcon_core.shell:Creating package descriptor '/home/sebas/ros_ws/install/test_gps/share/test_gps/package.dsv'
[2.062s] INFO:colcon.colcon_core.shell:Creating package script '/home/sebas/ros_ws/install/test_gps/share/test_gps/package.sh'
[2.062s] INFO:colcon.colcon_core.shell:Creating package script '/home/sebas/ros_ws/install/test_gps/share/test_gps/package.bash'
[2.063s] INFO:colcon.colcon_core.shell:Creating package script '/home/sebas/ros_ws/install/test_gps/share/test_gps/package.zsh'
[2.063s] Level 1:colcon.colcon_core.environment:create_file_with_runtime_dependencies(/home/sebas/ros_ws/install/test_gps/share/colcon-core/packages/test_gps)
[2.063s] INFO:colcon.colcon_ros.task.ament_cmake.build:Building ROS package in '/home/sebas/ros_ws/src/testing/launch_test' with build type 'ament_cmake'
[2.063s] INFO:colcon.colcon_cmake.task.cmake.build:Building CMake package in '/home/sebas/ros_ws/src/testing/launch_test'
[2.064s] INFO:colcon.colcon_core.shell:Skip shell extension 'powershell' for command environment: Not usable outside of PowerShell
[2.064s] DEBUG:colcon.colcon_core.shell:Skip shell extension 'dsv' for command environment
[2.075s] DEBUG:colcon.colcon_core.event_handler.log_command:Invoking command in '/home/sebas/ros_ws/build/launch_test': AMENT_PREFIX_PATH=/home/sebas/ros_ws/install/test_gps:/home/sebas/ros_ws/install/launch_test:/home/sebas/ros_ws/install/launch_nav:/home/sebas/ros_ws/install/interfaces:/home/sebas/ros_ws/install/gps_distance:/home/sebas/ros2_ws/install/my_robot_controller:/opt/ros/humble CMAKE_PREFIX_PATH=/home/sebas/ros_ws/install/interfaces:/home/sebas/ros_ws/install/launch_test:/home/sebas/ros_ws/install/launch_nav:/home/sebas/ros_ws/install/test_gps:/home/sebas/ros_ws/install/gps_distance:/home/sebas/ros2_ws/install/my_robot_controller:/opt/ros/humble /usr/bin/cmake --build /home/sebas/ros_ws/build/launch_test -- -j4 -l4
[2.114s] DEBUG:colcon.colcon_core.event_handler.log_command:Invoked command in '/home/sebas/ros_ws/build/launch_test' returned '0': AMENT_PREFIX_PATH=/home/sebas/ros_ws/install/test_gps:/home/sebas/ros_ws/install/launch_test:/home/sebas/ros_ws/install/launch_nav:/home/sebas/ros_ws/install/interfaces:/home/sebas/ros_ws/install/gps_distance:/home/sebas/ros2_ws/install/my_robot_controller:/opt/ros/humble CMAKE_PREFIX_PATH=/home/sebas/ros_ws/install/interfaces:/home/sebas/ros_ws/install/launch_test:/home/sebas/ros_ws/install/launch_nav:/home/sebas/ros_ws/install/test_gps:/home/sebas/ros_ws/install/gps_distance:/home/sebas/ros2_ws/install/my_robot_controller:/opt/ros/humble /usr/bin/cmake --build /home/sebas/ros_ws/build/launch_test -- -j4 -l4
[2.138s] DEBUG:colcon.colcon_core.event_handler.log_command:Invoking command in '/home/sebas/ros_ws/build/launch_test': AMENT_PREFIX_PATH=/home/sebas/ros_ws/install/test_gps:/home/sebas/ros_ws/install/launch_test:/home/sebas/ros_ws/install/launch_nav:/home/sebas/ros_ws/install/interfaces:/home/sebas/ros_ws/install/gps_distance:/home/sebas/ros2_ws/install/my_robot_controller:/opt/ros/humble CMAKE_PREFIX_PATH=/home/sebas/ros_ws/install/interfaces:/home/sebas/ros_ws/install/launch_test:/home/sebas/ros_ws/install/launch_nav:/home/sebas/ros_ws/install/test_gps:/home/sebas/ros_ws/install/gps_distance:/home/sebas/ros2_ws/install/my_robot_controller:/opt/ros/humble /usr/bin/cmake --install /home/sebas/ros_ws/build/launch_test
[2.149s] Level 1:colcon.colcon_core.environment:create_environment_scripts_only(launch_test)
[2.149s] Level 1:colcon.colcon_core.environment:checking '/home/sebas/ros_ws/install/launch_test' for CMake module files
[2.150s] DEBUG:colcon.colcon_core.event_handler.log_command:Invoked command in '/home/sebas/ros_ws/build/launch_test' returned '0': AMENT_PREFIX_PATH=/home/sebas/ros_ws/install/test_gps:/home/sebas/ros_ws/install/launch_test:/home/sebas/ros_ws/install/launch_nav:/home/sebas/ros_ws/install/interfaces:/home/sebas/ros_ws/install/gps_distance:/home/sebas/ros2_ws/install/my_robot_controller:/opt/ros/humble CMAKE_PREFIX_PATH=/home/sebas/ros_ws/install/interfaces:/home/sebas/ros_ws/install/launch_test:/home/sebas/ros_ws/install/launch_nav:/home/sebas/ros_ws/install/test_gps:/home/sebas/ros_ws/install/gps_distance:/home/sebas/ros2_ws/install/my_robot_controller:/opt/ros/humble /usr/bin/cmake --install /home/sebas/ros_ws/build/launch_test
[2.150s] Level 1:colcon.colcon_core.environment:checking '/home/sebas/ros_ws/install/launch_test' for CMake config files
[2.150s] Level 1:colcon.colcon_core.shell:create_environment_hook('launch_test', 'cmake_prefix_path')
[2.150s] INFO:colcon.colcon_core.shell:Creating environment hook '/home/sebas/ros_ws/install/launch_test/share/launch_test/hook/cmake_prefix_path.ps1'
[2.151s] INFO:colcon.colcon_core.shell:Creating environment descriptor '/home/sebas/ros_ws/install/launch_test/share/launch_test/hook/cmake_prefix_path.dsv'
[2.151s] INFO:colcon.colcon_core.shell:Creating environment hook '/home/sebas/ros_ws/install/launch_test/share/launch_test/hook/cmake_prefix_path.sh'
[2.151s] Level 1:colcon.colcon_core.environment:checking '/home/sebas/ros_ws/install/launch_test/bin'
[2.151s] Level 1:colcon.colcon_core.environment:checking '/home/sebas/ros_ws/install/launch_test/lib/pkgconfig/launch_test.pc'
[2.152s] Level 1:colcon.colcon_core.environment:checking '/home/sebas/ros_ws/install/launch_test/lib/python3.10/site-packages'
[2.152s] Level 1:colcon.colcon_core.environment:checking '/home/sebas/ros_ws/install/launch_test/bin'
[2.152s] INFO:colcon.colcon_core.shell:Creating package script '/home/sebas/ros_ws/install/launch_test/share/launch_test/package.ps1'
[2.152s] INFO:colcon.colcon_core.shell:Creating package descriptor '/home/sebas/ros_ws/install/launch_test/share/launch_test/package.dsv'
[2.153s] INFO:colcon.colcon_core.shell:Creating package script '/home/sebas/ros_ws/install/launch_test/share/launch_test/package.sh'
[2.153s] INFO:colcon.colcon_core.shell:Creating package script '/home/sebas/ros_ws/install/launch_test/share/launch_test/package.bash'
[2.153s] INFO:colcon.colcon_core.shell:Creating package script '/home/sebas/ros_ws/install/launch_test/share/launch_test/package.zsh'
[2.154s] Level 1:colcon.colcon_core.environment:create_file_with_runtime_dependencies(/home/sebas/ros_ws/install/launch_test/share/colcon-core/packages/launch_test)
[2.176s] Level 1:colcon.colcon_core.environment:create_environment_scripts_only(launch_test)
[2.177s] Level 1:colcon.colcon_core.environment:checking '/home/sebas/ros_ws/install/launch_test' for CMake module files
[2.178s] Level 1:colcon.colcon_core.environment:checking '/home/sebas/ros_ws/install/launch_test' for CMake config files
[2.178s] Level 1:colcon.colcon_core.shell:create_environment_hook('launch_test', 'cmake_prefix_path')
[2.178s] INFO:colcon.colcon_core.shell:Creating environment hook '/home/sebas/ros_ws/install/launch_test/share/launch_test/hook/cmake_prefix_path.ps1'
[2.178s] INFO:colcon.colcon_core.shell:Creating environment descriptor '/home/sebas/ros_ws/install/launch_test/share/launch_test/hook/cmake_prefix_path.dsv'
[2.179s] INFO:colcon.colcon_core.shell:Creating environment hook '/home/sebas/ros_ws/install/launch_test/share/launch_test/hook/cmake_prefix_path.sh'
[2.179s] Level 1:colcon.colcon_core.environment:checking '/home/sebas/ros_ws/install/launch_test/bin'
[2.179s] Level 1:colcon.colcon_core.environment:checking '/home/sebas/ros_ws/install/launch_test/lib/pkgconfig/launch_test.pc'
[2.179s] Level 1:colcon.colcon_core.environment:checking '/home/sebas/ros_ws/install/launch_test/lib/python3.10/site-packages'
[2.180s] Level 1:colcon.colcon_core.environment:checking '/home/sebas/ros_ws/install/launch_test/bin'
[2.180s] INFO:colcon.colcon_core.shell:Creating package script '/home/sebas/ros_ws/install/launch_test/share/launch_test/package.ps1'
[2.180s] INFO:colcon.colcon_core.shell:Creating package descriptor '/home/sebas/ros_ws/install/launch_test/share/launch_test/package.dsv'
[2.181s] INFO:colcon.colcon_core.shell:Creating package script '/home/sebas/ros_ws/install/launch_test/share/launch_test/package.sh'
[2.181s] INFO:colcon.colcon_core.shell:Creating package script '/home/sebas/ros_ws/install/launch_test/share/launch_test/package.bash'
[2.181s] INFO:colcon.colcon_core.shell:Creating package script '/home/sebas/ros_ws/install/launch_test/share/launch_test/package.zsh'
[2.182s] Level 1:colcon.colcon_core.environment:create_file_with_runtime_dependencies(/home/sebas/ros_ws/install/launch_test/share/colcon-core/packages/launch_test)
[2.182s] DEBUG:colcon.colcon_parallel_executor.executor.parallel:closing loop
[2.182s] DEBUG:colcon.colcon_parallel_executor.executor.parallel:loop closed
[2.182s] DEBUG:colcon.colcon_parallel_executor.executor.parallel:run_until_complete finished with '0'
[2.182s] DEBUG:colcon.colcon_core.event_reactor:joining thread
[2.188s] INFO:colcon.colcon_core.plugin_system:Skipping extension 'colcon_notification.desktop_notification.terminal_notifier': Not used on non-Darwin systems
[2.188s] INFO:colcon.colcon_core.plugin_system:Skipping extension 'colcon_notification.desktop_notification.win32': Not used on non-Windows systems
[2.188s] INFO:colcon.colcon_notification.desktop_notification:Sending desktop notification using 'notify2'
[2.200s] DEBUG:colcon.colcon_core.event_reactor:joined thread
[2.200s] INFO:colcon.colcon_core.shell:Creating prefix script '/home/sebas/ros_ws/install/local_setup.ps1'
[2.201s] INFO:colcon.colcon_core.shell:Creating prefix util module '/home/sebas/ros_ws/install/_local_setup_util_ps1.py'
[2.203s] INFO:colcon.colcon_core.shell:Creating prefix chain script '/home/sebas/ros_ws/install/setup.ps1'
[2.205s] INFO:colcon.colcon_core.shell:Creating prefix script '/home/sebas/ros_ws/install/local_setup.sh'
[2.206s] INFO:colcon.colcon_core.shell:Creating prefix util module '/home/sebas/ros_ws/install/_local_setup_util_sh.py'
[2.206s] INFO:colcon.colcon_core.shell:Creating prefix chain script '/home/sebas/ros_ws/install/setup.sh'
[2.207s] INFO:colcon.colcon_core.shell:Creating prefix script '/home/sebas/ros_ws/install/local_setup.bash'
[2.208s] INFO:colcon.colcon_core.shell:Creating prefix chain script '/home/sebas/ros_ws/install/setup.bash'
[2.209s] INFO:colcon.colcon_core.shell:Creating prefix script '/home/sebas/ros_ws/install/local_setup.zsh'
[2.209s] INFO:colcon.colcon_core.shell:Creating prefix chain script '/home/sebas/ros_ws/install/setup.zsh'
