[0.979s] Invoking command in '/home/sebas/ros_ws/src/Navigation/gps_distance': PYTHONPATH=/home/sebas/ros_ws/build/gps_distance/prefix_override:/usr/lib/python3/dist-packages/colcon_core/task/python/colcon_distutils_commands:/home/sebas/ros_ws/install/gps_distance/lib/python3.10/site-packages:${PYTHONPATH} /usr/bin/python3 -W ignore:setup.py install is deprecated setup.py egg_info --egg-base ../../../build/gps_distance build --build-base /home/sebas/ros_ws/build/gps_distance/build install --record /home/sebas/ros_ws/build/gps_distance/install.log --single-version-externally-managed install_data
[1.214s] running egg_info
[1.215s] creating ../../../build/gps_distance/gps_distance.egg-info
[1.215s] writing ../../../build/gps_distance/gps_distance.egg-info/PKG-INFO
[1.215s] writing dependency_links to ../../../build/gps_distance/gps_distance.egg-info/dependency_links.txt
[1.215s] writing entry points to ../../../build/gps_distance/gps_distance.egg-info/entry_points.txt
[1.215s] writing requirements to ../../../build/gps_distance/gps_distance.egg-info/requires.txt
[1.216s] writing top-level names to ../../../build/gps_distance/gps_distance.egg-info/top_level.txt
[1.216s] writing manifest file '../../../build/gps_distance/gps_distance.egg-info/SOURCES.txt'
[1.218s] reading manifest file '../../../build/gps_distance/gps_distance.egg-info/SOURCES.txt'
[1.218s] writing manifest file '../../../build/gps_distance/gps_distance.egg-info/SOURCES.txt'
[1.219s] running build
[1.219s] running build_py
[1.219s] creating /home/sebas/ros_ws/build/gps_distance/build
[1.219s] creating /home/sebas/ros_ws/build/gps_distance/build/lib
[1.219s] creating /home/sebas/ros_ws/build/gps_distance/build/lib/gps_distance
[1.219s] copying gps_distance/gps_distance.py -> /home/sebas/ros_ws/build/gps_distance/build/lib/gps_distance
[1.219s] copying gps_distance/__init__.py -> /home/sebas/ros_ws/build/gps_distance/build/lib/gps_distance
[1.220s] running install
[1.220s] running install_lib
[1.221s] creating /home/sebas/ros_ws/install/gps_distance/lib/python3.10/site-packages/gps_distance
[1.221s] copying /home/sebas/ros_ws/build/gps_distance/build/lib/gps_distance/gps_distance.py -> /home/sebas/ros_ws/install/gps_distance/lib/python3.10/site-packages/gps_distance
[1.221s] copying /home/sebas/ros_ws/build/gps_distance/build/lib/gps_distance/__init__.py -> /home/sebas/ros_ws/install/gps_distance/lib/python3.10/site-packages/gps_distance
[1.222s] byte-compiling /home/sebas/ros_ws/install/gps_distance/lib/python3.10/site-packages/gps_distance/gps_distance.py to gps_distance.cpython-310.pyc
[1.223s] byte-compiling /home/sebas/ros_ws/install/gps_distance/lib/python3.10/site-packages/gps_distance/__init__.py to __init__.cpython-310.pyc
[1.223s] running install_data
[1.223s] creating /home/sebas/ros_ws/install/gps_distance/share/ament_index
[1.223s] creating /home/sebas/ros_ws/install/gps_distance/share/ament_index/resource_index
[1.224s] creating /home/sebas/ros_ws/install/gps_distance/share/ament_index/resource_index/packages
[1.224s] copying resource/gps_distance -> /home/sebas/ros_ws/install/gps_distance/share/ament_index/resource_index/packages
[1.224s] copying package.xml -> /home/sebas/ros_ws/install/gps_distance/share/gps_distance
[1.224s] running install_egg_info
[1.226s] Copying ../../../build/gps_distance/gps_distance.egg-info to /home/sebas/ros_ws/install/gps_distance/lib/python3.10/site-packages/gps_distance-0.0.0-py3.10.egg-info
[1.227s] running install_scripts
[1.250s] writing list of installed files to '/home/sebas/ros_ws/build/gps_distance/install.log'
[1.281s] Invoked command in '/home/sebas/ros_ws/src/Navigation/gps_distance' returned '0': PYTHONPATH=/home/sebas/ros_ws/build/gps_distance/prefix_override:/usr/lib/python3/dist-packages/colcon_core/task/python/colcon_distutils_commands:/home/sebas/ros_ws/install/gps_distance/lib/python3.10/site-packages:${PYTHONPATH} /usr/bin/python3 -W ignore:setup.py install is deprecated setup.py egg_info --egg-base ../../../build/gps_distance build --build-base /home/sebas/ros_ws/build/gps_distance/build install --record /home/sebas/ros_ws/build/gps_distance/install.log --single-version-externally-managed install_data
