[0.016s] Invoking command in '/home/sebas/ros_ws/build/interfaces': CMAKE_PREFIX_PATH=${CMAKE_PREFIX_PATH}:/home/sebas/ros_ws/install/test_gps:/home/sebas/ros_ws/install/gps_distance:/home/sebas/ros2_ws/install/my_robot_controller:/opt/ros/humble /usr/bin/cmake --build /home/sebas/ros_ws/build/interfaces -- -j4 -l4
[0.099s] [  9%] Built target interfaces__rosidl_generator_c
[0.099s] [ 12%] Built target interfaces__cpp
[0.112s] [ 12%] Built target ament_cmake_python_copy_interfaces
[0.148s] [ 22%] Built target interfaces__rosidl_typesupport_cpp
[0.151s] [ 32%] Built target interfaces__rosidl_typesupport_fastrtps_cpp
[0.169s] [ 41%] Built target interfaces__rosidl_typesupport_introspection_cpp
[0.171s] [ 51%] Built target interfaces__rosidl_typesupport_fastrtps_c
[0.186s] [ 61%] Built target interfaces__rosidl_typesupport_introspection_c
[0.191s] [ 70%] Built target interfaces__rosidl_typesupport_c
[0.221s] [ 70%] Built target interfaces
[0.252s] [ 74%] Built target interfaces__py
[0.285s] [ 80%] Built target interfaces__rosidl_generator_py
[0.323s] [ 87%] Built target interfaces__rosidl_typesupport_fastrtps_c__pyext
[0.335s] [ 93%] Built target interfaces__rosidl_typesupport_introspection_c__pyext
[0.337s] [100%] Built target interfaces__rosidl_typesupport_c__pyext
[0.482s] running egg_info
[0.483s] writing interfaces.egg-info/PKG-INFO
[0.483s] writing dependency_links to interfaces.egg-info/dependency_links.txt
[0.483s] writing top-level names to interfaces.egg-info/top_level.txt
[0.486s] reading manifest file 'interfaces.egg-info/SOURCES.txt'
[0.486s] writing manifest file 'interfaces.egg-info/SOURCES.txt'
[0.518s] [100%] Built target ament_cmake_python_build_interfaces_egg
[0.530s] Invoked command in '/home/sebas/ros_ws/build/interfaces' returned '0': CMAKE_PREFIX_PATH=${CMAKE_PREFIX_PATH}:/home/sebas/ros_ws/install/test_gps:/home/sebas/ros_ws/install/gps_distance:/home/sebas/ros2_ws/install/my_robot_controller:/opt/ros/humble /usr/bin/cmake --build /home/sebas/ros_ws/build/interfaces -- -j4 -l4
[0.605s] Invoking command in '/home/sebas/ros_ws/build/interfaces': CMAKE_PREFIX_PATH=${CMAKE_PREFIX_PATH}:/home/sebas/ros_ws/install/test_gps:/home/sebas/ros_ws/install/gps_distance:/home/sebas/ros2_ws/install/my_robot_controller:/opt/ros/humble /usr/bin/cmake --install /home/sebas/ros_ws/build/interfaces
[0.613s] -- Install configuration: ""
[0.614s] -- Up-to-date: /home/sebas/ros_ws/install/interfaces/share/ament_index/resource_index/rosidl_interfaces/interfaces
[0.614s] -- Up-to-date: /home/sebas/ros_ws/install/interfaces/include/interfaces/interfaces
[0.614s] -- Up-to-date: /home/sebas/ros_ws/install/interfaces/include/interfaces/interfaces/msg
[0.614s] -- Up-to-date: /home/sebas/ros_ws/install/interfaces/include/interfaces/interfaces/msg/detail
[0.614s] -- Up-to-date: /home/sebas/ros_ws/install/interfaces/include/interfaces/interfaces/msg/detail/example__type_support.h
[0.614s] -- Up-to-date: /home/sebas/ros_ws/install/interfaces/include/interfaces/interfaces/msg/detail/example__struct.h
[0.615s] -- Up-to-date: /home/sebas/ros_ws/install/interfaces/include/interfaces/interfaces/msg/detail/example__functions.c
[0.615s] -- Up-to-date: /home/sebas/ros_ws/install/interfaces/include/interfaces/interfaces/msg/detail/example__functions.h
[0.615s] -- Up-to-date: /home/sebas/ros_ws/install/interfaces/include/interfaces/interfaces/msg/rosidl_generator_c__visibility_control.h
[0.615s] -- Up-to-date: /home/sebas/ros_ws/install/interfaces/include/interfaces/interfaces/msg/example.h
[0.615s] -- Up-to-date: /home/sebas/ros_ws/install/interfaces/share/interfaces/environment/library_path.sh
[0.615s] -- Up-to-date: /home/sebas/ros_ws/install/interfaces/share/interfaces/environment/library_path.dsv
[0.615s] -- Up-to-date: /home/sebas/ros_ws/install/interfaces/lib/libinterfaces__rosidl_generator_c.so
[0.616s] -- Up-to-date: /home/sebas/ros_ws/install/interfaces/include/interfaces/interfaces
[0.616s] -- Up-to-date: /home/sebas/ros_ws/install/interfaces/include/interfaces/interfaces/msg
[0.616s] -- Up-to-date: /home/sebas/ros_ws/install/interfaces/include/interfaces/interfaces/msg/rosidl_typesupport_fastrtps_c__visibility_control.h
[0.616s] -- Up-to-date: /home/sebas/ros_ws/install/interfaces/include/interfaces/interfaces/msg/detail
[0.616s] -- Up-to-date: /home/sebas/ros_ws/install/interfaces/include/interfaces/interfaces/msg/detail/example__rosidl_typesupport_fastrtps_c.h
[0.616s] -- Up-to-date: /home/sebas/ros_ws/install/interfaces/lib/libinterfaces__rosidl_typesupport_fastrtps_c.so
[0.616s] -- Up-to-date: /home/sebas/ros_ws/install/interfaces/include/interfaces/interfaces
[0.616s] -- Up-to-date: /home/sebas/ros_ws/install/interfaces/include/interfaces/interfaces/msg
[0.617s] -- Up-to-date: /home/sebas/ros_ws/install/interfaces/include/interfaces/interfaces/msg/detail
[0.617s] -- Up-to-date: /home/sebas/ros_ws/install/interfaces/include/interfaces/interfaces/msg/detail/example__type_support.c
[0.617s] -- Up-to-date: /home/sebas/ros_ws/install/interfaces/include/interfaces/interfaces/msg/detail/example__rosidl_typesupport_introspection_c.h
[0.617s] -- Up-to-date: /home/sebas/ros_ws/install/interfaces/include/interfaces/interfaces/msg/rosidl_typesupport_introspection_c__visibility_control.h
[0.617s] -- Up-to-date: /home/sebas/ros_ws/install/interfaces/lib/libinterfaces__rosidl_typesupport_introspection_c.so
[0.617s] -- Up-to-date: /home/sebas/ros_ws/install/interfaces/lib/libinterfaces__rosidl_typesupport_c.so
[0.617s] -- Up-to-date: /home/sebas/ros_ws/install/interfaces/include/interfaces/interfaces
[0.618s] -- Up-to-date: /home/sebas/ros_ws/install/interfaces/include/interfaces/interfaces/msg
[0.618s] -- Up-to-date: /home/sebas/ros_ws/install/interfaces/include/interfaces/interfaces/msg/example.hpp
[0.618s] -- Up-to-date: /home/sebas/ros_ws/install/interfaces/include/interfaces/interfaces/msg/detail
[0.618s] -- Up-to-date: /home/sebas/ros_ws/install/interfaces/include/interfaces/interfaces/msg/detail/example__traits.hpp
[0.618s] -- Up-to-date: /home/sebas/ros_ws/install/interfaces/include/interfaces/interfaces/msg/detail/example__builder.hpp
[0.618s] -- Up-to-date: /home/sebas/ros_ws/install/interfaces/include/interfaces/interfaces/msg/detail/example__struct.hpp
[0.618s] -- Up-to-date: /home/sebas/ros_ws/install/interfaces/include/interfaces/interfaces
[0.618s] -- Up-to-date: /home/sebas/ros_ws/install/interfaces/include/interfaces/interfaces/msg
[0.619s] -- Up-to-date: /home/sebas/ros_ws/install/interfaces/include/interfaces/interfaces/msg/rosidl_typesupport_fastrtps_cpp__visibility_control.h
[0.619s] -- Up-to-date: /home/sebas/ros_ws/install/interfaces/include/interfaces/interfaces/msg/detail
[0.619s] -- Up-to-date: /home/sebas/ros_ws/install/interfaces/include/interfaces/interfaces/msg/detail/dds_fastrtps
[0.619s] -- Up-to-date: /home/sebas/ros_ws/install/interfaces/include/interfaces/interfaces/msg/detail/example__rosidl_typesupport_fastrtps_cpp.hpp
[0.619s] -- Up-to-date: /home/sebas/ros_ws/install/interfaces/lib/libinterfaces__rosidl_typesupport_fastrtps_cpp.so
[0.619s] -- Up-to-date: /home/sebas/ros_ws/install/interfaces/include/interfaces/interfaces
[0.619s] -- Up-to-date: /home/sebas/ros_ws/install/interfaces/include/interfaces/interfaces/msg
[0.619s] -- Up-to-date: /home/sebas/ros_ws/install/interfaces/include/interfaces/interfaces/msg/detail
[0.620s] -- Up-to-date: /home/sebas/ros_ws/install/interfaces/include/interfaces/interfaces/msg/detail/example__type_support.cpp
[0.620s] -- Up-to-date: /home/sebas/ros_ws/install/interfaces/include/interfaces/interfaces/msg/detail/example__rosidl_typesupport_introspection_cpp.hpp
[0.620s] -- Up-to-date: /home/sebas/ros_ws/install/interfaces/lib/libinterfaces__rosidl_typesupport_introspection_cpp.so
[0.620s] -- Up-to-date: /home/sebas/ros_ws/install/interfaces/lib/libinterfaces__rosidl_typesupport_cpp.so
[0.620s] -- Up-to-date: /home/sebas/ros_ws/install/interfaces/share/interfaces/environment/pythonpath.sh
[0.620s] -- Up-to-date: /home/sebas/ros_ws/install/interfaces/share/interfaces/environment/pythonpath.dsv
[0.620s] -- Up-to-date: /home/sebas/ros_ws/install/interfaces/local/lib/python3.10/dist-packages/interfaces-0.0.0-py3.10.egg-info
[0.620s] -- Installing: /home/sebas/ros_ws/install/interfaces/local/lib/python3.10/dist-packages/interfaces-0.0.0-py3.10.egg-info/dependency_links.txt
[0.621s] -- Installing: /home/sebas/ros_ws/install/interfaces/local/lib/python3.10/dist-packages/interfaces-0.0.0-py3.10.egg-info/PKG-INFO
[0.621s] -- Installing: /home/sebas/ros_ws/install/interfaces/local/lib/python3.10/dist-packages/interfaces-0.0.0-py3.10.egg-info/top_level.txt
[0.621s] -- Installing: /home/sebas/ros_ws/install/interfaces/local/lib/python3.10/dist-packages/interfaces-0.0.0-py3.10.egg-info/SOURCES.txt
[0.621s] -- Up-to-date: /home/sebas/ros_ws/install/interfaces/local/lib/python3.10/dist-packages/interfaces
[0.621s] -- Up-to-date: /home/sebas/ros_ws/install/interfaces/local/lib/python3.10/dist-packages/interfaces/_interfaces_s.ep.rosidl_typesupport_fastrtps_c.c
[0.621s] -- Up-to-date: /home/sebas/ros_ws/install/interfaces/local/lib/python3.10/dist-packages/interfaces/interfaces_s__rosidl_typesupport_fastrtps_c.cpython-310-x86_64-linux-gnu.so
[0.621s] -- Up-to-date: /home/sebas/ros_ws/install/interfaces/local/lib/python3.10/dist-packages/interfaces/_interfaces_s.ep.rosidl_typesupport_c.c
[0.621s] -- Up-to-date: /home/sebas/ros_ws/install/interfaces/local/lib/python3.10/dist-packages/interfaces/_interfaces_s.ep.rosidl_typesupport_introspection_c.c
[0.621s] -- Up-to-date: /home/sebas/ros_ws/install/interfaces/local/lib/python3.10/dist-packages/interfaces/libinterfaces__rosidl_generator_py.so
[0.621s] -- Up-to-date: /home/sebas/ros_ws/install/interfaces/local/lib/python3.10/dist-packages/interfaces/__init__.py
[0.622s] -- Up-to-date: /home/sebas/ros_ws/install/interfaces/local/lib/python3.10/dist-packages/interfaces/interfaces_s__rosidl_typesupport_c.cpython-310-x86_64-linux-gnu.so
[0.622s] -- Up-to-date: /home/sebas/ros_ws/install/interfaces/local/lib/python3.10/dist-packages/interfaces/msg
[0.622s] -- Up-to-date: /home/sebas/ros_ws/install/interfaces/local/lib/python3.10/dist-packages/interfaces/msg/_example_s.c
[0.622s] -- Up-to-date: /home/sebas/ros_ws/install/interfaces/local/lib/python3.10/dist-packages/interfaces/msg/__init__.py
[0.622s] -- Up-to-date: /home/sebas/ros_ws/install/interfaces/local/lib/python3.10/dist-packages/interfaces/msg/_example.py
[0.622s] -- Up-to-date: /home/sebas/ros_ws/install/interfaces/local/lib/python3.10/dist-packages/interfaces/interfaces_s__rosidl_typesupport_introspection_c.cpython-310-x86_64-linux-gnu.so
[0.653s] Listing '/home/sebas/ros_ws/install/interfaces/local/lib/python3.10/dist-packages/interfaces'...
[0.654s] Listing '/home/sebas/ros_ws/install/interfaces/local/lib/python3.10/dist-packages/interfaces/msg'...
[0.659s] -- Up-to-date: /home/sebas/ros_ws/install/interfaces/local/lib/python3.10/dist-packages/interfaces/interfaces_s__rosidl_typesupport_fastrtps_c.cpython-310-x86_64-linux-gnu.so
[0.659s] -- Up-to-date: /home/sebas/ros_ws/install/interfaces/local/lib/python3.10/dist-packages/interfaces/interfaces_s__rosidl_typesupport_introspection_c.cpython-310-x86_64-linux-gnu.so
[0.660s] -- Up-to-date: /home/sebas/ros_ws/install/interfaces/local/lib/python3.10/dist-packages/interfaces/interfaces_s__rosidl_typesupport_c.cpython-310-x86_64-linux-gnu.so
[0.660s] -- Up-to-date: /home/sebas/ros_ws/install/interfaces/lib/libinterfaces__rosidl_generator_py.so
[0.660s] -- Up-to-date: /home/sebas/ros_ws/install/interfaces/share/interfaces/msg/Example.idl
[0.660s] -- Up-to-date: /home/sebas/ros_ws/install/interfaces/share/interfaces/msg/Example.msg
[0.661s] -- Up-to-date: /home/sebas/ros_ws/install/interfaces/share/ament_index/resource_index/package_run_dependencies/interfaces
[0.661s] -- Up-to-date: /home/sebas/ros_ws/install/interfaces/share/ament_index/resource_index/parent_prefix_path/interfaces
[0.661s] -- Up-to-date: /home/sebas/ros_ws/install/interfaces/share/interfaces/environment/ament_prefix_path.sh
[0.661s] -- Up-to-date: /home/sebas/ros_ws/install/interfaces/share/interfaces/environment/ament_prefix_path.dsv
[0.661s] -- Up-to-date: /home/sebas/ros_ws/install/interfaces/share/interfaces/environment/path.sh
[0.661s] -- Up-to-date: /home/sebas/ros_ws/install/interfaces/share/interfaces/environment/path.dsv
[0.662s] -- Up-to-date: /home/sebas/ros_ws/install/interfaces/share/interfaces/local_setup.bash
[0.662s] -- Up-to-date: /home/sebas/ros_ws/install/interfaces/share/interfaces/local_setup.sh
[0.662s] -- Up-to-date: /home/sebas/ros_ws/install/interfaces/share/interfaces/local_setup.zsh
[0.662s] -- Up-to-date: /home/sebas/ros_ws/install/interfaces/share/interfaces/local_setup.dsv
[0.662s] -- Installing: /home/sebas/ros_ws/install/interfaces/share/interfaces/package.dsv
[0.662s] -- Up-to-date: /home/sebas/ros_ws/install/interfaces/share/ament_index/resource_index/packages/interfaces
[0.662s] -- Up-to-date: /home/sebas/ros_ws/install/interfaces/share/interfaces/cmake/export_interfaces__rosidl_generator_cExport.cmake
[0.662s] -- Up-to-date: /home/sebas/ros_ws/install/interfaces/share/interfaces/cmake/export_interfaces__rosidl_generator_cExport-noconfig.cmake
[0.663s] -- Up-to-date: /home/sebas/ros_ws/install/interfaces/share/interfaces/cmake/export_interfaces__rosidl_typesupport_fastrtps_cExport.cmake
[0.663s] -- Up-to-date: /home/sebas/ros_ws/install/interfaces/share/interfaces/cmake/export_interfaces__rosidl_typesupport_fastrtps_cExport-noconfig.cmake
[0.663s] -- Up-to-date: /home/sebas/ros_ws/install/interfaces/share/interfaces/cmake/interfaces__rosidl_typesupport_introspection_cExport.cmake
[0.663s] -- Up-to-date: /home/sebas/ros_ws/install/interfaces/share/interfaces/cmake/interfaces__rosidl_typesupport_introspection_cExport-noconfig.cmake
[0.663s] -- Up-to-date: /home/sebas/ros_ws/install/interfaces/share/interfaces/cmake/interfaces__rosidl_typesupport_cExport.cmake
[0.663s] -- Up-to-date: /home/sebas/ros_ws/install/interfaces/share/interfaces/cmake/interfaces__rosidl_typesupport_cExport-noconfig.cmake
[0.663s] -- Up-to-date: /home/sebas/ros_ws/install/interfaces/share/interfaces/cmake/export_interfaces__rosidl_generator_cppExport.cmake
[0.664s] -- Up-to-date: /home/sebas/ros_ws/install/interfaces/share/interfaces/cmake/export_interfaces__rosidl_typesupport_fastrtps_cppExport.cmake
[0.664s] -- Up-to-date: /home/sebas/ros_ws/install/interfaces/share/interfaces/cmake/export_interfaces__rosidl_typesupport_fastrtps_cppExport-noconfig.cmake
[0.664s] -- Up-to-date: /home/sebas/ros_ws/install/interfaces/share/interfaces/cmake/interfaces__rosidl_typesupport_introspection_cppExport.cmake
[0.664s] -- Up-to-date: /home/sebas/ros_ws/install/interfaces/share/interfaces/cmake/interfaces__rosidl_typesupport_introspection_cppExport-noconfig.cmake
[0.664s] -- Up-to-date: /home/sebas/ros_ws/install/interfaces/share/interfaces/cmake/interfaces__rosidl_typesupport_cppExport.cmake
[0.664s] -- Up-to-date: /home/sebas/ros_ws/install/interfaces/share/interfaces/cmake/interfaces__rosidl_typesupport_cppExport-noconfig.cmake
[0.664s] -- Up-to-date: /home/sebas/ros_ws/install/interfaces/share/interfaces/cmake/export_interfaces__rosidl_generator_pyExport.cmake
[0.664s] -- Up-to-date: /home/sebas/ros_ws/install/interfaces/share/interfaces/cmake/export_interfaces__rosidl_generator_pyExport-noconfig.cmake
[0.665s] -- Up-to-date: /home/sebas/ros_ws/install/interfaces/share/interfaces/cmake/rosidl_cmake-extras.cmake
[0.665s] -- Up-to-date: /home/sebas/ros_ws/install/interfaces/share/interfaces/cmake/ament_cmake_export_include_directories-extras.cmake
[0.665s] -- Up-to-date: /home/sebas/ros_ws/install/interfaces/share/interfaces/cmake/ament_cmake_export_libraries-extras.cmake
[0.665s] -- Up-to-date: /home/sebas/ros_ws/install/interfaces/share/interfaces/cmake/ament_cmake_export_targets-extras.cmake
[0.665s] -- Up-to-date: /home/sebas/ros_ws/install/interfaces/share/interfaces/cmake/rosidl_cmake_export_typesupport_targets-extras.cmake
[0.665s] -- Up-to-date: /home/sebas/ros_ws/install/interfaces/share/interfaces/cmake/ament_cmake_export_dependencies-extras.cmake
[0.665s] -- Up-to-date: /home/sebas/ros_ws/install/interfaces/share/interfaces/cmake/rosidl_cmake_export_typesupport_libraries-extras.cmake
[0.665s] -- Up-to-date: /home/sebas/ros_ws/install/interfaces/share/interfaces/cmake/interfacesConfig.cmake
[0.665s] -- Up-to-date: /home/sebas/ros_ws/install/interfaces/share/interfaces/cmake/interfacesConfig-version.cmake
[0.666s] -- Up-to-date: /home/sebas/ros_ws/install/interfaces/share/interfaces/package.xml
[0.667s] Invoked command in '/home/sebas/ros_ws/build/interfaces' returned '0': CMAKE_PREFIX_PATH=${CMAKE_PREFIX_PATH}:/home/sebas/ros_ws/install/test_gps:/home/sebas/ros_ws/install/gps_distance:/home/sebas/ros2_ws/install/my_robot_controller:/opt/ros/humble /usr/bin/cmake --install /home/sebas/ros_ws/build/interfaces
