[0.109s] DEBUG:colcon:Command line arguments: ['/usr/bin/colcon', 'build']
[0.109s] DEBUG:colcon:Parsed command line arguments: Namespace(log_base=None, log_level=None, verb_name='build', build_base='build', install_base='install', merge_install=False, symlink_install=False, test_result_base=None, continue_on_error=False, executor='parallel', parallel_workers=4, event_handlers=None, ignore_user_meta=False, metas=['./colcon.meta'], base_paths=['.'], packages_ignore=None, packages_ignore_regex=None, paths=None, packages_up_to=None, packages_up_to_regex=None, packages_above=None, packages_above_and_dependencies=None, packages_above_depth=None, packages_select_by_dep=None, packages_skip_by_dep=None, packages_skip_up_to=None, packages_select_build_failed=False, packages_skip_build_finished=False, packages_select_test_failures=False, packages_skip_test_passed=False, packages_select=None, packages_skip=None, packages_select_regex=None, packages_skip_regex=None, packages_start=None, packages_end=None, allow_overriding=[], cmake_args=None, cmake_target=None, cmake_target_skip_unavailable=False, cmake_clean_cache=False, cmake_clean_first=False, cmake_force_configure=False, ament_cmake_args=None, catkin_cmake_args=None, catkin_skip_building_tests=False, verb_parser=<colcon_defaults.argument_parser.defaults.DefaultArgumentsDecorator object at 0x70c57776baf0>, verb_extension=<colcon_core.verb.build.BuildVerb object at 0x70c5778c86d0>, main=<bound method BuildVerb.main of <colcon_core.verb.build.BuildVerb object at 0x70c5778c86d0>>)
[0.266s] Level 1:colcon.colcon_core.package_discovery:discover_packages(colcon_meta) check parameters
[0.266s] Level 1:colcon.colcon_core.package_discovery:discover_packages(recursive) check parameters
[0.266s] Level 1:colcon.colcon_core.package_discovery:discover_packages(ignore) check parameters
[0.266s] Level 1:colcon.colcon_core.package_discovery:discover_packages(path) check parameters
[0.267s] Level 1:colcon.colcon_core.package_discovery:discover_packages(colcon_meta) discover
[0.267s] Level 1:colcon.colcon_core.package_discovery:discover_packages(recursive) discover
[0.267s] INFO:colcon.colcon_core.package_discovery:Crawling recursively for packages in '/home/sebas/ros_ws'
[0.267s] Level 1:colcon.colcon_core.package_identification:_identify(.) by extensions ['ignore', 'ignore_ament_install']
[0.267s] Level 1:colcon.colcon_core.package_identification:_identify(.) by extension 'ignore'
[0.267s] Level 1:colcon.colcon_core.package_identification:_identify(.) by extension 'ignore_ament_install'
[0.267s] Level 1:colcon.colcon_core.package_identification:_identify(.) by extensions ['colcon_pkg']
[0.267s] Level 1:colcon.colcon_core.package_identification:_identify(.) by extension 'colcon_pkg'
[0.267s] Level 1:colcon.colcon_core.package_identification:_identify(.) by extensions ['colcon_meta']
[0.267s] Level 1:colcon.colcon_core.package_identification:_identify(.) by extension 'colcon_meta'
[0.267s] Level 1:colcon.colcon_core.package_identification:_identify(.) by extensions ['ros']
[0.267s] Level 1:colcon.colcon_core.package_identification:_identify(.) by extension 'ros'
[0.278s] Level 1:colcon.colcon_core.package_identification:_identify(.) by extensions ['cmake', 'python']
[0.278s] Level 1:colcon.colcon_core.package_identification:_identify(.) by extension 'cmake'
[0.278s] Level 1:colcon.colcon_core.package_identification:_identify(.) by extension 'python'
[0.278s] Level 1:colcon.colcon_core.package_identification:_identify(.) by extensions ['python_setup_py']
[0.278s] Level 1:colcon.colcon_core.package_identification:_identify(.) by extension 'python_setup_py'
[0.278s] Level 1:colcon.colcon_core.package_identification:_identify(build) by extensions ['ignore', 'ignore_ament_install']
[0.279s] Level 1:colcon.colcon_core.package_identification:_identify(build) by extension 'ignore'
[0.279s] Level 1:colcon.colcon_core.package_identification:_identify(build) ignored
[0.279s] Level 1:colcon.colcon_core.package_identification:_identify(install) by extensions ['ignore', 'ignore_ament_install']
[0.279s] Level 1:colcon.colcon_core.package_identification:_identify(install) by extension 'ignore'
[0.279s] Level 1:colcon.colcon_core.package_identification:_identify(install) ignored
[0.279s] Level 1:colcon.colcon_core.package_identification:_identify(log) by extensions ['ignore', 'ignore_ament_install']
[0.279s] Level 1:colcon.colcon_core.package_identification:_identify(log) by extension 'ignore'
[0.279s] Level 1:colcon.colcon_core.package_identification:_identify(log) ignored
[0.279s] Level 1:colcon.colcon_core.package_identification:_identify(src) by extensions ['ignore', 'ignore_ament_install']
[0.279s] Level 1:colcon.colcon_core.package_identification:_identify(src) by extension 'ignore'
[0.279s] Level 1:colcon.colcon_core.package_identification:_identify(src) by extension 'ignore_ament_install'
[0.279s] Level 1:colcon.colcon_core.package_identification:_identify(src) by extensions ['colcon_pkg']
[0.279s] Level 1:colcon.colcon_core.package_identification:_identify(src) by extension 'colcon_pkg'
[0.279s] Level 1:colcon.colcon_core.package_identification:_identify(src) by extensions ['colcon_meta']
[0.280s] Level 1:colcon.colcon_core.package_identification:_identify(src) by extension 'colcon_meta'
[0.280s] Level 1:colcon.colcon_core.package_identification:_identify(src) by extensions ['ros']
[0.280s] Level 1:colcon.colcon_core.package_identification:_identify(src) by extension 'ros'
[0.280s] Level 1:colcon.colcon_core.package_identification:_identify(src) by extensions ['cmake', 'python']
[0.280s] Level 1:colcon.colcon_core.package_identification:_identify(src) by extension 'cmake'
[0.280s] Level 1:colcon.colcon_core.package_identification:_identify(src) by extension 'python'
[0.280s] Level 1:colcon.colcon_core.package_identification:_identify(src) by extensions ['python_setup_py']
[0.280s] Level 1:colcon.colcon_core.package_identification:_identify(src) by extension 'python_setup_py'
[0.280s] Level 1:colcon.colcon_core.package_identification:_identify(src/Navigation) by extensions ['ignore', 'ignore_ament_install']
[0.280s] Level 1:colcon.colcon_core.package_identification:_identify(src/Navigation) by extension 'ignore'
[0.280s] Level 1:colcon.colcon_core.package_identification:_identify(src/Navigation) by extension 'ignore_ament_install'
[0.280s] Level 1:colcon.colcon_core.package_identification:_identify(src/Navigation) by extensions ['colcon_pkg']
[0.280s] Level 1:colcon.colcon_core.package_identification:_identify(src/Navigation) by extension 'colcon_pkg'
[0.280s] Level 1:colcon.colcon_core.package_identification:_identify(src/Navigation) by extensions ['colcon_meta']
[0.280s] Level 1:colcon.colcon_core.package_identification:_identify(src/Navigation) by extension 'colcon_meta'
[0.280s] Level 1:colcon.colcon_core.package_identification:_identify(src/Navigation) by extensions ['ros']
[0.280s] Level 1:colcon.colcon_core.package_identification:_identify(src/Navigation) by extension 'ros'
[0.280s] Level 1:colcon.colcon_core.package_identification:_identify(src/Navigation) by extensions ['cmake', 'python']
[0.280s] Level 1:colcon.colcon_core.package_identification:_identify(src/Navigation) by extension 'cmake'
[0.280s] Level 1:colcon.colcon_core.package_identification:_identify(src/Navigation) by extension 'python'
[0.280s] Level 1:colcon.colcon_core.package_identification:_identify(src/Navigation) by extensions ['python_setup_py']
[0.280s] Level 1:colcon.colcon_core.package_identification:_identify(src/Navigation) by extension 'python_setup_py'
[0.281s] Level 1:colcon.colcon_core.package_identification:_identify(src/Navigation/gps_distance) by extensions ['ignore', 'ignore_ament_install']
[0.281s] Level 1:colcon.colcon_core.package_identification:_identify(src/Navigation/gps_distance) by extension 'ignore'
[0.281s] Level 1:colcon.colcon_core.package_identification:_identify(src/Navigation/gps_distance) by extension 'ignore_ament_install'
[0.281s] Level 1:colcon.colcon_core.package_identification:_identify(src/Navigation/gps_distance) by extensions ['colcon_pkg']
[0.281s] Level 1:colcon.colcon_core.package_identification:_identify(src/Navigation/gps_distance) by extension 'colcon_pkg'
[0.281s] Level 1:colcon.colcon_core.package_identification:_identify(src/Navigation/gps_distance) by extensions ['colcon_meta']
[0.281s] Level 1:colcon.colcon_core.package_identification:_identify(src/Navigation/gps_distance) by extension 'colcon_meta'
[0.281s] Level 1:colcon.colcon_core.package_identification:_identify(src/Navigation/gps_distance) by extensions ['ros']
[0.281s] Level 1:colcon.colcon_core.package_identification:_identify(src/Navigation/gps_distance) by extension 'ros'
[0.284s] DEBUG:colcon.colcon_core.package_identification:Package 'src/Navigation/gps_distance' with type 'ros.ament_python' and name 'gps_distance'
[0.284s] Level 1:colcon.colcon_core.package_identification:_identify(src/Navigation/launch_nav) by extensions ['ignore', 'ignore_ament_install']
[0.284s] Level 1:colcon.colcon_core.package_identification:_identify(src/Navigation/launch_nav) by extension 'ignore'
[0.284s] Level 1:colcon.colcon_core.package_identification:_identify(src/Navigation/launch_nav) by extension 'ignore_ament_install'
[0.284s] Level 1:colcon.colcon_core.package_identification:_identify(src/Navigation/launch_nav) by extensions ['colcon_pkg']
[0.284s] Level 1:colcon.colcon_core.package_identification:_identify(src/Navigation/launch_nav) by extension 'colcon_pkg'
[0.284s] Level 1:colcon.colcon_core.package_identification:_identify(src/Navigation/launch_nav) by extensions ['colcon_meta']
[0.284s] Level 1:colcon.colcon_core.package_identification:_identify(src/Navigation/launch_nav) by extension 'colcon_meta'
[0.284s] Level 1:colcon.colcon_core.package_identification:_identify(src/Navigation/launch_nav) by extensions ['ros']
[0.284s] Level 1:colcon.colcon_core.package_identification:_identify(src/Navigation/launch_nav) by extension 'ros'
[0.285s] DEBUG:colcon.colcon_core.package_identification:Package 'src/Navigation/launch_nav' with type 'ros.ament_cmake' and name 'launch_nav'
[0.285s] Level 1:colcon.colcon_core.package_identification:_identify(src/interfaces) by extensions ['ignore', 'ignore_ament_install']
[0.285s] Level 1:colcon.colcon_core.package_identification:_identify(src/interfaces) by extension 'ignore'
[0.285s] Level 1:colcon.colcon_core.package_identification:_identify(src/interfaces) by extension 'ignore_ament_install'
[0.285s] Level 1:colcon.colcon_core.package_identification:_identify(src/interfaces) by extensions ['colcon_pkg']
[0.285s] Level 1:colcon.colcon_core.package_identification:_identify(src/interfaces) by extension 'colcon_pkg'
[0.285s] Level 1:colcon.colcon_core.package_identification:_identify(src/interfaces) by extensions ['colcon_meta']
[0.285s] Level 1:colcon.colcon_core.package_identification:_identify(src/interfaces) by extension 'colcon_meta'
[0.285s] Level 1:colcon.colcon_core.package_identification:_identify(src/interfaces) by extensions ['ros']
[0.285s] Level 1:colcon.colcon_core.package_identification:_identify(src/interfaces) by extension 'ros'
[0.286s] DEBUG:colcon.colcon_core.package_identification:Package 'src/interfaces' with type 'ros.ament_cmake' and name 'interfaces'
[0.286s] Level 1:colcon.colcon_core.package_identification:_identify(src/testing) by extensions ['ignore', 'ignore_ament_install']
[0.286s] Level 1:colcon.colcon_core.package_identification:_identify(src/testing) by extension 'ignore'
[0.286s] Level 1:colcon.colcon_core.package_identification:_identify(src/testing) by extension 'ignore_ament_install'
[0.286s] Level 1:colcon.colcon_core.package_identification:_identify(src/testing) by extensions ['colcon_pkg']
[0.286s] Level 1:colcon.colcon_core.package_identification:_identify(src/testing) by extension 'colcon_pkg'
[0.286s] Level 1:colcon.colcon_core.package_identification:_identify(src/testing) by extensions ['colcon_meta']
[0.286s] Level 1:colcon.colcon_core.package_identification:_identify(src/testing) by extension 'colcon_meta'
[0.286s] Level 1:colcon.colcon_core.package_identification:_identify(src/testing) by extensions ['ros']
[0.286s] Level 1:colcon.colcon_core.package_identification:_identify(src/testing) by extension 'ros'
[0.286s] Level 1:colcon.colcon_core.package_identification:_identify(src/testing) by extensions ['cmake', 'python']
[0.286s] Level 1:colcon.colcon_core.package_identification:_identify(src/testing) by extension 'cmake'
[0.286s] Level 1:colcon.colcon_core.package_identification:_identify(src/testing) by extension 'python'
[0.286s] Level 1:colcon.colcon_core.package_identification:_identify(src/testing) by extensions ['python_setup_py']
[0.286s] Level 1:colcon.colcon_core.package_identification:_identify(src/testing) by extension 'python_setup_py'
[0.286s] Level 1:colcon.colcon_core.package_identification:_identify(src/testing/launch_test) by extensions ['ignore', 'ignore_ament_install']
[0.287s] Level 1:colcon.colcon_core.package_identification:_identify(src/testing/launch_test) by extension 'ignore'
[0.287s] Level 1:colcon.colcon_core.package_identification:_identify(src/testing/launch_test) by extension 'ignore_ament_install'
[0.287s] Level 1:colcon.colcon_core.package_identification:_identify(src/testing/launch_test) by extensions ['colcon_pkg']
[0.287s] Level 1:colcon.colcon_core.package_identification:_identify(src/testing/launch_test) by extension 'colcon_pkg'
[0.287s] Level 1:colcon.colcon_core.package_identification:_identify(src/testing/launch_test) by extensions ['colcon_meta']
[0.287s] Level 1:colcon.colcon_core.package_identification:_identify(src/testing/launch_test) by extension 'colcon_meta'
[0.287s] Level 1:colcon.colcon_core.package_identification:_identify(src/testing/launch_test) by extensions ['ros']
[0.287s] Level 1:colcon.colcon_core.package_identification:_identify(src/testing/launch_test) by extension 'ros'
[0.287s] DEBUG:colcon.colcon_core.package_identification:Package 'src/testing/launch_test' with type 'ros.ament_cmake' and name 'launch_test'
[0.287s] Level 1:colcon.colcon_core.package_identification:_identify(src/testing/test_gps) by extensions ['ignore', 'ignore_ament_install']
[0.289s] Level 1:colcon.colcon_core.package_identification:_identify(src/testing/test_gps) by extension 'ignore'
[0.289s] Level 1:colcon.colcon_core.package_identification:_identify(src/testing/test_gps) by extension 'ignore_ament_install'
[0.289s] Level 1:colcon.colcon_core.package_identification:_identify(src/testing/test_gps) by extensions ['colcon_pkg']
[0.289s] Level 1:colcon.colcon_core.package_identification:_identify(src/testing/test_gps) by extension 'colcon_pkg'
[0.289s] Level 1:colcon.colcon_core.package_identification:_identify(src/testing/test_gps) by extensions ['colcon_meta']
[0.289s] Level 1:colcon.colcon_core.package_identification:_identify(src/testing/test_gps) by extension 'colcon_meta'
[0.289s] Level 1:colcon.colcon_core.package_identification:_identify(src/testing/test_gps) by extensions ['ros']
[0.289s] Level 1:colcon.colcon_core.package_identification:_identify(src/testing/test_gps) by extension 'ros'
[0.290s] DEBUG:colcon.colcon_core.package_identification:Package 'src/testing/test_gps' with type 'ros.ament_python' and name 'test_gps'
[0.290s] Level 1:colcon.colcon_core.package_discovery:discover_packages(recursive) using defaults
[0.290s] Level 1:colcon.colcon_core.package_discovery:discover_packages(ignore) discover
[0.290s] Level 1:colcon.colcon_core.package_discovery:discover_packages(ignore) using defaults
[0.290s] Level 1:colcon.colcon_core.package_discovery:discover_packages(path) discover
[0.290s] Level 1:colcon.colcon_core.package_discovery:discover_packages(path) using defaults
[0.310s] Level 1:colcon.colcon_core.package_discovery:discover_packages(prefix_path) check parameters
[0.311s] Level 1:colcon.colcon_core.package_discovery:discover_packages(prefix_path) discover
[0.311s] WARNING:colcon.colcon_core.prefix_path.colcon:The path '/home/sebas/ros2_ws/install' in the environment variable COLCON_PREFIX_PATH doesn't exist
[0.311s] WARNING:colcon.colcon_ros.prefix_path.ament:The path '/home/sebas/ros2_ws/install/my_robot_controller' in the environment variable AMENT_PREFIX_PATH doesn't exist
[0.313s] DEBUG:colcon.colcon_installed_package_information.package_discovery:Found 270 installed packages in /opt/ros/humble
[0.314s] Level 1:colcon.colcon_core.package_discovery:discover_packages(prefix_path) using defaults
[0.365s] Level 5:colcon.colcon_core.verb:set package 'gps_distance' build argument 'cmake_args' from command line to 'None'
[0.365s] Level 5:colcon.colcon_core.verb:set package 'gps_distance' build argument 'cmake_target' from command line to 'None'
[0.365s] Level 5:colcon.colcon_core.verb:set package 'gps_distance' build argument 'cmake_target_skip_unavailable' from command line to 'False'
[0.365s] Level 5:colcon.colcon_core.verb:set package 'gps_distance' build argument 'cmake_clean_cache' from command line to 'False'
[0.366s] Level 5:colcon.colcon_core.verb:set package 'gps_distance' build argument 'cmake_clean_first' from command line to 'False'
[0.366s] Level 5:colcon.colcon_core.verb:set package 'gps_distance' build argument 'cmake_force_configure' from command line to 'False'
[0.366s] Level 5:colcon.colcon_core.verb:set package 'gps_distance' build argument 'ament_cmake_args' from command line to 'None'
[0.366s] Level 5:colcon.colcon_core.verb:set package 'gps_distance' build argument 'catkin_cmake_args' from command line to 'None'
[0.366s] Level 5:colcon.colcon_core.verb:set package 'gps_distance' build argument 'catkin_skip_building_tests' from command line to 'False'
[0.366s] DEBUG:colcon.colcon_core.verb:Building package 'gps_distance' with the following arguments: {'ament_cmake_args': None, 'build_base': '/home/sebas/ros_ws/build/gps_distance', 'catkin_cmake_args': None, 'catkin_skip_building_tests': False, 'cmake_args': None, 'cmake_clean_cache': False, 'cmake_clean_first': False, 'cmake_force_configure': False, 'cmake_target': None, 'cmake_target_skip_unavailable': False, 'install_base': '/home/sebas/ros_ws/install/gps_distance', 'merge_install': False, 'path': '/home/sebas/ros_ws/src/Navigation/gps_distance', 'symlink_install': False, 'test_result_base': None}
[0.366s] Level 5:colcon.colcon_core.verb:set package 'interfaces' build argument 'cmake_args' from command line to 'None'
[0.366s] Level 5:colcon.colcon_core.verb:set package 'interfaces' build argument 'cmake_target' from command line to 'None'
[0.366s] Level 5:colcon.colcon_core.verb:set package 'interfaces' build argument 'cmake_target_skip_unavailable' from command line to 'False'
[0.366s] Level 5:colcon.colcon_core.verb:set package 'interfaces' build argument 'cmake_clean_cache' from command line to 'False'
[0.366s] Level 5:colcon.colcon_core.verb:set package 'interfaces' build argument 'cmake_clean_first' from command line to 'False'
[0.366s] Level 5:colcon.colcon_core.verb:set package 'interfaces' build argument 'cmake_force_configure' from command line to 'False'
[0.366s] Level 5:colcon.colcon_core.verb:set package 'interfaces' build argument 'ament_cmake_args' from command line to 'None'
[0.366s] Level 5:colcon.colcon_core.verb:set package 'interfaces' build argument 'catkin_cmake_args' from command line to 'None'
[0.366s] Level 5:colcon.colcon_core.verb:set package 'interfaces' build argument 'catkin_skip_building_tests' from command line to 'False'
[0.366s] DEBUG:colcon.colcon_core.verb:Building package 'interfaces' with the following arguments: {'ament_cmake_args': None, 'build_base': '/home/sebas/ros_ws/build/interfaces', 'catkin_cmake_args': None, 'catkin_skip_building_tests': False, 'cmake_args': None, 'cmake_clean_cache': False, 'cmake_clean_first': False, 'cmake_force_configure': False, 'cmake_target': None, 'cmake_target_skip_unavailable': False, 'install_base': '/home/sebas/ros_ws/install/interfaces', 'merge_install': False, 'path': '/home/sebas/ros_ws/src/interfaces', 'symlink_install': False, 'test_result_base': None}
[0.367s] Level 5:colcon.colcon_core.verb:set package 'launch_nav' build argument 'cmake_args' from command line to 'None'
[0.367s] Level 5:colcon.colcon_core.verb:set package 'launch_nav' build argument 'cmake_target' from command line to 'None'
[0.367s] Level 5:colcon.colcon_core.verb:set package 'launch_nav' build argument 'cmake_target_skip_unavailable' from command line to 'False'
[0.367s] Level 5:colcon.colcon_core.verb:set package 'launch_nav' build argument 'cmake_clean_cache' from command line to 'False'
[0.367s] Level 5:colcon.colcon_core.verb:set package 'launch_nav' build argument 'cmake_clean_first' from command line to 'False'
[0.367s] Level 5:colcon.colcon_core.verb:set package 'launch_nav' build argument 'cmake_force_configure' from command line to 'False'
[0.367s] Level 5:colcon.colcon_core.verb:set package 'launch_nav' build argument 'ament_cmake_args' from command line to 'None'
[0.367s] Level 5:colcon.colcon_core.verb:set package 'launch_nav' build argument 'catkin_cmake_args' from command line to 'None'
[0.367s] Level 5:colcon.colcon_core.verb:set package 'launch_nav' build argument 'catkin_skip_building_tests' from command line to 'False'
[0.367s] DEBUG:colcon.colcon_core.verb:Building package 'launch_nav' with the following arguments: {'ament_cmake_args': None, 'build_base': '/home/sebas/ros_ws/build/launch_nav', 'catkin_cmake_args': None, 'catkin_skip_building_tests': False, 'cmake_args': None, 'cmake_clean_cache': False, 'cmake_clean_first': False, 'cmake_force_configure': False, 'cmake_target': None, 'cmake_target_skip_unavailable': False, 'install_base': '/home/sebas/ros_ws/install/launch_nav', 'merge_install': False, 'path': '/home/sebas/ros_ws/src/Navigation/launch_nav', 'symlink_install': False, 'test_result_base': None}
[0.367s] Level 5:colcon.colcon_core.verb:set package 'test_gps' build argument 'cmake_args' from command line to 'None'
[0.367s] Level 5:colcon.colcon_core.verb:set package 'test_gps' build argument 'cmake_target' from command line to 'None'
[0.367s] Level 5:colcon.colcon_core.verb:set package 'test_gps' build argument 'cmake_target_skip_unavailable' from command line to 'False'
[0.367s] Level 5:colcon.colcon_core.verb:set package 'test_gps' build argument 'cmake_clean_cache' from command line to 'False'
[0.367s] Level 5:colcon.colcon_core.verb:set package 'test_gps' build argument 'cmake_clean_first' from command line to 'False'
[0.367s] Level 5:colcon.colcon_core.verb:set package 'test_gps' build argument 'cmake_force_configure' from command line to 'False'
[0.367s] Level 5:colcon.colcon_core.verb:set package 'test_gps' build argument 'ament_cmake_args' from command line to 'None'
[0.367s] Level 5:colcon.colcon_core.verb:set package 'test_gps' build argument 'catkin_cmake_args' from command line to 'None'
[0.367s] Level 5:colcon.colcon_core.verb:set package 'test_gps' build argument 'catkin_skip_building_tests' from command line to 'False'
[0.368s] DEBUG:colcon.colcon_core.verb:Building package 'test_gps' with the following arguments: {'ament_cmake_args': None, 'build_base': '/home/sebas/ros_ws/build/test_gps', 'catkin_cmake_args': None, 'catkin_skip_building_tests': False, 'cmake_args': None, 'cmake_clean_cache': False, 'cmake_clean_first': False, 'cmake_force_configure': False, 'cmake_target': None, 'cmake_target_skip_unavailable': False, 'install_base': '/home/sebas/ros_ws/install/test_gps', 'merge_install': False, 'path': '/home/sebas/ros_ws/src/testing/test_gps', 'symlink_install': False, 'test_result_base': None}
[0.368s] Level 5:colcon.colcon_core.verb:set package 'launch_test' build argument 'cmake_args' from command line to 'None'
[0.368s] Level 5:colcon.colcon_core.verb:set package 'launch_test' build argument 'cmake_target' from command line to 'None'
[0.368s] Level 5:colcon.colcon_core.verb:set package 'launch_test' build argument 'cmake_target_skip_unavailable' from command line to 'False'
[0.368s] Level 5:colcon.colcon_core.verb:set package 'launch_test' build argument 'cmake_clean_cache' from command line to 'False'
[0.368s] Level 5:colcon.colcon_core.verb:set package 'launch_test' build argument 'cmake_clean_first' from command line to 'False'
[0.368s] Level 5:colcon.colcon_core.verb:set package 'launch_test' build argument 'cmake_force_configure' from command line to 'False'
[0.368s] Level 5:colcon.colcon_core.verb:set package 'launch_test' build argument 'ament_cmake_args' from command line to 'None'
[0.368s] Level 5:colcon.colcon_core.verb:set package 'launch_test' build argument 'catkin_cmake_args' from command line to 'None'
[0.368s] Level 5:colcon.colcon_core.verb:set package 'launch_test' build argument 'catkin_skip_building_tests' from command line to 'False'
[0.368s] DEBUG:colcon.colcon_core.verb:Building package 'launch_test' with the following arguments: {'ament_cmake_args': None, 'build_base': '/home/sebas/ros_ws/build/launch_test', 'catkin_cmake_args': None, 'catkin_skip_building_tests': False, 'cmake_args': None, 'cmake_clean_cache': False, 'cmake_clean_first': False, 'cmake_force_configure': False, 'cmake_target': None, 'cmake_target_skip_unavailable': False, 'install_base': '/home/sebas/ros_ws/install/launch_test', 'merge_install': False, 'path': '/home/sebas/ros_ws/src/testing/launch_test', 'symlink_install': False, 'test_result_base': None}
[0.368s] INFO:colcon.colcon_core.executor:Executing jobs using 'parallel' executor
[0.369s] DEBUG:colcon.colcon_parallel_executor.executor.parallel:run_until_complete
[0.370s] INFO:colcon.colcon_ros.task.ament_cmake.build:Building ROS package in '/home/sebas/ros_ws/src/interfaces' with build type 'ament_cmake'
[0.370s] INFO:colcon.colcon_cmake.task.cmake.build:Building CMake package in '/home/sebas/ros_ws/src/interfaces'
[0.372s] INFO:colcon.colcon_core.plugin_system:Skipping extension 'colcon_core.shell.bat': Not used on non-Windows systems
[0.372s] INFO:colcon.colcon_core.shell:Skip shell extension 'powershell' for command environment: Not usable outside of PowerShell
[0.372s] DEBUG:colcon.colcon_core.shell:Skip shell extension 'dsv' for command environment
[0.375s] INFO:colcon.colcon_ros.task.ament_python.build:Building ROS package in '/home/sebas/ros_ws/src/Navigation/gps_distance' with build type 'ament_python'
[0.375s] Level 1:colcon.colcon_core.shell:create_environment_hook('gps_distance', 'ament_prefix_path')
[0.375s] INFO:colcon.colcon_core.shell:Creating environment hook '/home/sebas/ros_ws/install/gps_distance/share/gps_distance/hook/ament_prefix_path.ps1'
[0.376s] INFO:colcon.colcon_core.shell:Creating environment descriptor '/home/sebas/ros_ws/install/gps_distance/share/gps_distance/hook/ament_prefix_path.dsv'
[0.376s] INFO:colcon.colcon_core.shell:Creating environment hook '/home/sebas/ros_ws/install/gps_distance/share/gps_distance/hook/ament_prefix_path.sh'
[0.377s] INFO:colcon.colcon_core.shell:Skip shell extension 'powershell' for command environment: Not usable outside of PowerShell
[0.377s] DEBUG:colcon.colcon_core.shell:Skip shell extension 'dsv' for command environment
[0.387s] DEBUG:colcon.colcon_core.event_handler.log_command:Invoking command in '/home/sebas/ros_ws/build/interfaces': CMAKE_PREFIX_PATH=/home/sebas/ros2_ws/install/my_robot_controller:/opt/ros/humble /usr/bin/cmake --build /home/sebas/ros_ws/build/interfaces -- -j4 -l4
[0.749s] INFO:colcon.colcon_core.task.python.build:Building Python package in '/home/sebas/ros_ws/src/Navigation/gps_distance'
[0.749s] INFO:colcon.colcon_core.shell:Skip shell extension 'powershell' for command environment: Not usable outside of PowerShell
[0.749s] DEBUG:colcon.colcon_core.shell:Skip shell extension 'dsv' for command environment
[0.851s] DEBUG:colcon.colcon_core.event_handler.log_command:Invoked command in '/home/sebas/ros_ws/build/interfaces' returned '0': CMAKE_PREFIX_PATH=/home/sebas/ros2_ws/install/my_robot_controller:/opt/ros/humble /usr/bin/cmake --build /home/sebas/ros_ws/build/interfaces -- -j4 -l4
[0.922s] DEBUG:colcon.colcon_core.event_handler.log_command:Invoking command in '/home/sebas/ros_ws/build/interfaces': CMAKE_PREFIX_PATH=/home/sebas/ros2_ws/install/my_robot_controller:/opt/ros/humble /usr/bin/cmake --install /home/sebas/ros_ws/build/interfaces
[0.986s] Level 1:colcon.colcon_core.environment:create_environment_scripts_only(interfaces)
[0.987s] DEBUG:colcon.colcon_core.event_handler.log_command:Invoked command in '/home/sebas/ros_ws/build/interfaces' returned '0': CMAKE_PREFIX_PATH=/home/sebas/ros2_ws/install/my_robot_controller:/opt/ros/humble /usr/bin/cmake --install /home/sebas/ros_ws/build/interfaces
[0.990s] Level 1:colcon.colcon_core.environment:checking '/home/sebas/ros_ws/install/interfaces' for CMake module files
[0.991s] Level 1:colcon.colcon_core.environment:checking '/home/sebas/ros_ws/install/interfaces' for CMake config files
[0.991s] Level 1:colcon.colcon_core.shell:create_environment_hook('interfaces', 'cmake_prefix_path')
[0.992s] INFO:colcon.colcon_core.shell:Creating environment hook '/home/sebas/ros_ws/install/interfaces/share/interfaces/hook/cmake_prefix_path.ps1'
[0.992s] INFO:colcon.colcon_core.shell:Creating environment descriptor '/home/sebas/ros_ws/install/interfaces/share/interfaces/hook/cmake_prefix_path.dsv'
[0.993s] INFO:colcon.colcon_core.shell:Creating environment hook '/home/sebas/ros_ws/install/interfaces/share/interfaces/hook/cmake_prefix_path.sh'
[0.994s] Level 1:colcon.colcon_core.environment:checking '/home/sebas/ros_ws/install/interfaces/lib'
[0.994s] Level 1:colcon.colcon_core.shell:create_environment_hook('interfaces', 'ld_library_path_lib')
[0.994s] INFO:colcon.colcon_core.shell:Creating environment hook '/home/sebas/ros_ws/install/interfaces/share/interfaces/hook/ld_library_path_lib.ps1'
[0.995s] INFO:colcon.colcon_core.shell:Creating environment descriptor '/home/sebas/ros_ws/install/interfaces/share/interfaces/hook/ld_library_path_lib.dsv'
[0.995s] INFO:colcon.colcon_core.shell:Creating environment hook '/home/sebas/ros_ws/install/interfaces/share/interfaces/hook/ld_library_path_lib.sh'
[0.996s] Level 1:colcon.colcon_core.environment:checking '/home/sebas/ros_ws/install/interfaces/bin'
[0.996s] Level 1:colcon.colcon_core.environment:checking '/home/sebas/ros_ws/install/interfaces/lib/pkgconfig/interfaces.pc'
[0.997s] Level 1:colcon.colcon_core.environment:checking '/home/sebas/ros_ws/install/interfaces/lib/python3.10/site-packages'
[0.997s] Level 1:colcon.colcon_core.environment:checking '/home/sebas/ros_ws/install/interfaces/bin'
[0.997s] INFO:colcon.colcon_core.shell:Creating package script '/home/sebas/ros_ws/install/interfaces/share/interfaces/package.ps1'
[0.999s] INFO:colcon.colcon_core.shell:Creating package descriptor '/home/sebas/ros_ws/install/interfaces/share/interfaces/package.dsv'
[1.000s] INFO:colcon.colcon_core.shell:Creating package script '/home/sebas/ros_ws/install/interfaces/share/interfaces/package.sh'
[1.001s] INFO:colcon.colcon_core.shell:Creating package script '/home/sebas/ros_ws/install/interfaces/share/interfaces/package.bash'
[1.002s] INFO:colcon.colcon_core.shell:Creating package script '/home/sebas/ros_ws/install/interfaces/share/interfaces/package.zsh'
[1.003s] Level 1:colcon.colcon_core.environment:create_file_with_runtime_dependencies(/home/sebas/ros_ws/install/interfaces/share/colcon-core/packages/interfaces)
[1.064s] Level 1:colcon.colcon_core.environment:create_environment_scripts_only(interfaces)
[1.064s] Level 1:colcon.colcon_core.environment:checking '/home/sebas/ros_ws/install/interfaces' for CMake module files
[1.065s] Level 1:colcon.colcon_core.environment:checking '/home/sebas/ros_ws/install/interfaces' for CMake config files
[1.065s] Level 1:colcon.colcon_core.shell:create_environment_hook('interfaces', 'cmake_prefix_path')
[1.066s] INFO:colcon.colcon_core.shell:Creating environment hook '/home/sebas/ros_ws/install/interfaces/share/interfaces/hook/cmake_prefix_path.ps1'
[1.066s] INFO:colcon.colcon_core.shell:Creating environment descriptor '/home/sebas/ros_ws/install/interfaces/share/interfaces/hook/cmake_prefix_path.dsv'
[1.067s] INFO:colcon.colcon_core.shell:Creating environment hook '/home/sebas/ros_ws/install/interfaces/share/interfaces/hook/cmake_prefix_path.sh'
[1.067s] Level 1:colcon.colcon_core.environment:checking '/home/sebas/ros_ws/install/interfaces/lib'
[1.068s] Level 1:colcon.colcon_core.shell:create_environment_hook('interfaces', 'ld_library_path_lib')
[1.068s] INFO:colcon.colcon_core.shell:Creating environment hook '/home/sebas/ros_ws/install/interfaces/share/interfaces/hook/ld_library_path_lib.ps1'
[1.068s] INFO:colcon.colcon_core.shell:Creating environment descriptor '/home/sebas/ros_ws/install/interfaces/share/interfaces/hook/ld_library_path_lib.dsv'
[1.069s] INFO:colcon.colcon_core.shell:Creating environment hook '/home/sebas/ros_ws/install/interfaces/share/interfaces/hook/ld_library_path_lib.sh'
[1.069s] Level 1:colcon.colcon_core.environment:checking '/home/sebas/ros_ws/install/interfaces/bin'
[1.069s] Level 1:colcon.colcon_core.environment:checking '/home/sebas/ros_ws/install/interfaces/lib/pkgconfig/interfaces.pc'
[1.070s] Level 1:colcon.colcon_core.environment:checking '/home/sebas/ros_ws/install/interfaces/lib/python3.10/site-packages'
[1.070s] Level 1:colcon.colcon_core.environment:checking '/home/sebas/ros_ws/install/interfaces/bin'
[1.071s] INFO:colcon.colcon_core.shell:Creating package script '/home/sebas/ros_ws/install/interfaces/share/interfaces/package.ps1'
[1.071s] INFO:colcon.colcon_core.shell:Creating package descriptor '/home/sebas/ros_ws/install/interfaces/share/interfaces/package.dsv'
[1.072s] INFO:colcon.colcon_core.shell:Creating package script '/home/sebas/ros_ws/install/interfaces/share/interfaces/package.sh'
[1.073s] INFO:colcon.colcon_core.shell:Creating package script '/home/sebas/ros_ws/install/interfaces/share/interfaces/package.bash'
[1.074s] INFO:colcon.colcon_core.shell:Creating package script '/home/sebas/ros_ws/install/interfaces/share/interfaces/package.zsh'
[1.074s] Level 1:colcon.colcon_core.environment:create_file_with_runtime_dependencies(/home/sebas/ros_ws/install/interfaces/share/colcon-core/packages/interfaces)
[1.075s] INFO:colcon.colcon_ros.task.ament_python.build:Building ROS package in '/home/sebas/ros_ws/src/testing/test_gps' with build type 'ament_python'
[1.075s] Level 1:colcon.colcon_core.shell:create_environment_hook('test_gps', 'ament_prefix_path')
[1.075s] INFO:colcon.colcon_core.shell:Creating environment hook '/home/sebas/ros_ws/install/test_gps/share/test_gps/hook/ament_prefix_path.ps1'
[1.076s] INFO:colcon.colcon_core.shell:Creating environment descriptor '/home/sebas/ros_ws/install/test_gps/share/test_gps/hook/ament_prefix_path.dsv'
[1.077s] INFO:colcon.colcon_core.shell:Creating environment hook '/home/sebas/ros_ws/install/test_gps/share/test_gps/hook/ament_prefix_path.sh'
[1.078s] INFO:colcon.colcon_core.shell:Skip shell extension 'powershell' for command environment: Not usable outside of PowerShell
[1.078s] DEBUG:colcon.colcon_core.shell:Skip shell extension 'dsv' for command environment
[1.342s] INFO:colcon.colcon_core.task.python.build:Building Python package in '/home/sebas/ros_ws/src/testing/test_gps'
[1.342s] INFO:colcon.colcon_core.shell:Skip shell extension 'powershell' for command environment: Not usable outside of PowerShell
[1.342s] DEBUG:colcon.colcon_core.shell:Skip shell extension 'dsv' for command environment
[1.348s] DEBUG:colcon.colcon_core.event_handler.log_command:Invoking command in '/home/sebas/ros_ws/src/Navigation/gps_distance': PYTHONPATH=/home/sebas/ros_ws/build/gps_distance/prefix_override:/usr/lib/python3/dist-packages/colcon_core/task/python/colcon_distutils_commands:/home/sebas/ros_ws/install/gps_distance/lib/python3.10/site-packages:${PYTHONPATH} /usr/bin/python3 -W ignore:setup.py install is deprecated setup.py egg_info --egg-base ../../../build/gps_distance build --build-base /home/sebas/ros_ws/build/gps_distance/build install --record /home/sebas/ros_ws/build/gps_distance/install.log --single-version-externally-managed install_data
[1.643s] Level 1:colcon.colcon_core.environment:checking '/home/sebas/ros_ws/install/gps_distance' for CMake module files
[1.644s] DEBUG:colcon.colcon_core.event_handler.log_command:Invoked command in '/home/sebas/ros_ws/src/Navigation/gps_distance' returned '0': PYTHONPATH=/home/sebas/ros_ws/build/gps_distance/prefix_override:/usr/lib/python3/dist-packages/colcon_core/task/python/colcon_distutils_commands:/home/sebas/ros_ws/install/gps_distance/lib/python3.10/site-packages:${PYTHONPATH} /usr/bin/python3 -W ignore:setup.py install is deprecated setup.py egg_info --egg-base ../../../build/gps_distance build --build-base /home/sebas/ros_ws/build/gps_distance/build install --record /home/sebas/ros_ws/build/gps_distance/install.log --single-version-externally-managed install_data
[1.644s] Level 1:colcon.colcon_core.environment:checking '/home/sebas/ros_ws/install/gps_distance' for CMake config files
[1.644s] Level 1:colcon.colcon_core.environment:checking '/home/sebas/ros_ws/install/gps_distance/lib'
[1.644s] Level 1:colcon.colcon_core.environment:checking '/home/sebas/ros_ws/install/gps_distance/bin'
[1.645s] Level 1:colcon.colcon_core.environment:checking '/home/sebas/ros_ws/install/gps_distance/lib/pkgconfig/gps_distance.pc'
[1.645s] Level 1:colcon.colcon_core.environment:checking '/home/sebas/ros_ws/install/gps_distance/lib/python3.10/site-packages'
[1.645s] Level 1:colcon.colcon_core.shell:create_environment_hook('gps_distance', 'pythonpath')
[1.645s] INFO:colcon.colcon_core.shell:Creating environment hook '/home/sebas/ros_ws/install/gps_distance/share/gps_distance/hook/pythonpath.ps1'
[1.645s] INFO:colcon.colcon_core.shell:Creating environment descriptor '/home/sebas/ros_ws/install/gps_distance/share/gps_distance/hook/pythonpath.dsv'
[1.646s] INFO:colcon.colcon_core.shell:Creating environment hook '/home/sebas/ros_ws/install/gps_distance/share/gps_distance/hook/pythonpath.sh'
[1.646s] Level 1:colcon.colcon_core.environment:checking '/home/sebas/ros_ws/install/gps_distance/bin'
[1.646s] Level 1:colcon.colcon_core.environment:create_environment_scripts_only(gps_distance)
[1.647s] INFO:colcon.colcon_core.shell:Creating package script '/home/sebas/ros_ws/install/gps_distance/share/gps_distance/package.ps1'
[1.647s] INFO:colcon.colcon_core.shell:Creating package descriptor '/home/sebas/ros_ws/install/gps_distance/share/gps_distance/package.dsv'
[1.647s] INFO:colcon.colcon_core.shell:Creating package script '/home/sebas/ros_ws/install/gps_distance/share/gps_distance/package.sh'
[1.648s] INFO:colcon.colcon_core.shell:Creating package script '/home/sebas/ros_ws/install/gps_distance/share/gps_distance/package.bash'
[1.648s] INFO:colcon.colcon_core.shell:Creating package script '/home/sebas/ros_ws/install/gps_distance/share/gps_distance/package.zsh'
[1.648s] Level 1:colcon.colcon_core.environment:create_file_with_runtime_dependencies(/home/sebas/ros_ws/install/gps_distance/share/colcon-core/packages/gps_distance)
[1.649s] INFO:colcon.colcon_ros.task.ament_cmake.build:Building ROS package in '/home/sebas/ros_ws/src/Navigation/launch_nav' with build type 'ament_cmake'
[1.649s] INFO:colcon.colcon_cmake.task.cmake.build:Building CMake package in '/home/sebas/ros_ws/src/Navigation/launch_nav'
[1.649s] INFO:colcon.colcon_core.shell:Skip shell extension 'powershell' for command environment: Not usable outside of PowerShell
[1.649s] DEBUG:colcon.colcon_core.shell:Skip shell extension 'dsv' for command environment
[1.659s] DEBUG:colcon.colcon_core.event_handler.log_command:Invoking command in '/home/sebas/ros_ws/build/launch_nav': AMENT_PREFIX_PATH=/home/sebas/ros_ws/install/gps_distance:${AMENT_PREFIX_PATH} CMAKE_PREFIX_PATH=/home/sebas/ros2_ws/install/my_robot_controller:/opt/ros/humble PYTHONPATH=/home/sebas/ros_ws/install/gps_distance/lib/python3.10/site-packages:${PYTHONPATH} /usr/bin/cmake --build /home/sebas/ros_ws/build/launch_nav -- -j4 -l4
[1.694s] DEBUG:colcon.colcon_core.event_handler.log_command:Invoking command in '/home/sebas/ros_ws/src/testing/test_gps': AMENT_PREFIX_PATH=/home/sebas/ros_ws/install/interfaces:${AMENT_PREFIX_PATH} CMAKE_PREFIX_PATH=/home/sebas/ros_ws/install/interfaces LD_LIBRARY_PATH=/home/sebas/ros_ws/install/interfaces/lib:${LD_LIBRARY_PATH} PYTHONPATH=/home/sebas/ros_ws/build/test_gps/prefix_override:/usr/lib/python3/dist-packages/colcon_core/task/python/colcon_distutils_commands:/home/sebas/ros_ws/install/test_gps/lib/python3.10/site-packages:/home/sebas/ros_ws/install/interfaces/local/lib/python3.10/dist-packages:${PYTHONPATH} /usr/bin/python3 -W ignore:setup.py install is deprecated setup.py egg_info --egg-base ../../../build/test_gps build --build-base /home/sebas/ros_ws/build/test_gps/build install --record /home/sebas/ros_ws/build/test_gps/install.log --single-version-externally-managed install_data
[1.702s] DEBUG:colcon.colcon_core.event_handler.log_command:Invoked command in '/home/sebas/ros_ws/build/launch_nav' returned '0': AMENT_PREFIX_PATH=/home/sebas/ros_ws/install/gps_distance:${AMENT_PREFIX_PATH} CMAKE_PREFIX_PATH=/home/sebas/ros2_ws/install/my_robot_controller:/opt/ros/humble PYTHONPATH=/home/sebas/ros_ws/install/gps_distance/lib/python3.10/site-packages:${PYTHONPATH} /usr/bin/cmake --build /home/sebas/ros_ws/build/launch_nav -- -j4 -l4
[1.726s] DEBUG:colcon.colcon_core.event_handler.log_command:Invoking command in '/home/sebas/ros_ws/build/launch_nav': AMENT_PREFIX_PATH=/home/sebas/ros_ws/install/gps_distance:${AMENT_PREFIX_PATH} CMAKE_PREFIX_PATH=/home/sebas/ros2_ws/install/my_robot_controller:/opt/ros/humble PYTHONPATH=/home/sebas/ros_ws/install/gps_distance/lib/python3.10/site-packages:${PYTHONPATH} /usr/bin/cmake --install /home/sebas/ros_ws/build/launch_nav
[1.737s] Level 1:colcon.colcon_core.environment:create_environment_scripts_only(launch_nav)
[1.738s] DEBUG:colcon.colcon_core.event_handler.log_command:Invoked command in '/home/sebas/ros_ws/build/launch_nav' returned '0': AMENT_PREFIX_PATH=/home/sebas/ros_ws/install/gps_distance:${AMENT_PREFIX_PATH} CMAKE_PREFIX_PATH=/home/sebas/ros2_ws/install/my_robot_controller:/opt/ros/humble PYTHONPATH=/home/sebas/ros_ws/install/gps_distance/lib/python3.10/site-packages:${PYTHONPATH} /usr/bin/cmake --install /home/sebas/ros_ws/build/launch_nav
[1.738s] Level 1:colcon.colcon_core.environment:checking '/home/sebas/ros_ws/install/launch_nav' for CMake module files
[1.739s] Level 1:colcon.colcon_core.environment:checking '/home/sebas/ros_ws/install/launch_nav' for CMake config files
[1.739s] Level 1:colcon.colcon_core.shell:create_environment_hook('launch_nav', 'cmake_prefix_path')
[1.740s] INFO:colcon.colcon_core.shell:Creating environment hook '/home/sebas/ros_ws/install/launch_nav/share/launch_nav/hook/cmake_prefix_path.ps1'
[1.740s] INFO:colcon.colcon_core.shell:Creating environment descriptor '/home/sebas/ros_ws/install/launch_nav/share/launch_nav/hook/cmake_prefix_path.dsv'
[1.741s] INFO:colcon.colcon_core.shell:Creating environment hook '/home/sebas/ros_ws/install/launch_nav/share/launch_nav/hook/cmake_prefix_path.sh'
[1.741s] Level 1:colcon.colcon_core.environment:checking '/home/sebas/ros_ws/install/launch_nav/bin'
[1.741s] Level 1:colcon.colcon_core.environment:checking '/home/sebas/ros_ws/install/launch_nav/lib/pkgconfig/launch_nav.pc'
[1.742s] Level 1:colcon.colcon_core.environment:checking '/home/sebas/ros_ws/install/launch_nav/lib/python3.10/site-packages'
[1.742s] Level 1:colcon.colcon_core.environment:checking '/home/sebas/ros_ws/install/launch_nav/bin'
[1.743s] INFO:colcon.colcon_core.shell:Creating package script '/home/sebas/ros_ws/install/launch_nav/share/launch_nav/package.ps1'
[1.743s] INFO:colcon.colcon_core.shell:Creating package descriptor '/home/sebas/ros_ws/install/launch_nav/share/launch_nav/package.dsv'
[1.744s] INFO:colcon.colcon_core.shell:Creating package script '/home/sebas/ros_ws/install/launch_nav/share/launch_nav/package.sh'
[1.745s] INFO:colcon.colcon_core.shell:Creating package script '/home/sebas/ros_ws/install/launch_nav/share/launch_nav/package.bash'
[1.745s] INFO:colcon.colcon_core.shell:Creating package script '/home/sebas/ros_ws/install/launch_nav/share/launch_nav/package.zsh'
[1.746s] Level 1:colcon.colcon_core.environment:create_file_with_runtime_dependencies(/home/sebas/ros_ws/install/launch_nav/share/colcon-core/packages/launch_nav)
[1.772s] Level 1:colcon.colcon_core.environment:create_environment_scripts_only(launch_nav)
[1.772s] Level 1:colcon.colcon_core.environment:checking '/home/sebas/ros_ws/install/launch_nav' for CMake module files
[1.773s] Level 1:colcon.colcon_core.environment:checking '/home/sebas/ros_ws/install/launch_nav' for CMake config files
[1.773s] Level 1:colcon.colcon_core.shell:create_environment_hook('launch_nav', 'cmake_prefix_path')
[1.773s] INFO:colcon.colcon_core.shell:Creating environment hook '/home/sebas/ros_ws/install/launch_nav/share/launch_nav/hook/cmake_prefix_path.ps1'
[1.774s] INFO:colcon.colcon_core.shell:Creating environment descriptor '/home/sebas/ros_ws/install/launch_nav/share/launch_nav/hook/cmake_prefix_path.dsv'
[1.775s] INFO:colcon.colcon_core.shell:Creating environment hook '/home/sebas/ros_ws/install/launch_nav/share/launch_nav/hook/cmake_prefix_path.sh'
[1.775s] Level 1:colcon.colcon_core.environment:checking '/home/sebas/ros_ws/install/launch_nav/bin'
[1.775s] Level 1:colcon.colcon_core.environment:checking '/home/sebas/ros_ws/install/launch_nav/lib/pkgconfig/launch_nav.pc'
[1.775s] Level 1:colcon.colcon_core.environment:checking '/home/sebas/ros_ws/install/launch_nav/lib/python3.10/site-packages'
[1.776s] Level 1:colcon.colcon_core.environment:checking '/home/sebas/ros_ws/install/launch_nav/bin'
[1.776s] INFO:colcon.colcon_core.shell:Creating package script '/home/sebas/ros_ws/install/launch_nav/share/launch_nav/package.ps1'
[1.776s] INFO:colcon.colcon_core.shell:Creating package descriptor '/home/sebas/ros_ws/install/launch_nav/share/launch_nav/package.dsv'
[1.777s] INFO:colcon.colcon_core.shell:Creating package script '/home/sebas/ros_ws/install/launch_nav/share/launch_nav/package.sh'
[1.777s] INFO:colcon.colcon_core.shell:Creating package script '/home/sebas/ros_ws/install/launch_nav/share/launch_nav/package.bash'
[1.777s] INFO:colcon.colcon_core.shell:Creating package script '/home/sebas/ros_ws/install/launch_nav/share/launch_nav/package.zsh'
[1.778s] Level 1:colcon.colcon_core.environment:create_file_with_runtime_dependencies(/home/sebas/ros_ws/install/launch_nav/share/colcon-core/packages/launch_nav)
[1.997s] Level 1:colcon.colcon_core.environment:checking '/home/sebas/ros_ws/install/test_gps' for CMake module files
[1.998s] DEBUG:colcon.colcon_core.event_handler.log_command:Invoked command in '/home/sebas/ros_ws/src/testing/test_gps' returned '0': AMENT_PREFIX_PATH=/home/sebas/ros_ws/install/interfaces:${AMENT_PREFIX_PATH} CMAKE_PREFIX_PATH=/home/sebas/ros_ws/install/interfaces LD_LIBRARY_PATH=/home/sebas/ros_ws/install/interfaces/lib:${LD_LIBRARY_PATH} PYTHONPATH=/home/sebas/ros_ws/build/test_gps/prefix_override:/usr/lib/python3/dist-packages/colcon_core/task/python/colcon_distutils_commands:/home/sebas/ros_ws/install/test_gps/lib/python3.10/site-packages:/home/sebas/ros_ws/install/interfaces/local/lib/python3.10/dist-packages:${PYTHONPATH} /usr/bin/python3 -W ignore:setup.py install is deprecated setup.py egg_info --egg-base ../../../build/test_gps build --build-base /home/sebas/ros_ws/build/test_gps/build install --record /home/sebas/ros_ws/build/test_gps/install.log --single-version-externally-managed install_data
[1.998s] Level 1:colcon.colcon_core.environment:checking '/home/sebas/ros_ws/install/test_gps' for CMake config files
[1.999s] Level 1:colcon.colcon_core.environment:checking '/home/sebas/ros_ws/install/test_gps/lib'
[1.999s] Level 1:colcon.colcon_core.environment:checking '/home/sebas/ros_ws/install/test_gps/bin'
[1.999s] Level 1:colcon.colcon_core.environment:checking '/home/sebas/ros_ws/install/test_gps/lib/pkgconfig/test_gps.pc'
[1.999s] Level 1:colcon.colcon_core.environment:checking '/home/sebas/ros_ws/install/test_gps/lib/python3.10/site-packages'
[2.000s] Level 1:colcon.colcon_core.shell:create_environment_hook('test_gps', 'pythonpath')
[2.000s] INFO:colcon.colcon_core.shell:Creating environment hook '/home/sebas/ros_ws/install/test_gps/share/test_gps/hook/pythonpath.ps1'
[2.000s] INFO:colcon.colcon_core.shell:Creating environment descriptor '/home/sebas/ros_ws/install/test_gps/share/test_gps/hook/pythonpath.dsv'
[2.001s] INFO:colcon.colcon_core.shell:Creating environment hook '/home/sebas/ros_ws/install/test_gps/share/test_gps/hook/pythonpath.sh'
[2.002s] Level 1:colcon.colcon_core.environment:checking '/home/sebas/ros_ws/install/test_gps/bin'
[2.002s] Level 1:colcon.colcon_core.environment:create_environment_scripts_only(test_gps)
[2.002s] INFO:colcon.colcon_core.shell:Creating package script '/home/sebas/ros_ws/install/test_gps/share/test_gps/package.ps1'
[2.002s] INFO:colcon.colcon_core.shell:Creating package descriptor '/home/sebas/ros_ws/install/test_gps/share/test_gps/package.dsv'
[2.003s] INFO:colcon.colcon_core.shell:Creating package script '/home/sebas/ros_ws/install/test_gps/share/test_gps/package.sh'
[2.003s] INFO:colcon.colcon_core.shell:Creating package script '/home/sebas/ros_ws/install/test_gps/share/test_gps/package.bash'
[2.003s] INFO:colcon.colcon_core.shell:Creating package script '/home/sebas/ros_ws/install/test_gps/share/test_gps/package.zsh'
[2.004s] Level 1:colcon.colcon_core.environment:create_file_with_runtime_dependencies(/home/sebas/ros_ws/install/test_gps/share/colcon-core/packages/test_gps)
[2.004s] INFO:colcon.colcon_ros.task.ament_cmake.build:Building ROS package in '/home/sebas/ros_ws/src/testing/launch_test' with build type 'ament_cmake'
[2.004s] INFO:colcon.colcon_cmake.task.cmake.build:Building CMake package in '/home/sebas/ros_ws/src/testing/launch_test'
[2.005s] INFO:colcon.colcon_core.shell:Skip shell extension 'powershell' for command environment: Not usable outside of PowerShell
[2.005s] DEBUG:colcon.colcon_core.shell:Skip shell extension 'dsv' for command environment
[2.016s] DEBUG:colcon.colcon_core.event_handler.log_command:Invoking command in '/home/sebas/ros_ws/build/launch_test': AMENT_PREFIX_PATH=/home/sebas/ros_ws/install/test_gps:/home/sebas/ros_ws/install/interfaces:${AMENT_PREFIX_PATH} CMAKE_PREFIX_PATH=/home/sebas/ros_ws/install/interfaces:/home/sebas/ros2_ws/install/my_robot_controller:/opt/ros/humble LD_LIBRARY_PATH=/home/sebas/ros_ws/install/interfaces/lib:${LD_LIBRARY_PATH} PYTHONPATH=/home/sebas/ros_ws/install/test_gps/lib/python3.10/site-packages:/home/sebas/ros_ws/install/interfaces/local/lib/python3.10/dist-packages:${PYTHONPATH} /usr/bin/cmake --build /home/sebas/ros_ws/build/launch_test -- -j4 -l4
[2.056s] DEBUG:colcon.colcon_core.event_handler.log_command:Invoked command in '/home/sebas/ros_ws/build/launch_test' returned '0': AMENT_PREFIX_PATH=/home/sebas/ros_ws/install/test_gps:/home/sebas/ros_ws/install/interfaces:${AMENT_PREFIX_PATH} CMAKE_PREFIX_PATH=/home/sebas/ros_ws/install/interfaces:/home/sebas/ros2_ws/install/my_robot_controller:/opt/ros/humble LD_LIBRARY_PATH=/home/sebas/ros_ws/install/interfaces/lib:${LD_LIBRARY_PATH} PYTHONPATH=/home/sebas/ros_ws/install/test_gps/lib/python3.10/site-packages:/home/sebas/ros_ws/install/interfaces/local/lib/python3.10/dist-packages:${PYTHONPATH} /usr/bin/cmake --build /home/sebas/ros_ws/build/launch_test -- -j4 -l4
[2.078s] DEBUG:colcon.colcon_core.event_handler.log_command:Invoking command in '/home/sebas/ros_ws/build/launch_test': AMENT_PREFIX_PATH=/home/sebas/ros_ws/install/test_gps:/home/sebas/ros_ws/install/interfaces:${AMENT_PREFIX_PATH} CMAKE_PREFIX_PATH=/home/sebas/ros_ws/install/interfaces:/home/sebas/ros2_ws/install/my_robot_controller:/opt/ros/humble LD_LIBRARY_PATH=/home/sebas/ros_ws/install/interfaces/lib:${LD_LIBRARY_PATH} PYTHONPATH=/home/sebas/ros_ws/install/test_gps/lib/python3.10/site-packages:/home/sebas/ros_ws/install/interfaces/local/lib/python3.10/dist-packages:${PYTHONPATH} /usr/bin/cmake --install /home/sebas/ros_ws/build/launch_test
[2.089s] Level 1:colcon.colcon_core.environment:create_environment_scripts_only(launch_test)
[2.089s] Level 1:colcon.colcon_core.environment:checking '/home/sebas/ros_ws/install/launch_test' for CMake module files
[2.090s] DEBUG:colcon.colcon_core.event_handler.log_command:Invoked command in '/home/sebas/ros_ws/build/launch_test' returned '0': AMENT_PREFIX_PATH=/home/sebas/ros_ws/install/test_gps:/home/sebas/ros_ws/install/interfaces:${AMENT_PREFIX_PATH} CMAKE_PREFIX_PATH=/home/sebas/ros_ws/install/interfaces:/home/sebas/ros2_ws/install/my_robot_controller:/opt/ros/humble LD_LIBRARY_PATH=/home/sebas/ros_ws/install/interfaces/lib:${LD_LIBRARY_PATH} PYTHONPATH=/home/sebas/ros_ws/install/test_gps/lib/python3.10/site-packages:/home/sebas/ros_ws/install/interfaces/local/lib/python3.10/dist-packages:${PYTHONPATH} /usr/bin/cmake --install /home/sebas/ros_ws/build/launch_test
[2.090s] Level 1:colcon.colcon_core.environment:checking '/home/sebas/ros_ws/install/launch_test' for CMake config files
[2.090s] Level 1:colcon.colcon_core.shell:create_environment_hook('launch_test', 'cmake_prefix_path')
[2.091s] INFO:colcon.colcon_core.shell:Creating environment hook '/home/sebas/ros_ws/install/launch_test/share/launch_test/hook/cmake_prefix_path.ps1'
[2.091s] INFO:colcon.colcon_core.shell:Creating environment descriptor '/home/sebas/ros_ws/install/launch_test/share/launch_test/hook/cmake_prefix_path.dsv'
[2.091s] INFO:colcon.colcon_core.shell:Creating environment hook '/home/sebas/ros_ws/install/launch_test/share/launch_test/hook/cmake_prefix_path.sh'
[2.092s] Level 1:colcon.colcon_core.environment:checking '/home/sebas/ros_ws/install/launch_test/bin'
[2.092s] Level 1:colcon.colcon_core.environment:checking '/home/sebas/ros_ws/install/launch_test/lib/pkgconfig/launch_test.pc'
[2.092s] Level 1:colcon.colcon_core.environment:checking '/home/sebas/ros_ws/install/launch_test/lib/python3.10/site-packages'
[2.092s] Level 1:colcon.colcon_core.environment:checking '/home/sebas/ros_ws/install/launch_test/bin'
[2.093s] INFO:colcon.colcon_core.shell:Creating package script '/home/sebas/ros_ws/install/launch_test/share/launch_test/package.ps1'
[2.093s] INFO:colcon.colcon_core.shell:Creating package descriptor '/home/sebas/ros_ws/install/launch_test/share/launch_test/package.dsv'
[2.093s] INFO:colcon.colcon_core.shell:Creating package script '/home/sebas/ros_ws/install/launch_test/share/launch_test/package.sh'
[2.094s] INFO:colcon.colcon_core.shell:Creating package script '/home/sebas/ros_ws/install/launch_test/share/launch_test/package.bash'
[2.094s] INFO:colcon.colcon_core.shell:Creating package script '/home/sebas/ros_ws/install/launch_test/share/launch_test/package.zsh'
[2.094s] Level 1:colcon.colcon_core.environment:create_file_with_runtime_dependencies(/home/sebas/ros_ws/install/launch_test/share/colcon-core/packages/launch_test)
[2.117s] Level 1:colcon.colcon_core.environment:create_environment_scripts_only(launch_test)
[2.117s] Level 1:colcon.colcon_core.environment:checking '/home/sebas/ros_ws/install/launch_test' for CMake module files
[2.117s] Level 1:colcon.colcon_core.environment:checking '/home/sebas/ros_ws/install/launch_test' for CMake config files
[2.118s] Level 1:colcon.colcon_core.shell:create_environment_hook('launch_test', 'cmake_prefix_path')
[2.118s] INFO:colcon.colcon_core.shell:Creating environment hook '/home/sebas/ros_ws/install/launch_test/share/launch_test/hook/cmake_prefix_path.ps1'
[2.118s] INFO:colcon.colcon_core.shell:Creating environment descriptor '/home/sebas/ros_ws/install/launch_test/share/launch_test/hook/cmake_prefix_path.dsv'
[2.119s] INFO:colcon.colcon_core.shell:Creating environment hook '/home/sebas/ros_ws/install/launch_test/share/launch_test/hook/cmake_prefix_path.sh'
[2.119s] Level 1:colcon.colcon_core.environment:checking '/home/sebas/ros_ws/install/launch_test/bin'
[2.119s] Level 1:colcon.colcon_core.environment:checking '/home/sebas/ros_ws/install/launch_test/lib/pkgconfig/launch_test.pc'
[2.119s] Level 1:colcon.colcon_core.environment:checking '/home/sebas/ros_ws/install/launch_test/lib/python3.10/site-packages'
[2.120s] Level 1:colcon.colcon_core.environment:checking '/home/sebas/ros_ws/install/launch_test/bin'
[2.120s] INFO:colcon.colcon_core.shell:Creating package script '/home/sebas/ros_ws/install/launch_test/share/launch_test/package.ps1'
[2.120s] INFO:colcon.colcon_core.shell:Creating package descriptor '/home/sebas/ros_ws/install/launch_test/share/launch_test/package.dsv'
[2.121s] INFO:colcon.colcon_core.shell:Creating package script '/home/sebas/ros_ws/install/launch_test/share/launch_test/package.sh'
[2.121s] INFO:colcon.colcon_core.shell:Creating package script '/home/sebas/ros_ws/install/launch_test/share/launch_test/package.bash'
[2.122s] INFO:colcon.colcon_core.shell:Creating package script '/home/sebas/ros_ws/install/launch_test/share/launch_test/package.zsh'
[2.122s] Level 1:colcon.colcon_core.environment:create_file_with_runtime_dependencies(/home/sebas/ros_ws/install/launch_test/share/colcon-core/packages/launch_test)
[2.122s] DEBUG:colcon.colcon_parallel_executor.executor.parallel:closing loop
[2.123s] DEBUG:colcon.colcon_parallel_executor.executor.parallel:loop closed
[2.123s] DEBUG:colcon.colcon_parallel_executor.executor.parallel:run_until_complete finished with '0'
[2.123s] DEBUG:colcon.colcon_core.event_reactor:joining thread
[2.128s] INFO:colcon.colcon_core.plugin_system:Skipping extension 'colcon_notification.desktop_notification.terminal_notifier': Not used on non-Darwin systems
[2.128s] INFO:colcon.colcon_core.plugin_system:Skipping extension 'colcon_notification.desktop_notification.win32': Not used on non-Windows systems
[2.128s] INFO:colcon.colcon_notification.desktop_notification:Sending desktop notification using 'notify2'
[2.140s] DEBUG:colcon.colcon_core.event_reactor:joined thread
[2.141s] INFO:colcon.colcon_core.shell:Creating prefix script '/home/sebas/ros_ws/install/local_setup.ps1'
[2.141s] INFO:colcon.colcon_core.shell:Creating prefix util module '/home/sebas/ros_ws/install/_local_setup_util_ps1.py'
[2.143s] INFO:colcon.colcon_core.shell:Creating prefix chain script '/home/sebas/ros_ws/install/setup.ps1'
[2.144s] INFO:colcon.colcon_core.shell:Creating prefix script '/home/sebas/ros_ws/install/local_setup.sh'
[2.144s] INFO:colcon.colcon_core.shell:Creating prefix util module '/home/sebas/ros_ws/install/_local_setup_util_sh.py'
[2.145s] INFO:colcon.colcon_core.shell:Creating prefix chain script '/home/sebas/ros_ws/install/setup.sh'
[2.145s] INFO:colcon.colcon_core.shell:Creating prefix script '/home/sebas/ros_ws/install/local_setup.bash'
[2.146s] INFO:colcon.colcon_core.shell:Creating prefix chain script '/home/sebas/ros_ws/install/setup.bash'
[2.147s] INFO:colcon.colcon_core.shell:Creating prefix script '/home/sebas/ros_ws/install/local_setup.zsh'
[2.147s] INFO:colcon.colcon_core.shell:Creating prefix chain script '/home/sebas/ros_ws/install/setup.zsh'
