[0.620s] Invoking command in '/home/sebas/ros_ws/src/Navigation/gps_distance': PYTHONPATH=/home/sebas/ros_ws/build/gps_distance/prefix_override:/usr/lib/python3/dist-packages/colcon_core/task/python/colcon_distutils_commands:/home/sebas/ros_ws/install/gps_distance/lib/python3.10/site-packages:${PYTHONPATH} /usr/bin/python3 -W ignore:setup.py install is deprecated setup.py egg_info --egg-base ../../../build/gps_distance build --build-base /home/sebas/ros_ws/build/gps_distance/build install --record /home/sebas/ros_ws/build/gps_distance/install.log --single-version-externally-managed install_data
[0.880s] running egg_info
[0.881s] writing ../../../build/gps_distance/gps_distance.egg-info/PKG-INFO
[0.881s] writing dependency_links to ../../../build/gps_distance/gps_distance.egg-info/dependency_links.txt
[0.882s] writing entry points to ../../../build/gps_distance/gps_distance.egg-info/entry_points.txt
[0.882s] writing requirements to ../../../build/gps_distance/gps_distance.egg-info/requires.txt
[0.882s] writing top-level names to ../../../build/gps_distance/gps_distance.egg-info/top_level.txt
[0.884s] reading manifest file '../../../build/gps_distance/gps_distance.egg-info/SOURCES.txt'
[0.886s] writing manifest file '../../../build/gps_distance/gps_distance.egg-info/SOURCES.txt'
[0.886s] running build
[0.886s] running build_py
[0.887s] running install
[0.887s] running install_lib
[0.889s] running install_data
[0.889s] running install_egg_info
[0.891s] removing '/home/sebas/ros_ws/install/gps_distance/lib/python3.10/site-packages/gps_distance-0.0.0-py3.10.egg-info' (and everything under it)
[0.891s] Copying ../../../build/gps_distance/gps_distance.egg-info to /home/sebas/ros_ws/install/gps_distance/lib/python3.10/site-packages/gps_distance-0.0.0-py3.10.egg-info
[0.892s] running install_scripts
[0.918s] Installing gps_distance script to /home/sebas/ros_ws/install/gps_distance/lib/gps_distance
[0.919s] writing list of installed files to '/home/sebas/ros_ws/build/gps_distance/install.log'
[0.949s] Invoked command in '/home/sebas/ros_ws/src/Navigation/gps_distance' returned '0': PYTHONPATH=/home/sebas/ros_ws/build/gps_distance/prefix_override:/usr/lib/python3/dist-packages/colcon_core/task/python/colcon_distutils_commands:/home/sebas/ros_ws/install/gps_distance/lib/python3.10/site-packages:${PYTHONPATH} /usr/bin/python3 -W ignore:setup.py install is deprecated setup.py egg_info --egg-base ../../../build/gps_distance build --build-base /home/sebas/ros_ws/build/gps_distance/build install --record /home/sebas/ros_ws/build/gps_distance/install.log --single-version-externally-managed install_data
